2026-07-01T08:24:28.761Z === Discovery run started 2026-07-01T08:24:28.761Z ===
2026-07-01T08:24:28.761Z [INFO] Discovery run date: 2026-07-01
2026-07-01T08:24:28.761Z [INFO] Using First Nations input file: data/first_nations_input.txt
2026-07-01T08:24:28.761Z [INFO] skip_municipalities=false
2026-07-01T08:24:28.920Z [INFO] Fetching municipalities seed page: https://www.amo.on.ca/about-us/municipal-101/ontario-municipalities
2026-07-01T08:24:29.399Z [INFO] Municipality candidates extracted: 443
2026-07-01T08:26:16.312Z [INFO] Municipality seed finalized: 443
2026-07-01T08:26:16.313Z [INFO] Processing municipality seeds: 443
2026-07-01T08:26:18.459Z [INFO] municipality:City of Brantford => jobs_source_type=html_list, confidence=0.8
2026-07-01T08:26:18.498Z [INFO] municipality:City of Belleville => jobs_source_type=html_list, confidence=0.8
2026-07-01T08:26:18.566Z [INFO] municipality:City of Barrie => jobs_source_type=html_list, confidence=0.8
2026-07-01T08:26:18.630Z [INFO] municipality:City of Burlington => jobs_source_type=ats_workday, confidence=1.0
2026-07-01T08:26:19.644Z [INFO] municipality:City of Cambridge => jobs_source_type=html_list, confidence=0.8
2026-07-01T08:26:19.797Z [INFO] municipality:City of Cornwall => jobs_source_type=html_list, confidence=0.8
2026-07-01T08:26:21.079Z [INFO] municipality:City of Dryden => jobs_source_type=ats_workday, confidence=1.0
2026-07-01T08:26:21.447Z [INFO] municipality:City of Chatham-Kent => jobs_source_type=html_list, confidence=0.8
2026-07-01T08:26:22.567Z [INFO] municipality:City of Brampton => jobs_source_type=html_list, confidence=0.8
2026-07-01T08:26:23.206Z [INFO] municipality:City of Elliot Lake => jobs_source_type=html_list, confidence=0.8
2026-07-01T08:26:24.694Z [INFO] municipality:City of Hamilton => jobs_source_type=html_list, confidence=0.8
2026-07-01T08:26:24.696Z [INFO] municipality:City of Kawartha Lakes => jobs_source_type=ats_taleo, confidence=1.0
2026-07-01T08:26:26.835Z [INFO] municipality:City of Kingston => jobs_source_type=html_list, confidence=0.8
2026-07-01T08:26:27.878Z [INFO] municipality:City of Kenora => jobs_source_type=ats_bamboohr, confidence=1.0
2026-07-01T08:26:28.816Z [INFO] municipality:City of Kitchener => jobs_source_type=html_list, confidence=0.8
2026-07-01T08:26:29.975Z [INFO] municipality:City of London => jobs_source_type=html_list, confidence=0.8
2026-07-01T08:26:32.083Z [INFO] municipality:City of Markham => jobs_source_type=html_list, confidence=0.8
2026-07-01T08:26:35.101Z [INFO] municipality:City of Niagara Falls => jobs_source_type=ats_workday, confidence=1.0
2026-07-01T08:26:36.203Z [INFO] municipality:City of North Bay => jobs_source_type=html_list, confidence=0.8
2026-07-01T08:26:37.343Z [INFO] municipality:City of Orillia => jobs_source_type=unknown, confidence=0.5
2026-07-01T08:26:38.703Z [INFO] municipality:City of Clarence-Rockland => jobs_source_type=html_list, confidence=0.8
2026-07-01T08:26:38.772Z [INFO] municipality:City of Oshawa => jobs_source_type=html_list, confidence=0.8
2026-07-01T08:26:41.236Z [INFO] municipality:City of Owen Sound => jobs_source_type=html_list, confidence=0.8
2026-07-01T08:26:42.391Z [INFO] municipality:City of Pembroke => jobs_source_type=html_list, confidence=0.8
2026-07-01T08:27:05.229Z [INFO] Search fallback query "site:ottawa.ca careers" yielded 20 candidates.
2026-07-01T08:27:10.545Z [INFO] municipality:City of Peterborough => jobs_source_type=html_list, confidence=0.8
2026-07-01T08:27:11.972Z [INFO] municipality:City of Pickering => jobs_source_type=html_list, confidence=0.8
2026-07-01T08:27:14.110Z [INFO] municipality:City of Port Colborne => jobs_source_type=ats_workday, confidence=1.0
2026-07-01T08:27:23.138Z [INFO] Search fallback query "site:ottawa.ca jobs" yielded 24 candidates.
2026-07-01T08:27:40.548Z [INFO] Search fallback query "site:www.quintewest.ca careers" yielded 22 candidates.
2026-07-01T08:27:45.974Z [INFO] Search fallback query "site:ottawa.ca employment opportunities" yielded 20 candidates.
2026-07-01T08:27:51.808Z [INFO] municipality:City of Ottawa => jobs_source_type=html_list, confidence=0.8
2026-07-01T08:27:57.014Z [INFO] municipality:City of Richmond Hill => jobs_source_type=html_list, confidence=0.8
2026-07-01T08:28:02.493Z [INFO] municipality:City of Mississauga => jobs_source_type=html_list, confidence=0.8
2026-07-01T08:28:21.060Z [INFO] Search fallback query "site:www.quintewest.ca jobs" yielded 7 candidates.
2026-07-01T08:28:32.399Z [INFO] municipality:City of Guelph => jobs_source_type=html_list, confidence=0.8
2026-07-01T08:28:38.372Z [INFO] Search fallback query "site:www.quintewest.ca employment opportunities" yielded 9 candidates.
2026-07-01T08:28:39.534Z [INFO] municipality:City of St Thomas => jobs_source_type=ats_dayforce, confidence=1.0
2026-07-01T08:28:40.727Z [INFO] municipality:City of St. Catharines => jobs_source_type=html_list, confidence=0.8
2026-07-01T08:28:45.875Z [INFO] municipality:City of Stratford => jobs_source_type=html_list, confidence=0.8
2026-07-01T08:28:48.011Z [INFO] municipality:City of Temiskaming Shores => jobs_source_type=html_list, confidence=0.8
2026-07-01T08:28:51.373Z [INFO] municipality:City of Thorold => jobs_source_type=html_list, confidence=0.8
2026-07-01T08:28:54.419Z [INFO] municipality:City of Thunder Bay => jobs_source_type=ats_icims, confidence=1.0
2026-07-01T08:28:57.027Z [INFO] municipality:City of Timmins => jobs_source_type=html_list, confidence=0.8
2026-07-01T08:29:29.004Z [INFO] municipality:City of Brockville => jobs_source_type=html_list, confidence=0.8
2026-07-01T08:29:40.249Z [INFO] Search fallback query "City of Quinte West ontario municipality jobs" yielded 19 candidates.
2026-07-01T08:30:01.602Z [INFO] municipality:City of Quinte West => jobs_source_type=ats_dayforce, confidence=1.0
2026-07-01T08:30:02.786Z [INFO] municipality:City of Waterloo => jobs_source_type=html_list, confidence=0.8
2026-07-01T08:30:05.201Z [INFO] municipality:City of Vaughan => jobs_source_type=manual_review, confidence=0.0
2026-07-01T08:30:06.984Z [INFO] municipality:City of Windsor => jobs_source_type=html_list, confidence=0.8
2026-07-01T08:30:13.376Z [INFO] municipality:City of Sarnia => jobs_source_type=html_list, confidence=0.8
2026-07-01T08:30:15.157Z [INFO] municipality:County of Brant => jobs_source_type=html_list, confidence=0.8
2026-07-01T08:30:19.775Z [INFO] municipality:County of Bruce => jobs_source_type=html_list, confidence=0.8
2026-07-01T08:30:35.113Z [INFO] municipality:City of Woodstock => jobs_source_type=html_list, confidence=0.8
2026-07-01T08:31:11.598Z [INFO] municipality:City of Welland => jobs_source_type=html_list, confidence=0.8
2026-07-01T08:31:12.994Z [INFO] municipality:County of Essex => jobs_source_type=ats_workday, confidence=1.0
2026-07-01T08:31:15.119Z [INFO] municipality:County of Grey => jobs_source_type=ats_dayforce, confidence=1.0
2026-07-01T08:31:26.663Z [INFO] municipality:County of Dufferin => jobs_source_type=html_list, confidence=0.8
2026-07-01T08:31:42.271Z [INFO] municipality:County of Haliburton => jobs_source_type=html_list, confidence=0.8
2026-07-01T08:31:48.330Z [INFO] municipality:City of Sault Ste Marie => jobs_source_type=html_list, confidence=0.8
2026-07-01T08:32:04.012Z [INFO] municipality:County of Hastings => jobs_source_type=manual_review, confidence=0.0
2026-07-01T08:32:54.071Z [INFO] municipality:County of Lambton => jobs_source_type=html_list, confidence=0.8
2026-07-01T08:33:04.104Z [INFO] municipality:County of Lanark => jobs_source_type=manual_review, confidence=0.0
2026-07-01T08:33:05.123Z [INFO] municipality:County of Middlesex => jobs_source_type=html_list, confidence=0.8
2026-07-01T08:33:23.749Z [INFO] municipality:County of Lennox and Addington => jobs_source_type=unknown, confidence=0.5
2026-07-01T08:33:24.866Z [INFO] municipality:County of Oxford => jobs_source_type=html_list, confidence=0.8
2026-07-01T08:33:29.985Z [INFO] municipality:County of Perth => jobs_source_type=html_list, confidence=0.8
2026-07-01T08:33:31.361Z [INFO] municipality:County of Peterborough => jobs_source_type=html_list, confidence=0.8
2026-07-01T08:33:59.499Z [INFO] municipality:County of Renfrew => jobs_source_type=html_list, confidence=0.8
2026-07-01T08:34:02.266Z [INFO] municipality:County of Simcoe => jobs_source_type=html_list, confidence=0.8
2026-07-01T08:34:05.110Z [INFO] municipality:County of Huron => jobs_source_type=html_list, confidence=0.8
2026-07-01T08:34:24.161Z [INFO] municipality:County of Elgin => jobs_source_type=ats_dayforce, confidence=1.0
2026-07-01T08:34:25.349Z [INFO] municipality:Haldimand County => jobs_source_type=html_list, confidence=0.8
2026-07-01T08:34:32.626Z [INFO] municipality:County of Wellington => jobs_source_type=html_list, confidence=0.8
2026-07-01T08:34:34.738Z [INFO] municipality:Municipality of Arran Elderslie => jobs_source_type=html_list, confidence=0.8
2026-07-01T08:34:38.200Z [INFO] municipality:City of Greater Sudbury => jobs_source_type=unknown, confidence=0.5
2026-07-01T08:34:53.497Z [INFO] municipality:Leeds & Grenville => jobs_source_type=html_list, confidence=0.8
2026-07-01T08:35:03.816Z [INFO] municipality:City of Toronto => jobs_source_type=html_list, confidence=0.8
2026-07-01T08:35:03.852Z [INFO] municipality:Municipality of Bayham => jobs_source_type=ats_dayforce, confidence=1.0
2026-07-01T08:35:05.014Z [INFO] municipality:Municipality of Brockton => jobs_source_type=html_list, confidence=0.8
2026-07-01T08:35:05.310Z [INFO] municipality:Municipality of Billings => jobs_source_type=html_list, confidence=0.8
2026-07-01T08:35:20.621Z [INFO] municipality:Municipality of Bluewater => jobs_source_type=html_list, confidence=0.8
2026-07-01T08:35:31.932Z [INFO] municipality:Municipality of Brighton => jobs_source_type=html_list, confidence=0.8
2026-07-01T08:35:49.341Z [INFO] municipality:Municipality of Casselman => jobs_source_type=html_list, confidence=0.8
2026-07-01T08:35:50.890Z [INFO] municipality:Municipality of Central Huron => jobs_source_type=unknown, confidence=0.5
2026-07-01T08:35:52.230Z [INFO] municipality:Municipality of Central Manitoulin => jobs_source_type=html_list, confidence=0.8
2026-07-01T08:35:54.346Z [INFO] municipality:Municipality of Centre Hastings => jobs_source_type=html_list, confidence=0.8
2026-07-01T08:36:00.058Z [INFO] municipality:Municipality of Central Elgin => jobs_source_type=html_list, confidence=0.8
2026-07-01T08:36:01.241Z [INFO] municipality:Municipality of Clarington => jobs_source_type=html_list, confidence=0.8
2026-07-01T08:36:29.519Z [INFO] municipality:Municipality of Dutton/Dunwich => jobs_source_type=html_list, confidence=0.8
2026-07-01T08:36:31.842Z [INFO] municipality:Municipality of Dysart et al => jobs_source_type=html_list, confidence=0.8
2026-07-01T08:36:35.391Z [INFO] municipality:Municipality of Charlton and Dack => jobs_source_type=manual_review, confidence=0.0
2026-07-01T08:36:52.445Z [INFO] municipality:County of Northumberland => jobs_source_type=html_list, confidence=0.8
2026-07-01T08:37:02.819Z [INFO] municipality:Municipality of French River => jobs_source_type=html_list, confidence=0.8
2026-07-01T08:37:04.969Z [INFO] municipality:Municipality of Greenstone => jobs_source_type=html_list, confidence=0.8
2026-07-01T08:37:06.119Z [INFO] municipality:Municipality of Grey Highlands => jobs_source_type=html_list, confidence=0.8
2026-07-01T08:37:09.111Z [INFO] municipality:Municipality of East Ferris => jobs_source_type=manual_review, confidence=0.0
2026-07-01T08:37:16.117Z [INFO] municipality:Municipality of Brooke-Alvinston => jobs_source_type=unknown, confidence=0.5
2026-07-01T08:37:17.823Z [INFO] municipality:Frontenac => jobs_source_type=html_list, confidence=0.8
2026-07-01T08:37:21.282Z [INFO] municipality:Municipality of Huron East => jobs_source_type=html_list, confidence=0.8
2026-07-01T08:37:22.933Z [INFO] municipality:Municipality of Gordon/Barrie Island => jobs_source_type=unknown, confidence=0.5
2026-07-01T08:37:34.242Z [INFO] municipality:Municipality of Hastings Highlands => jobs_source_type=html_list, confidence=0.8
2026-07-01T08:37:36.368Z [INFO] municipality:Municipality of Lambton Shores => jobs_source_type=html_list, confidence=0.8
2026-07-01T08:37:37.272Z [INFO] municipality:Municipality of Highlands East => jobs_source_type=html_list, confidence=0.8
2026-07-01T08:37:37.539Z [INFO] municipality:Municipality of Leamington => jobs_source_type=html_list, confidence=0.8
2026-07-01T08:38:06.507Z [INFO] municipality:Municipality of Magnetawan => jobs_source_type=unknown, confidence=0.5
2026-07-01T08:38:07.553Z [INFO] municipality:Municipality of Marmora and Lake => jobs_source_type=html_list, confidence=0.8
2026-07-01T08:38:09.678Z [INFO] municipality:Municipality of Meaford => jobs_source_type=html_list, confidence=0.8
2026-07-01T08:38:12.897Z [INFO] municipality:Municipality of Mississippi Mills => jobs_source_type=html_list, confidence=0.8
2026-07-01T08:38:42.359Z [INFO] municipality:Municipality of Morris-Turnberry => jobs_source_type=unknown, confidence=0.5
2026-07-01T08:38:43.731Z [INFO] municipality:Municipality of Neebing => jobs_source_type=html_list, confidence=0.8
2026-07-01T08:38:45.433Z [INFO] municipality:Municipality of North Grenville => jobs_source_type=html_list, confidence=0.8
2026-07-01T08:38:46.450Z [INFO] municipality:Municipality of North Middlesex => jobs_source_type=html_list, confidence=0.8
2026-07-01T08:38:47.597Z [INFO] municipality:Municipality of North Perth => jobs_source_type=html_list, confidence=0.8
2026-07-01T08:38:50.733Z [INFO] municipality:Municipality of Northern Bruce Peninsula => jobs_source_type=html_list, confidence=0.8
2026-07-01T08:39:51.593Z [INFO] municipality:Municipality of Oliver Paipoonge => jobs_source_type=manual_review, confidence=0.0
2026-07-01T08:39:53.723Z [INFO] municipality:Municipality of Port Hope => jobs_source_type=html_list, confidence=0.8
2026-07-01T08:39:58.163Z [INFO] municipality:Municipality of Markstay-Warren => jobs_source_type=html_list, confidence=0.8
2026-07-01T08:40:21.761Z [INFO] municipality:Municipality of Powassan => jobs_source_type=unknown, confidence=0.5
2026-07-01T08:40:26.289Z [INFO] municipality:Municipality of Red Lake => jobs_source_type=html_list, confidence=0.8
2026-07-01T08:40:36.604Z [INFO] municipality:Municipality of Sioux Lookout => jobs_source_type=html_list, confidence=0.8
2026-07-01T08:40:41.168Z [INFO] municipality:Municipality of Huron Shores => jobs_source_type=html_list, confidence=0.8
2026-07-01T08:41:09.407Z [INFO] municipality:Municipality of South Dundas => jobs_source_type=html_list, confidence=0.8
2026-07-01T08:41:10.777Z [INFO] municipality:Municipality of South Bruce => jobs_source_type=manual_review, confidence=0.0
2026-07-01T08:41:11.535Z [INFO] municipality:Municipality of South Huron => jobs_source_type=html_list, confidence=0.8
2026-07-01T08:41:12.796Z [INFO] municipality:Municipality of Southwest Middlesex => jobs_source_type=html_list, confidence=0.8
2026-07-01T08:41:41.081Z [INFO] municipality:Municipality of Temagami => jobs_source_type=html_list, confidence=0.8
2026-07-01T08:41:44.233Z [INFO] municipality:Municipality of Thames Centre => jobs_source_type=html_list, confidence=0.8
2026-07-01T08:41:46.354Z [INFO] municipality:Municipality of The Nation => jobs_source_type=html_list, confidence=0.8
2026-07-01T08:41:49.494Z [INFO] municipality:Municipality of Trent Hills => jobs_source_type=html_list, confidence=0.8
2026-07-01T08:41:49.566Z [INFO] municipality:Municipality of St. Charles => jobs_source_type=manual_review, confidence=0.0
2026-07-01T08:41:54.070Z [INFO] municipality:Municipality of Shuniah => jobs_source_type=html_list, confidence=0.8
2026-07-01T08:42:08.212Z [INFO] municipality:Municipality of Wawa => jobs_source_type=html_list, confidence=0.8
2026-07-01T08:42:17.651Z [INFO] municipality:Municipality of Trent Lakes => jobs_source_type=html_list, confidence=0.8
2026-07-01T08:42:18.144Z [INFO] municipality:Municipality of Tweed => jobs_source_type=html_list, confidence=0.8
2026-07-01T08:42:19.073Z [INFO] municipality:Municipality of West Grey => jobs_source_type=html_list, confidence=0.8
2026-07-01T08:42:24.204Z [INFO] municipality:Municipality of West Perth => jobs_source_type=html_list, confidence=0.8
2026-07-01T08:42:27.844Z [INFO] municipality:Municipality of West Nipissing => jobs_source_type=unknown, confidence=0.5
2026-07-01T08:42:29.979Z [INFO] municipality:Norfolk County => jobs_source_type=html_list, confidence=0.8
2026-07-01T08:42:36.453Z [INFO] municipality:Municipality of West Elgin => jobs_source_type=html_list, confidence=0.8
2026-07-01T08:42:39.600Z [INFO] municipality:Regional Municipality of Durham => jobs_source_type=html_list, confidence=0.8
2026-07-01T08:42:41.918Z [INFO] municipality:Regional Municipality of Halton => jobs_source_type=html_list, confidence=0.8
2026-07-01T08:42:42.989Z [INFO] municipality:Regional Municipality of Niagara => jobs_source_type=unknown, confidence=0.5
2026-07-01T08:42:44.916Z [INFO] municipality:Regional Municipality of Peel => jobs_source_type=ats_workday, confidence=1.0
2026-07-01T08:42:47.057Z [INFO] municipality:Regional Municipality of Waterloo => jobs_source_type=html_list, confidence=0.8
2026-07-01T08:42:49.304Z [INFO] municipality:Regional Municipality of York => jobs_source_type=html_list, confidence=0.8
2026-07-01T08:42:50.453Z [INFO] municipality:Separated Town of Smiths Falls => jobs_source_type=html_list, confidence=0.8
2026-07-01T08:42:52.816Z [INFO] municipality:Municipality of Whitestone => jobs_source_type=html_list, confidence=0.8
2026-07-01T08:44:22.955Z [INFO] municipality:Town of Ajax => jobs_source_type=html_list, confidence=0.8
2026-07-01T08:44:24.316Z [INFO] municipality:Town of Amherstburg => jobs_source_type=html_list, confidence=0.8
2026-07-01T08:44:28.445Z [INFO] municipality:Town of Arnprior => jobs_source_type=html_list, confidence=0.8
2026-07-01T08:44:43.381Z [INFO] municipality:The District of Muskoka => jobs_source_type=html_list, confidence=0.8
2026-07-01T08:44:54.003Z [INFO] municipality:Prince Edward County => jobs_source_type=html_list, confidence=0.8
2026-07-01T08:45:02.046Z [INFO] municipality:Municipality of Callander => jobs_source_type=manual_review, confidence=0.0
2026-07-01T08:45:04.183Z [INFO] municipality:Town of Blind River => jobs_source_type=html_list, confidence=0.8
2026-07-01T08:45:05.550Z [INFO] municipality:Town of Bracebridge => jobs_source_type=html_list, confidence=0.8
2026-07-01T08:45:27.775Z [INFO] municipality:Town of Bancroft => jobs_source_type=html_list, confidence=0.8
2026-07-01T08:45:33.679Z [INFO] municipality:Town of Bradford West Gwillimbury => jobs_source_type=html_list, confidence=0.8
2026-07-01T08:45:35.690Z [INFO] municipality:Town of Caledon => jobs_source_type=unknown, confidence=0.5
2026-07-01T08:45:37.856Z [INFO] municipality:Town of Carleton Place => jobs_source_type=html_list, confidence=0.8
2026-07-01T08:46:06.232Z [INFO] municipality:Town of Aylmer => jobs_source_type=unknown, confidence=0.5
2026-07-01T08:46:13.964Z [INFO] municipality:Town of Cobourg => jobs_source_type=html_list, confidence=0.8
2026-07-01T08:47:23.544Z [INFO] municipality:Town of Cobalt => jobs_source_type=html_list, confidence=0.8
2026-07-01T08:47:25.392Z [INFO] municipality:Municipality of Killarney => jobs_source_type=manual_review, confidence=0.0
2026-07-01T08:47:27.846Z [INFO] municipality:Town of Collingwood => jobs_source_type=html_list, confidence=0.8
2026-07-01T08:47:28.416Z [INFO] municipality:Municipality of Kincardine => jobs_source_type=manual_review, confidence=0.0
2026-07-01T08:47:30.609Z [INFO] municipality:Town of East Gwillimbury => jobs_source_type=html_list, confidence=0.8
2026-07-01T08:47:31.139Z [INFO] municipality:Town of Deep River => jobs_source_type=unknown, confidence=0.5
2026-07-01T08:47:32.387Z [INFO] municipality:Town of Erin => jobs_source_type=unknown, confidence=0.5
2026-07-01T08:47:44.167Z [INFO] municipality:Town of Englehart => jobs_source_type=html_list, confidence=0.8
2026-07-01T08:47:45.559Z [INFO] municipality:Town of Essex => jobs_source_type=unknown, confidence=0.5
2026-07-01T08:47:48.733Z [INFO] municipality:Town of Fort Erie => jobs_source_type=html_list, confidence=0.8
2026-07-01T08:47:48.908Z [INFO] municipality:Town of Espanola => jobs_source_type=html_list, confidence=0.8
2026-07-01T08:47:52.151Z [INFO] municipality:Town of Fort Frances => jobs_source_type=html_list, confidence=0.8
2026-07-01T08:47:54.364Z [INFO] municipality:Town of Georgina => jobs_source_type=html_list, confidence=0.8
2026-07-01T08:47:55.884Z [INFO] municipality:Town of Deseronto => jobs_source_type=html_list, confidence=0.8
2026-07-01T08:47:59.992Z [INFO] municipality:Town of Gore Bay => jobs_source_type=html_list, confidence=0.8
2026-07-01T08:48:06.105Z [INFO] municipality:Town of Grand Valley => jobs_source_type=html_list, confidence=0.8
2026-07-01T08:48:09.251Z [INFO] municipality:Town of Gravenhurst => jobs_source_type=html_list, confidence=0.8
2026-07-01T08:48:10.605Z [INFO] municipality:Town of Greater Napanee => jobs_source_type=html_list, confidence=0.8
2026-07-01T08:48:11.786Z [INFO] municipality:Town of Grimsby => jobs_source_type=html_list, confidence=0.8
2026-07-01T08:48:13.954Z [INFO] municipality:Town of Halton Hills => jobs_source_type=html_list, confidence=0.8
2026-07-01T08:48:16.161Z [INFO] municipality:Town of Hanover => jobs_source_type=html_list, confidence=0.8
2026-07-01T08:48:17.449Z [INFO] municipality:Town of Gananoque => jobs_source_type=html_list, confidence=0.8
2026-07-01T08:48:22.474Z [INFO] municipality:Town of Goderich => jobs_source_type=html_list, confidence=0.8
2026-07-01T08:48:23.477Z [INFO] municipality:Town of Hawkesbury => jobs_source_type=html_list, confidence=0.8
2026-07-01T08:48:25.581Z [INFO] municipality:Town of Ingersoll => jobs_source_type=html_list, confidence=0.8
2026-07-01T08:48:27.795Z [INFO] municipality:Town of Innisfil => jobs_source_type=html_list, confidence=0.8
2026-07-01T08:48:29.938Z [INFO] municipality:Town of Iroquois Falls => jobs_source_type=html_list, confidence=0.8
2026-07-01T08:48:43.861Z [INFO] municipality:Town of Cochrane => jobs_source_type=html_list, confidence=0.8
2026-07-01T08:48:57.691Z [INFO] municipality:Town of Huntsville => jobs_source_type=manual_review, confidence=0.0
2026-07-01T08:49:01.053Z [INFO] municipality:Town of Kapuskasing => jobs_source_type=html_list, confidence=0.8
2026-07-01T08:49:01.816Z [INFO] municipality:Town of Kingsville => jobs_source_type=html_list, confidence=0.8
2026-07-01T08:49:02.987Z [INFO] municipality:Town of Lakeshore => jobs_source_type=ats_dayforce, confidence=1.0
2026-07-01T08:49:03.918Z [INFO] municipality:Town of Kirkland Lake => jobs_source_type=html_list, confidence=0.8
2026-07-01T08:49:04.143Z [INFO] municipality:Town of LaSalle => jobs_source_type=html_list, confidence=0.8
2026-07-01T08:49:05.445Z [INFO] municipality:Town of Laurentian Hills => jobs_source_type=unknown, confidence=0.5
2026-07-01T08:49:24.032Z [INFO] municipality:Town of Kearney => jobs_source_type=manual_review, confidence=0.0
2026-07-01T08:49:26.357Z [INFO] municipality:Town of Marathon => jobs_source_type=html_list, confidence=0.8
2026-07-01T08:49:54.611Z [INFO] municipality:Town of Mattawa => jobs_source_type=html_list, confidence=0.8
2026-07-01T08:49:55.756Z [INFO] municipality:Town of Midland => jobs_source_type=html_list, confidence=0.8
2026-07-01T08:49:57.967Z [INFO] municipality:Town of Milton => jobs_source_type=ats_workday, confidence=1.0
2026-07-01T08:50:21.320Z [INFO] municipality:Town of Minto => jobs_source_type=html_list, confidence=0.8
2026-07-01T08:50:24.366Z [INFO] municipality:Town of Mono => jobs_source_type=html_list, confidence=0.8
2026-07-01T08:50:41.762Z [INFO] municipality:Town of Latchford => jobs_source_type=html_list, confidence=0.8
2026-07-01T08:50:52.404Z [INFO] municipality:Town of Lincoln => jobs_source_type=html_list, confidence=0.8
2026-07-01T08:50:56.627Z [INFO] municipality:Town of Newmarket => jobs_source_type=html_list, confidence=0.8
2026-07-01T08:52:21.837Z [INFO] municipality:Town of Hearst => jobs_source_type=html_list, confidence=0.8
2026-07-01T08:52:49.018Z [INFO] municipality:Town of Niagara-on-the-Lake => jobs_source_type=manual_review, confidence=0.0
2026-07-01T08:52:50.254Z [INFO] municipality:Town of Northeastern Manitoulin and The Islands => jobs_source_type=html_list, confidence=0.8
2026-07-01T08:52:54.772Z [INFO] municipality:Town of Orangeville => jobs_source_type=ats_dayforce, confidence=1.0
2026-07-01T08:53:00.896Z [INFO] municipality:Town of Parry Sound => jobs_source_type=html_list, confidence=0.8
2026-07-01T08:53:02.419Z [INFO] municipality:Town of Pelham => jobs_source_type=html_list, confidence=0.8
2026-07-01T08:53:04.803Z [INFO] municipality:Town of New Tecumseth => jobs_source_type=html_list, confidence=0.8
2026-07-01T08:53:09.938Z [INFO] municipality:Town of Perth => jobs_source_type=html_list, confidence=0.8
2026-07-01T08:53:30.532Z [INFO] municipality:Town of Penetanguishene => jobs_source_type=unknown, confidence=0.5
2026-07-01T08:53:45.738Z [INFO] municipality:Town of Bruce Mines => jobs_source_type=html_list, confidence=0.8
2026-07-01T08:53:46.302Z [INFO] municipality:Town of Moosonee => jobs_source_type=html_list, confidence=0.8
2026-07-01T08:53:46.895Z [INFO] municipality:Town of Plympton-Wyoming => jobs_source_type=html_list, confidence=0.8
2026-07-01T08:54:14.423Z [INFO] municipality:Town of Prescott => jobs_source_type=html_list, confidence=0.8
2026-07-01T08:54:32.166Z [INFO] municipality:Town of Rainy River => jobs_source_type=manual_review, confidence=0.0
2026-07-01T08:54:33.355Z [INFO] municipality:Town of Saugeen Shores => jobs_source_type=html_list, confidence=0.8
2026-07-01T08:54:34.286Z [INFO] municipality:Town of Aurora => jobs_source_type=manual_review, confidence=0.0
2026-07-01T08:54:34.734Z [INFO] municipality:Town of Shelburne => jobs_source_type=html_list, confidence=0.8
2026-07-01T08:54:42.244Z [INFO] municipality:Town of Renfrew => jobs_source_type=html_list, confidence=0.8
2026-07-01T08:54:43.407Z [INFO] municipality:Town of St. Marys => jobs_source_type=html_list, confidence=0.8
2026-07-01T08:54:48.540Z [INFO] municipality:Town of Tecumseh => jobs_source_type=ats_dayforce, confidence=1.0
2026-07-01T08:54:50.741Z [INFO] municipality:Town of The Blue Mountains => jobs_source_type=ats_dayforce, confidence=1.0
2026-07-01T08:55:18.690Z [INFO] municipality:Town of Petrolia => jobs_source_type=html_list, confidence=0.8
2026-07-01T08:55:22.805Z [INFO] municipality:Town of Tillsonburg => jobs_source_type=html_list, confidence=0.8
2026-07-01T08:55:24.929Z [INFO] municipality:Town of Wasaga Beach => jobs_source_type=html_list, confidence=0.8
2026-07-01T08:55:26.106Z [INFO] municipality:Town of Whitby => jobs_source_type=ats_workday, confidence=1.0
2026-07-01T08:55:28.222Z [INFO] municipality:Town of Whitchurch-Stouffville => jobs_source_type=html_list, confidence=0.8
2026-07-01T08:55:31.393Z [INFO] municipality:Town of Petawawa => jobs_source_type=html_list, confidence=0.8
2026-07-01T08:55:33.409Z [INFO] municipality:Township of Adelaide Metcalfe => jobs_source_type=unknown, confidence=0.5
2026-07-01T08:56:05.065Z [INFO] municipality:Township of Addington Highlands => jobs_source_type=manual_review, confidence=0.0
2026-07-01T08:57:21.698Z [INFO] municipality:Town of Thessalon => jobs_source_type=html_list, confidence=0.8
2026-07-01T08:57:32.122Z [INFO] municipality:Town of Smooth Rock Falls => jobs_source_type=html_list, confidence=0.8
2026-07-01T08:57:36.940Z [INFO] municipality:Township of Alfred & Plantagenet => jobs_source_type=html_list, confidence=0.8
2026-07-01T08:57:42.359Z [INFO] municipality:Township of Adjala-Tosorontio => jobs_source_type=html_list, confidence=0.8
2026-07-01T08:57:50.582Z [INFO] municipality:Town of South Bruce Peninsula => jobs_source_type=manual_review, confidence=0.0
2026-07-01T08:58:00.925Z [INFO] municipality:Township of Admaston-Bromley => jobs_source_type=html_list, confidence=0.8
2026-07-01T08:58:06.142Z [INFO] municipality:Township of Algonquin Highlands => jobs_source_type=html_list, confidence=0.8
2026-07-01T08:58:14.030Z [INFO] municipality:Township of Armour => jobs_source_type=unknown, confidence=0.5
2026-07-01T08:58:16.559Z [INFO] municipality:Township of Alnwick/Haldimand => jobs_source_type=manual_review, confidence=0.0
2026-07-01T08:58:17.733Z [INFO] municipality:Township of Asphodel-Norwood => jobs_source_type=html_list, confidence=0.8
2026-07-01T08:58:18.696Z [INFO] municipality:Township of Amaranth => jobs_source_type=html_list, confidence=0.8
2026-07-01T08:58:31.857Z [INFO] municipality:Township of Assiginack => jobs_source_type=html_list, confidence=0.8
2026-07-01T08:58:34.332Z [INFO] municipality:Township of Armstrong => jobs_source_type=html_list, confidence=0.8
2026-07-01T08:58:37.154Z [INFO] municipality:Township of Ashfield-Colborne-Wawanosh => jobs_source_type=html_list, confidence=0.8
2026-07-01T08:58:37.770Z [INFO] municipality:Township of Atikokan => jobs_source_type=html_list, confidence=0.8
2026-07-01T08:59:11.139Z [INFO] municipality:Township of Alberton => jobs_source_type=ats_taleo, confidence=1.0
2026-07-01T08:59:34.164Z [INFO] municipality:Township of Beckwith => jobs_source_type=manual_review, confidence=0.0
2026-07-01T08:59:42.244Z [INFO] municipality:Township of Black River Matheson => jobs_source_type=html_list, confidence=0.8
2026-07-01T08:59:47.383Z [INFO] municipality:Township of Bonfield => jobs_source_type=html_list, confidence=0.8
2026-07-01T08:59:49.764Z [INFO] municipality:Township of Bonnechere Valley => jobs_source_type=unknown, confidence=0.5
2026-07-01T08:59:51.082Z [INFO] municipality:Township of Brock => jobs_source_type=html_list, confidence=0.8
2026-07-01T08:59:58.289Z [INFO] municipality:Township of Athens => jobs_source_type=manual_review, confidence=0.0
2026-07-01T09:00:01.287Z [INFO] municipality:Township of Baldwin => jobs_source_type=manual_review, confidence=0.0
2026-07-01T09:00:02.261Z [INFO] municipality:Township of Blandford Blenheim => jobs_source_type=html_list, confidence=0.8
2026-07-01T09:00:28.677Z [INFO] municipality:Township of Burpee & Mills => jobs_source_type=unknown, confidence=0.5
2026-07-01T09:00:29.479Z [INFO] municipality:Township of Calvin => jobs_source_type=unknown, confidence=0.5
2026-07-01T09:00:37.452Z [INFO] municipality:Township of Carling => jobs_source_type=manual_review, confidence=0.0
2026-07-01T09:00:52.609Z [INFO] municipality:Township of Augusta => jobs_source_type=html_list, confidence=0.8
2026-07-01T09:01:03.750Z [INFO] municipality:Township of Carlow/Mayo => jobs_source_type=manual_review, confidence=0.0
2026-07-01T09:01:05.576Z [INFO] municipality:Township of Cavan Monaghan => jobs_source_type=html_list, confidence=0.8
2026-07-01T09:01:08.883Z [INFO] municipality:Township of Centre Wellington => jobs_source_type=html_list, confidence=0.8
2026-07-01T09:01:10.584Z [INFO] municipality:Town of Oakville => jobs_source_type=html_list, confidence=0.8
2026-07-01T09:01:37.526Z [INFO] municipality:Township of Champlain => jobs_source_type=html_list, confidence=0.8
2026-07-01T09:01:41.265Z [INFO] municipality:Township of Chamberlain => jobs_source_type=manual_review, confidence=0.0
2026-07-01T09:02:10.184Z [INFO] municipality:Township of Brudenell, Lyndoch and Raglan => jobs_source_type=html_list, confidence=0.8
2026-07-01T09:02:21.637Z [INFO] municipality:Township of Casey => jobs_source_type=unknown, confidence=0.5
2026-07-01T09:02:23.839Z [INFO] municipality:Township of Clearview => jobs_source_type=html_list, confidence=0.8
2026-07-01T09:02:38.334Z [INFO] municipality:Township of Chisholm => jobs_source_type=html_list, confidence=0.8
2026-07-01T09:02:47.747Z [INFO] municipality:Township of Central Frontenac => jobs_source_type=html_list, confidence=0.8
2026-07-01T09:02:59.398Z [INFO] municipality:Township of Cockburn Island => jobs_source_type=manual_review, confidence=0.0
2026-07-01T09:03:07.153Z [INFO] municipality:Township of Coleman => jobs_source_type=html_list, confidence=0.8
2026-07-01T09:03:18.401Z [INFO] municipality:Township of Conmee => jobs_source_type=unknown, confidence=0.5
2026-07-01T09:03:27.531Z [INFO] municipality:Township of Cramahe => jobs_source_type=html_list, confidence=0.8
2026-07-01T09:03:29.754Z [INFO] municipality:Township of Chatsworth => jobs_source_type=html_list, confidence=0.8
2026-07-01T09:03:34.770Z [INFO] municipality:Township of Chapple => jobs_source_type=html_list, confidence=0.8
2026-07-01T09:03:56.366Z [INFO] municipality:Township of Dorion => jobs_source_type=html_list, confidence=0.8
2026-07-01T09:04:00.503Z [INFO] municipality:Township of Douro-Dummer => jobs_source_type=html_list, confidence=0.8
2026-07-01T09:04:09.611Z [INFO] municipality:Township of Drummond-North Elmsley => jobs_source_type=html_list, confidence=0.8
2026-07-01T09:04:18.537Z [INFO] municipality:Township of Dawson => jobs_source_type=manual_review, confidence=0.0
2026-07-01T09:04:37.723Z [INFO] municipality:Township of East Garafraxa => jobs_source_type=html_list, confidence=0.8
2026-07-01T09:04:39.827Z [INFO] municipality:Township of East Zorra-Tavistock => jobs_source_type=html_list, confidence=0.8
2026-07-01T09:04:48.421Z [INFO] municipality:Township of East Hawkesbury => jobs_source_type=html_list, confidence=0.8
2026-07-01T09:05:07.958Z [INFO] municipality:Township of Edwardsburgh/Cardinal => jobs_source_type=html_list, confidence=0.8
2026-07-01T09:05:16.540Z [INFO] municipality:Township of Elizabethtown - Kitley => jobs_source_type=html_list, confidence=0.8
2026-07-01T09:05:54.806Z [INFO] municipality:Township of Dawn-Euphemia => jobs_source_type=manual_review, confidence=0.0
2026-07-01T09:06:10.407Z [INFO] municipality:Township of Ear Falls => jobs_source_type=unknown, confidence=0.5
2026-07-01T09:06:16.896Z [INFO] municipality:Township of Enniskillen => jobs_source_type=manual_review, confidence=0.0
2026-07-01T09:06:22.917Z [INFO] municipality:Township of Essa => jobs_source_type=html_list, confidence=0.8
2026-07-01T09:06:50.802Z [INFO] municipality:Township of Dubreuilville => jobs_source_type=html_list, confidence=0.8
2026-07-01T09:06:57.102Z [INFO] municipality:Township of Faraday => jobs_source_type=manual_review, confidence=0.0
2026-07-01T09:07:02.109Z [INFO] municipality:Township of Evanturel => jobs_source_type=manual_review, confidence=0.0
2026-07-01T09:07:06.086Z [INFO] municipality:Township of Gauthier => jobs_source_type=ats_workday, confidence=1.0
2026-07-01T09:07:11.225Z [INFO] municipality:Township of Georgian Bay => jobs_source_type=html_list, confidence=0.8
2026-07-01T09:07:12.392Z [INFO] municipality:Township of Georgian Bluffs => jobs_source_type=html_list, confidence=0.8
2026-07-01T09:07:23.848Z [INFO] municipality:Township of Emo => jobs_source_type=html_list, confidence=0.8
2026-07-01T09:07:29.173Z [INFO] municipality:Township of Front of Yonge => jobs_source_type=manual_review, confidence=0.0
2026-07-01T09:07:40.504Z [INFO] municipality:Township of Gillies => jobs_source_type=html_list, confidence=0.8
2026-07-01T09:07:41.847Z [INFO] municipality:Township of Hamilton => jobs_source_type=html_list, confidence=0.8
2026-07-01T09:07:50.967Z [INFO] municipality:Township of Greater Madawaska => jobs_source_type=html_list, confidence=0.8
2026-07-01T09:08:12.100Z [INFO] municipality:Township of Fauquier-Strickland => jobs_source_type=html_list, confidence=0.8
2026-07-01T09:08:19.137Z [INFO] municipality:Township of Harley => jobs_source_type=manual_review, confidence=0.0
2026-07-01T09:08:29.806Z [INFO] municipality:Township of Harris => jobs_source_type=manual_review, confidence=0.0
2026-07-01T09:08:43.207Z [INFO] municipality:Township of Havelock-Belmont-Methuen => jobs_source_type=html_list, confidence=0.8
2026-07-01T09:09:11.305Z [INFO] municipality:Township of Hornepayne => jobs_source_type=html_list, confidence=0.8
2026-07-01T09:09:11.924Z [INFO] municipality:Township of Chapleau => jobs_source_type=html_list, confidence=0.8
2026-07-01T09:09:12.521Z [INFO] municipality:Township of Horton => jobs_source_type=unknown, confidence=0.5
2026-07-01T09:09:41.411Z [INFO] municipality:Township of Hilliard => jobs_source_type=unknown, confidence=0.5
2026-07-01T09:09:42.559Z [INFO] municipality:Township of Huron-Kinloss => jobs_source_type=html_list, confidence=0.8
2026-07-01T09:10:12.032Z [INFO] municipality:Township of Howick => jobs_source_type=manual_review, confidence=0.0
2026-07-01T09:10:14.222Z [INFO] municipality:Township of Ignace => jobs_source_type=html_list, confidence=0.8
2026-07-01T09:10:17.198Z [INFO] municipality:Township of Guelph-Eramosa => jobs_source_type=html_list, confidence=0.8
2026-07-01T09:10:17.278Z [INFO] municipality:Township of James => jobs_source_type=unknown, confidence=0.5
2026-07-01T09:10:28.671Z [INFO] municipality:Township of Hilton => jobs_source_type=unknown, confidence=0.5
2026-07-01T09:10:41.310Z [INFO] municipality:Township of Hudson => jobs_source_type=manual_review, confidence=0.0
2026-07-01T09:10:41.397Z [INFO] municipality:Township of Frontenac Islands => jobs_source_type=manual_review, confidence=0.0
2026-07-01T09:10:47.070Z [INFO] municipality:Township of Joly => jobs_source_type=unknown, confidence=0.5
2026-07-01T09:10:48.548Z [INFO] municipality:Township of King => jobs_source_type=html_list, confidence=0.8
2026-07-01T09:11:49.244Z [INFO] municipality:Township of Kerns => jobs_source_type=manual_review, confidence=0.0
2026-07-01T09:11:55.400Z [INFO] municipality:Township of Lake of Bays => jobs_source_type=html_list, confidence=0.8
2026-07-01T09:11:56.245Z [INFO] municipality:Township of La Vallee => jobs_source_type=manual_review, confidence=0.0
2026-07-01T09:12:10.888Z [INFO] municipality:Township of Johnson => jobs_source_type=manual_review, confidence=0.0
2026-07-01T09:12:26.743Z [INFO] municipality:Township of Lanark Highlands => jobs_source_type=html_list, confidence=0.8
2026-07-01T09:12:47.400Z [INFO] municipality:Township of Killaloe, Hagarty & Richards => jobs_source_type=unknown, confidence=0.5
2026-07-01T09:12:54.850Z [INFO] municipality:Township of Laurentian Valley => jobs_source_type=html_list, confidence=0.8
2026-07-01T09:12:57.877Z [INFO] municipality:Township of Jocelyn => jobs_source_type=html_list, confidence=0.8
2026-07-01T09:12:59.050Z [INFO] municipality:Township of Loyalist => jobs_source_type=html_list, confidence=0.8
2026-07-01T09:13:00.079Z [INFO] municipality:Township of Lucan Biddulph => jobs_source_type=html_list, confidence=0.8
2026-07-01T09:13:08.267Z [INFO] municipality:Township of Laird => jobs_source_type=unknown, confidence=0.5
2026-07-01T09:13:09.499Z [INFO] municipality:Township of Machar => jobs_source_type=unknown, confidence=0.5
2026-07-01T09:13:10.056Z [INFO] municipality:Township of Lake of the Woods => jobs_source_type=unknown, confidence=0.5
2026-07-01T09:13:15.518Z [INFO] municipality:Township of Leeds & the Thousand Islands => jobs_source_type=html_list, confidence=0.8
2026-07-01T09:13:33.034Z [INFO] municipality:Township of Limerick => jobs_source_type=manual_review, confidence=0.0
2026-07-01T09:13:38.172Z [INFO] municipality:Township of Madawaska Valley => jobs_source_type=html_list, confidence=0.8
2026-07-01T09:13:39.043Z [INFO] municipality:Township of Machin => jobs_source_type=html_list, confidence=0.8
2026-07-01T09:13:40.043Z [INFO] municipality:Township of Macdonald, Meredith & Aberdeen Add'l => jobs_source_type=manual_review, confidence=0.0
2026-07-01T09:13:42.168Z [INFO] municipality:Township of Mapleton => jobs_source_type=html_list, confidence=0.8
2026-07-01T09:13:50.608Z [INFO] municipality:Township of Madoc => jobs_source_type=manual_review, confidence=0.0
2026-07-01T09:13:56.117Z [INFO] municipality:Township of Malahide => jobs_source_type=html_list, confidence=0.8
2026-07-01T09:14:24.758Z [INFO] municipality:Township of McDougall => jobs_source_type=html_list, confidence=0.8
2026-07-01T09:14:34.575Z [INFO] municipality:Township of Mattice-Val Cote => jobs_source_type=manual_review, confidence=0.0
2026-07-01T09:14:42.303Z [INFO] municipality:Township of McGarry => jobs_source_type=html_list, confidence=0.8
2026-07-01T09:14:49.385Z [INFO] municipality:Township of McMurrich/Monteith => jobs_source_type=unknown, confidence=0.5
2026-07-01T09:14:51.722Z [INFO] municipality:Township of McNab-Braeside => jobs_source_type=unknown, confidence=0.5
2026-07-01T09:14:56.037Z [INFO] municipality:Township of Mattawan => jobs_source_type=manual_review, confidence=0.0
2026-07-01T09:14:58.051Z [INFO] municipality:Township of Middlesex Centre => jobs_source_type=ats_dayforce, confidence=1.0
2026-07-01T09:15:26.170Z [INFO] municipality:Township of Minden Hills => jobs_source_type=html_list, confidence=0.8
2026-07-01T09:15:55.532Z [INFO] municipality:Township of Montague => jobs_source_type=html_list, confidence=0.8
2026-07-01T09:16:09.448Z [INFO] municipality:Township of Larder Lake => jobs_source_type=html_list, confidence=0.8
2026-07-01T09:16:21.301Z [INFO] municipality:Township of Melancthon => jobs_source_type=html_list, confidence=0.8
2026-07-01T09:16:49.471Z [INFO] municipality:Township of Mulmur => jobs_source_type=unknown, confidence=0.5
2026-07-01T09:16:51.615Z [INFO] municipality:Township of Muskoka Lakes => jobs_source_type=html_list, confidence=0.8
2026-07-01T09:17:10.551Z [INFO] municipality:Township of Manitouwadge => jobs_source_type=html_list, confidence=0.8
2026-07-01T09:17:13.137Z [INFO] municipality:Township of Morley => jobs_source_type=manual_review, confidence=0.0
2026-07-01T09:17:43.504Z [INFO] municipality:Township of Nipigon => jobs_source_type=html_list, confidence=0.8
2026-07-01T09:17:52.099Z [INFO] municipality:Township of Moonbeam => jobs_source_type=manual_review, confidence=0.0
2026-07-01T09:17:57.228Z [INFO] municipality:Township of North Dumfries => jobs_source_type=html_list, confidence=0.8
2026-07-01T09:18:25.402Z [INFO] municipality:Township of North Dundas => jobs_source_type=html_list, confidence=0.8
2026-07-01T09:19:08.187Z [INFO] municipality:Township of Nairn & Hyman => jobs_source_type=html_list, confidence=0.8
2026-07-01T09:19:10.308Z [INFO] municipality:Township of North Glengarry => jobs_source_type=html_list, confidence=0.8
2026-07-01T09:19:38.424Z [INFO] municipality:Township of North Huron => jobs_source_type=unknown, confidence=0.5
2026-07-01T09:20:12.613Z [INFO] municipality:Township of North Kawartha => jobs_source_type=manual_review, confidence=0.0
2026-07-01T09:20:17.621Z [INFO] municipality:Township of North Frontenac => jobs_source_type=html_list, confidence=0.8
2026-07-01T09:20:19.027Z [INFO] municipality:Township of North Stormont => jobs_source_type=html_list, confidence=0.8
2026-07-01T09:20:45.725Z [INFO] municipality:Township of Norwich => jobs_source_type=unknown, confidence=0.5
2026-07-01T09:20:48.604Z [INFO] municipality:Township of Nipissing => jobs_source_type=html_list, confidence=0.8
2026-07-01T09:20:49.945Z [INFO] municipality:Township of Oro-Medonte => jobs_source_type=ats_workday, confidence=1.0
2026-07-01T09:20:53.283Z [INFO] municipality:Township of Otonabee-South Monaghan => jobs_source_type=html_list, confidence=0.8
2026-07-01T09:21:28.788Z [INFO] municipality:Township of Opasatika => jobs_source_type=manual_review, confidence=0.0
2026-07-01T09:21:57.587Z [INFO] municipality:Township of Pelee => jobs_source_type=html_list, confidence=0.8
2026-07-01T09:22:23.580Z [INFO] municipality:Township of Papineau-Cameron => jobs_source_type=manual_review, confidence=0.0
2026-07-01T09:22:59.435Z [INFO] municipality:Township of O'Connor => jobs_source_type=html_list, confidence=0.8
2026-07-01T09:23:10.260Z [INFO] municipality:Township of North Algona-Wilberforce => jobs_source_type=unknown, confidence=0.5
2026-07-01T09:23:20.840Z [INFO] municipality:Township of Perth East => jobs_source_type=html_list, confidence=0.8
2026-07-01T09:23:27.549Z [INFO] municipality:Township of Perth South => jobs_source_type=html_list, confidence=0.8
2026-07-01T09:23:36.920Z [INFO] municipality:Township of Matachewan => jobs_source_type=manual_review, confidence=0.0
2026-07-01T09:23:38.580Z [INFO] municipality:Township of Prince => jobs_source_type=unknown, confidence=0.5
2026-07-01T09:23:39.983Z [INFO] municipality:Township of Ramara => jobs_source_type=html_list, confidence=0.8
2026-07-01T09:24:08.199Z [INFO] municipality:Township of Perry => jobs_source_type=html_list, confidence=0.8
2026-07-01T09:24:10.346Z [INFO] municipality:Township of Pickle Lake => jobs_source_type=manual_review, confidence=0.0
2026-07-01T09:24:14.493Z [INFO] municipality:Township of Russell => jobs_source_type=html_list, confidence=0.8
2026-07-01T09:24:31.639Z [INFO] municipality:Township of McKellar => jobs_source_type=manual_review, confidence=0.0
2026-07-01T09:24:41.156Z [INFO] municipality:Township of Rideau Lakes => jobs_source_type=html_list, confidence=0.8
2026-07-01T09:24:42.613Z [INFO] municipality:Township of Ryerson => jobs_source_type=html_list, confidence=0.8
2026-07-01T09:24:43.762Z [INFO] municipality:Township of Scugog => jobs_source_type=html_list, confidence=0.8
2026-07-01T09:24:49.000Z [INFO] municipality:Township of Seguin => jobs_source_type=html_list, confidence=0.8
2026-07-01T09:24:53.122Z [INFO] municipality:Township of Selwyn => jobs_source_type=html_list, confidence=0.8
2026-07-01T09:24:56.332Z [INFO] municipality:Township of Severn => jobs_source_type=ats_workday, confidence=1.0
2026-07-01T09:25:11.604Z [INFO] municipality:Township of Sioux Narrows - Nestor Falls => jobs_source_type=unknown, confidence=0.5
2026-07-01T09:25:31.667Z [INFO] municipality:Township of Plummer Additional => jobs_source_type=html_list, confidence=0.8
2026-07-01T09:25:44.378Z [INFO] municipality:Township of Red Rock => jobs_source_type=html_list, confidence=0.8
2026-07-01T09:25:46.502Z [INFO] municipality:Township of South Glengarry => jobs_source_type=html_list, confidence=0.8
2026-07-01T09:25:47.845Z [INFO] municipality:Township of South Stormont => jobs_source_type=html_list, confidence=0.8
2026-07-01T09:25:50.144Z [INFO] municipality:Township of South-West Oxford => jobs_source_type=html_list, confidence=0.8
2026-07-01T09:25:51.287Z [INFO] municipality:Township of Southgate => jobs_source_type=html_list, confidence=0.8
2026-07-01T09:25:57.432Z [INFO] municipality:Township of Southwold => jobs_source_type=html_list, confidence=0.8
2026-07-01T09:26:38.989Z [INFO] municipality:Township of Sables Spanish Rivers => jobs_source_type=unknown, confidence=0.5
2026-07-01T09:26:40.368Z [INFO] municipality:Township of Springwater => jobs_source_type=ats_workday, confidence=1.0
2026-07-01T09:26:49.823Z [INFO] municipality:Township of Spanish => jobs_source_type=manual_review, confidence=0.0
2026-07-01T09:27:05.256Z [INFO] municipality:Township of Puslinch => jobs_source_type=html_list, confidence=0.8
2026-07-01T09:27:36.352Z [INFO] municipality:Township of Stirling-Rawdon => jobs_source_type=html_list, confidence=0.8
2026-07-01T09:28:04.471Z [INFO] municipality:Township of Stone Mills => jobs_source_type=html_list, confidence=0.8
2026-07-01T09:28:05.847Z [INFO] municipality:Township of Strathroy - Caradoc => jobs_source_type=html_list, confidence=0.8
2026-07-01T09:28:07.395Z [INFO] municipality:Township of Schreiber => jobs_source_type=manual_review, confidence=0.0
2026-07-01T09:28:21.046Z [INFO] municipality:Township of South Algonquin => jobs_source_type=html_list, confidence=0.8
2026-07-01T09:28:25.139Z [INFO] municipality:Township of Tay => jobs_source_type=unknown, confidence=0.5
2026-07-01T09:28:33.952Z [INFO] municipality:Township of Strong => jobs_source_type=html_list, confidence=0.8
2026-07-01T09:28:53.251Z [INFO] municipality:Township of Tay Valley => jobs_source_type=ats_workday, confidence=1.0
2026-07-01T09:29:25.437Z [INFO] municipality:Township of Tarbutt => jobs_source_type=manual_review, confidence=0.0
2026-07-01T09:29:42.149Z [INFO] municipality:Township of The Archipelago => jobs_source_type=html_list, confidence=0.8
2026-07-01T09:30:14.413Z [INFO] municipality:Township of Tehkummah => jobs_source_type=manual_review, confidence=0.0
2026-07-01T09:30:19.010Z [INFO] municipality:Township of Tiny => jobs_source_type=html_list, confidence=0.8
2026-07-01T09:30:42.911Z [INFO] municipality:Township of Terrace Bay => jobs_source_type=html_list, confidence=0.8
2026-07-01T09:30:54.084Z [INFO] municipality:Township of Tudor & Cashel => jobs_source_type=manual_review, confidence=0.0
2026-07-01T09:30:56.246Z [INFO] municipality:Township of Uxbridge => jobs_source_type=html_list, confidence=0.8
2026-07-01T09:31:18.197Z [INFO] municipality:Township of Tyendinaga => jobs_source_type=manual_review, confidence=0.0
2026-07-01T09:34:50.388Z [INFO] municipality:Township of St. Joseph => jobs_source_type=html_list, confidence=0.8
2026-07-01T09:34:52.469Z [INFO] municipality:Township of Warwick => jobs_source_type=html_list, confidence=0.8
2026-07-01T09:35:20.607Z [INFO] municipality:Township of Wellesley => jobs_source_type=html_list, confidence=0.8
2026-07-01T09:35:22.826Z [INFO] municipality:Township of Wellington North => jobs_source_type=html_list, confidence=0.8
2026-07-01T09:35:25.964Z [INFO] municipality:Township of West Lincoln => jobs_source_type=html_list, confidence=0.8
2026-07-01T09:35:28.837Z [INFO] municipality:Township of South Frontenac => jobs_source_type=manual_review, confidence=0.0
2026-07-01T09:35:31.236Z [INFO] municipality:Township of Whitewater Region => jobs_source_type=unknown, confidence=0.5
2026-07-01T09:35:34.424Z [INFO] municipality:Township of Wilmot => jobs_source_type=html_list, confidence=0.8
2026-07-01T09:35:47.297Z [INFO] municipality:Township of White River => jobs_source_type=html_list, confidence=0.8
2026-07-01T09:35:48.743Z [INFO] municipality:Township of Woolwich => jobs_source_type=html_list, confidence=0.8
2026-07-01T09:36:09.580Z [INFO] municipality:Township of Wollaston => jobs_source_type=manual_review, confidence=0.0
2026-07-01T09:36:16.840Z [INFO] municipality:Township of Zorra => jobs_source_type=html_list, confidence=0.8
2026-07-01T09:36:23.000Z [INFO] municipality:United Counties of Stormont, Dundas and Glengarry => jobs_source_type=ats_bamboohr, confidence=1.0
2026-07-01T09:36:24.383Z [INFO] municipality:United Townships of Head, Clara & Maria => jobs_source_type=html_list, confidence=0.8
2026-07-01T09:36:37.245Z [INFO] municipality:Township of St. Clair => jobs_source_type=manual_review, confidence=0.0
2026-07-01T09:36:49.118Z [INFO] municipality:United Counties of Prescott and Russell => jobs_source_type=manual_review, confidence=0.0
2026-07-01T09:36:53.485Z [INFO] municipality:Village of Burk's Falls => jobs_source_type=html_list, confidence=0.8
2026-07-01T09:37:11.600Z [INFO] municipality:Village of Merrickville-Wolford => jobs_source_type=html_list, confidence=0.8
2026-07-01T09:37:16.666Z [INFO] municipality:Village of Newbury => jobs_source_type=unknown, confidence=0.5
2026-07-01T09:37:39.701Z [INFO] municipality:Village of Oil Springs => jobs_source_type=html_list, confidence=0.8
2026-07-01T09:38:00.732Z [INFO] municipality:Township of The North Shore => jobs_source_type=html_list, confidence=0.8
2026-07-01T09:38:03.826Z [INFO] municipality:Village of Sundridge => jobs_source_type=unknown, confidence=0.5
2026-07-01T09:38:06.948Z [INFO] municipality:Village of Thornloe => jobs_source_type=ats_workday, confidence=1.0
2026-07-01T09:38:08.184Z [INFO] municipality:Village of South River => jobs_source_type=html_list, confidence=0.8
2026-07-01T09:38:30.088Z [INFO] municipality:Village of Hilton Beach => jobs_source_type=manual_review, confidence=0.0
2026-07-01T09:40:08.246Z [INFO] municipality:Township of Val Rita-Harty => jobs_source_type=html_list, confidence=0.8
2026-07-01T09:40:25.620Z [INFO] municipality:Village of Westport => jobs_source_type=manual_review, confidence=0.0
2026-07-01T09:41:15.161Z [INFO] municipality:Township of Wainfleet => jobs_source_type=manual_review, confidence=0.0
2026-07-01T09:47:15.925Z [INFO] municipality:Village of Point Edward => jobs_source_type=manual_review, confidence=0.0
2026-07-01T09:47:15.926Z [INFO] Loaded First Nations input names: 140
2026-07-01T09:47:17.158Z [INFO] Ontario First Nations directory entries loaded: 140
2026-07-01T09:47:17.158Z [INFO] Resolving First Nation: Aamjiwnaang
2026-07-01T09:47:17.334Z [INFO] Resolving First Nation: Albany
2026-07-01T09:47:23.938Z [INFO] Resolving First Nation: Alderville First Nation
2026-07-01T09:47:24.102Z [INFO] Resolving First Nation: Algonquins of Pikwakanagan First Nation
2026-07-01T09:47:24.263Z [INFO] Resolving First Nation: Animakee Wa Zhing #37
2026-07-01T09:47:24.426Z [INFO] Resolving First Nation: Animbiigoo Zaagi'igan Anishinaabek
2026-07-01T09:47:24.590Z [INFO] Resolving First Nation: Anishinabe of Wauzhushk Onigum
2026-07-01T09:47:32.374Z [INFO] Resolving First Nation: Anishnaabeg of Naongashiing
2026-07-01T09:47:39.713Z [INFO] Resolving First Nation: Apitipi Anicinapek Nation
2026-07-01T09:47:39.872Z [INFO] Resolving First Nation: Aroland
2026-07-01T09:47:40.030Z [INFO] Resolving First Nation: Atikameksheng Anishnawbek
2026-07-01T09:47:40.186Z [INFO] Resolving First Nation: Attawapiskat
2026-07-01T09:47:50.911Z [INFO] Wikidata fallback matched "Attawapiskat" => https://attawapiskat.org/
2026-07-01T09:47:50.911Z [INFO] Resolving First Nation: Aundeck-Omni-Kaning
2026-07-01T09:47:51.071Z [INFO] Resolving First Nation: Batchewana First Nation
2026-07-01T09:47:51.230Z [INFO] Resolving First Nation: Bay of Quinte Mohawk
2026-07-01T09:47:57.620Z [INFO] Resolving First Nation: Bearfoot Onondaga
2026-07-01T09:48:05.948Z [INFO] Resolving First Nation: Bearskin Lake
2026-07-01T09:48:06.229Z [INFO] Resolving First Nation: Beausoleil
2026-07-01T09:48:06.397Z [INFO] Resolving First Nation: Biigtigong Nishnaabeg
2026-07-01T09:48:12.792Z [INFO] Resolving First Nation: Biinjitiwaabik Zaaging Anishinaabek
2026-07-01T09:48:12.960Z [INFO] Resolving First Nation: Bingwi Neyaashi Anishinaabek
2026-07-01T09:48:21.604Z [INFO] Wikidata fallback matched "Bingwi Neyaashi Anishinaabek" => http://www.bnafn.ca/
2026-07-01T09:48:21.604Z [INFO] Resolving First Nation: Brunswick House
2026-07-01T09:48:21.769Z [INFO] Resolving First Nation: Caldwell
2026-07-01T09:48:21.924Z [INFO] Resolving First Nation: Cat Lake
2026-07-01T09:48:22.088Z [INFO] Resolving First Nation: Chapleau Cree First Nation
2026-07-01T09:48:22.245Z [INFO] Resolving First Nation: Chapleau Ojibway
2026-07-01T09:48:22.425Z [INFO] Resolving First Nation: Chippewas of Georgina Island
2026-07-01T09:48:22.574Z [INFO] Resolving First Nation: Chippewas of Kettle and Stony Point
2026-07-01T09:48:22.734Z [INFO] Resolving First Nation: Chippewas of Nawash First Nation
2026-07-01T09:48:22.886Z [INFO] Resolving First Nation: Chippewas of Rama First Nation
2026-07-01T09:48:23.040Z [INFO] Resolving First Nation: Chippewas of the Thames First Nation
2026-07-01T09:48:23.200Z [INFO] Resolving First Nation: Constance Lake
2026-07-01T09:48:23.362Z [INFO] Resolving First Nation: Couchiching First Nation
2026-07-01T09:48:23.516Z [INFO] Resolving First Nation: Curve Lake
2026-07-01T09:48:23.687Z [INFO] Resolving First Nation: Deer Lake
2026-07-01T09:48:26.027Z [INFO] Wikidata fallback matched "Deer Lake" => http://deerlake.firstnation.ca/
2026-07-01T09:48:26.027Z [INFO] Resolving First Nation: Delaware
2026-07-01T09:48:35.534Z [INFO] Resolving First Nation: Dokis
2026-07-01T09:48:35.697Z [INFO] Resolving First Nation: Eabametoong First Nation
2026-07-01T09:49:04.503Z [INFO] Resolving First Nation: Eagle Lake
2026-07-01T09:49:04.665Z [INFO] Resolving First Nation: Flying Post
2026-07-01T09:49:04.818Z [INFO] Resolving First Nation: Fort Severn
2026-07-01T09:49:04.979Z [INFO] Resolving First Nation: Fort William
2026-07-01T09:49:05.138Z [INFO] Resolving First Nation: Gakijiwanong Anishinaabe Nation
2026-07-01T09:49:05.298Z [INFO] Resolving First Nation: Garden River First Nation
2026-07-01T09:49:05.449Z [INFO] Resolving First Nation: Ginoogaming First Nation
2026-07-01T09:49:15.455Z [INFO] Resolving First Nation: Grassy Narrows First Nation
2026-07-01T09:49:22.807Z [INFO] Resolving First Nation: Gull Bay
2026-07-01T09:49:31.217Z [INFO] Resolving First Nation: Henvey Inlet First Nation
2026-07-01T09:49:31.372Z [INFO] Resolving First Nation: Hiawatha First Nation
2026-07-01T09:49:31.535Z [INFO] Resolving First Nation: Iskatewizaagegan #39 Independent First Nation
2026-07-01T09:49:37.921Z [INFO] Resolving First Nation: Kasabonika Lake
2026-07-01T09:49:47.247Z [INFO] Resolving First Nation: Kashechewan
2026-07-01T09:49:56.579Z [INFO] Resolving First Nation: Keewaywin First Nation
2026-07-01T09:49:56.744Z [INFO] Resolving First Nation: Kingfisher
2026-07-01T09:49:56.903Z [INFO] Resolving First Nation: Kitchenuhmaykoosib Inninuwug
2026-07-01T09:49:57.067Z [INFO] Resolving First Nation: Konadaha Seneca
2026-07-01T09:50:05.488Z [INFO] Resolving First Nation: Lac Des Mille Lacs
2026-07-01T09:50:13.808Z [INFO] Wikidata fallback matched "Lac Des Mille Lacs" => https://www.lacdesmillelacsfirstnation.ca/
2026-07-01T09:50:13.808Z [INFO] Resolving First Nation: Lac Seul
2026-07-01T09:50:14.083Z [INFO] Resolving First Nation: Long Lake No.58 First Nation
2026-07-01T09:50:14.237Z [INFO] Resolving First Nation: Lower Cayuga
2026-07-01T09:50:22.841Z [INFO] Resolving First Nation: Lower Mohawk
2026-07-01T09:50:31.160Z [INFO] Resolving First Nation: M'Chigeeng First Nation
2026-07-01T09:50:31.321Z [INFO] Resolving First Nation: Magnetawan
2026-07-01T09:50:31.481Z [INFO] Resolving First Nation: Marten Falls First Nation
2026-07-01T09:50:31.643Z [INFO] Resolving First Nation: Matachewan
2026-07-01T09:50:31.800Z [INFO] Resolving First Nation: Mattagami
2026-07-01T09:50:31.962Z [INFO] Resolving First Nation: McDowell Lake
2026-07-01T09:50:32.120Z [INFO] Resolving First Nation: Michipicoten
2026-07-01T09:50:32.290Z [INFO] Resolving First Nation: Mishkeegogamang
2026-07-01T09:50:32.449Z [INFO] Resolving First Nation: Missanabie Cree
2026-07-01T09:50:32.606Z [INFO] Resolving First Nation: Mississauga
2026-07-01T09:50:32.771Z [INFO] Resolving First Nation: Mississaugas of Scugog Island First Nation
2026-07-01T09:50:32.935Z [INFO] Resolving First Nation: Mississaugas of the Credit
2026-07-01T09:50:33.084Z [INFO] Resolving First Nation: Mitaanjigamiing First Nation
2026-07-01T09:50:35.541Z [INFO] Wikidata fallback matched "Mitaanjigamiing First Nation" => https://mitaanjigamiing.ca/
2026-07-01T09:50:35.541Z [INFO] Resolving First Nation: Mohawks of Akwesasne
2026-07-01T09:50:35.701Z [INFO] Resolving First Nation: Mohawks of the Bay of Quinte
2026-07-01T09:50:35.852Z [INFO] Resolving First Nation: Moose Cree First Nation
2026-07-01T09:50:36.011Z [INFO] Resolving First Nation: Moose Deer Point
2026-07-01T09:50:39.408Z [INFO] Wikidata fallback matched "Moose Deer Point" => https://www.moosedeerpoint.ca/
2026-07-01T09:50:39.408Z [INFO] Resolving First Nation: Moravian of the Thames
2026-07-01T09:50:46.455Z [INFO] Resolving First Nation: Munsee-Delaware Nation
2026-07-01T09:50:46.613Z [INFO] Resolving First Nation: Musk-kosiminiziibing
2026-07-01T09:50:46.769Z [INFO] Resolving First Nation: Muskrat Dam Lake
2026-07-01T09:50:46.928Z [INFO] Resolving First Nation: Naicatchewenin
2026-07-01T09:50:47.097Z [INFO] Resolving First Nation: Naotkamegwanning
2026-07-01T09:50:55.429Z [INFO] Resolving First Nation: Neskantaga First Nation
2026-07-01T09:50:55.609Z [INFO] Resolving First Nation: Netmizaaggamig Nishnaabeg
2026-07-01T09:50:55.782Z [INFO] Resolving First Nation: Nibinamik First Nation
2026-07-01T09:50:59.240Z [INFO] Wikidata fallback matched "Nibinamik First Nation" => https://nibinamik.ca/
2026-07-01T09:50:59.240Z [INFO] Resolving First Nation: Nigigoonsiminikaaning First Nation
2026-07-01T09:50:59.408Z [INFO] Resolving First Nation: Niharondasa Seneca
2026-07-01T09:51:07.748Z [INFO] Resolving First Nation: Niisaachewan Anishinaabe Nation
2026-07-01T09:51:07.927Z [INFO] Resolving First Nation: Nipissing First Nation
2026-07-01T09:51:08.102Z [INFO] Resolving First Nation: North Caribou Lake
2026-07-01T09:51:08.270Z [INFO] Resolving First Nation: North Spirit Lake
2026-07-01T09:51:12.551Z [INFO] Wikidata fallback matched "North Spirit Lake" => http://nsl.firstnation.ca/
2026-07-01T09:51:12.551Z [INFO] Resolving First Nation: Northwest Angle No.33
2026-07-01T09:51:20.619Z [INFO] Resolving First Nation: Ojibway Nation of Saugeen
2026-07-01T09:51:30.048Z [INFO] Resolving First Nation: Ojibways of Onigaming First Nation
2026-07-01T09:51:30.210Z [INFO] Resolving First Nation: Oneida
2026-07-01T09:51:37.590Z [INFO] Resolving First Nation: Oneida Nation of the Thames
2026-07-01T09:51:37.757Z [INFO] Resolving First Nation: Onondaga Clear Sky
2026-07-01T09:51:46.164Z [INFO] Resolving First Nation: Pays Plat
2026-07-01T09:51:46.338Z [INFO] Resolving First Nation: Pikangikum
2026-07-01T09:51:46.508Z [INFO] Resolving First Nation: Poplar Hill
2026-07-01T09:51:46.678Z [INFO] Resolving First Nation: Rainy River First Nations
2026-07-01T09:51:46.840Z [INFO] Resolving First Nation: Red Rock
2026-07-01T09:51:47.002Z [INFO] Resolving First Nation: Sachigo Lake
2026-07-01T09:51:47.166Z [INFO] Resolving First Nation: Sagamok Anishnawbek
2026-07-01T09:51:52.564Z [INFO] Wikidata fallback matched "Sagamok Anishnawbek" => https://www.sagamokanishnawbek.com/
2026-07-01T09:51:52.564Z [INFO] Resolving First Nation: Sandy Lake
2026-07-01T09:52:01.524Z [INFO] Resolving First Nation: Saugeen
2026-07-01T09:52:01.696Z [INFO] Resolving First Nation: Seine River First Nation
2026-07-01T09:52:01.858Z [INFO] Resolving First Nation: Serpent River
2026-07-01T09:52:02.025Z [INFO] Resolving First Nation: Shawanaga First Nation
2026-07-01T09:52:02.192Z [INFO] Resolving First Nation: Sheguiandah
2026-07-01T09:52:02.359Z [INFO] Resolving First Nation: Sheshegwaning
2026-07-01T09:52:02.525Z [INFO] Resolving First Nation: Shoal Lake No.40
2026-07-01T09:52:02.695Z [INFO] Resolving First Nation: Six Nations of the Grand River
2026-07-01T09:52:02.864Z [INFO] Resolving First Nation: Slate Falls Nation
2026-07-01T09:52:03.027Z [INFO] Resolving First Nation: Taykwa Tagamou Nation
2026-07-01T09:52:03.197Z [INFO] Resolving First Nation: Teme Augama Anishinabek
2026-07-01T09:52:03.361Z [INFO] Resolving First Nation: Thessalon
2026-07-01T09:52:11.770Z [INFO] Resolving First Nation: Tuscarora
2026-07-01T09:52:19.311Z [INFO] Resolving First Nation: Upper Cayuga
2026-07-01T09:52:27.642Z [INFO] Resolving First Nation: Upper Mohawk
2026-07-01T09:52:35.979Z [INFO] Resolving First Nation: Wabaseemoong Independent Nations
2026-07-01T09:52:36.157Z [INFO] Resolving First Nation: Wabauskang First Nation
2026-07-01T09:52:43.574Z [INFO] Resolving First Nation: Wabigoon Lake Ojibway Nation
2026-07-01T09:52:43.741Z [INFO] Resolving First Nation: Wahnapitae
2026-07-01T09:52:51.478Z [INFO] Wikidata fallback matched "Wahnapitae" => https://www.wahnapitaefirstnation.com/
2026-07-01T09:52:51.478Z [INFO] Resolving First Nation: Wahta Mohawk
2026-07-01T09:52:51.768Z [INFO] Resolving First Nation: Walker Mohawk
2026-07-01T09:53:00.110Z [INFO] Resolving First Nation: Walpole Island
2026-07-01T09:53:00.273Z [INFO] Resolving First Nation: Wapekeka
2026-07-01T09:53:00.430Z [INFO] Resolving First Nation: Wasauksing First Nation
2026-07-01T09:53:04.756Z [INFO] Wikidata fallback matched "Wasauksing First Nation" => https://wasauksing.ca/
2026-07-01T09:53:04.756Z [INFO] Resolving First Nation: Washagamis Bay
2026-07-01T09:53:12.704Z [INFO] Resolving First Nation: Wawakapewin
2026-07-01T09:53:12.868Z [INFO] Resolving First Nation: Webequie
2026-07-01T09:53:13.028Z [INFO] Resolving First Nation: Weenusk
2026-07-01T09:53:21.344Z [INFO] Resolving First Nation: Whitefish River
2026-07-01T09:53:21.503Z [INFO] Resolving First Nation: Whitesand
2026-07-01T09:53:21.672Z [INFO] Resolving First Nation: Wikwemikong
2026-07-01T09:53:21.839Z [INFO] Resolving First Nation: Wunnumin
2026-07-01T09:53:22.026Z [INFO] Resolving First Nation: Zhiibaahaasing First Nation
2026-07-01T09:53:22.196Z [INFO] First Nations seed finalized: 140
2026-07-01T09:53:22.196Z [INFO] Processing first nation seeds: 140
2026-07-01T09:53:23.418Z [INFO] first_nation:Albany => jobs_source_type=manual_review, confidence=0.0
2026-07-01T09:53:26.389Z [INFO] first_nation:Anishinabe of Wauzhushk Onigum => jobs_source_type=manual_review, confidence=0.0
2026-07-01T09:53:29.301Z [INFO] first_nation:Anishnaabeg of Naongashiing => jobs_source_type=manual_review, confidence=0.0
2026-07-01T09:54:15.322Z [INFO] first_nation:Algonquins of Pikwakanagan First Nation => jobs_source_type=html_list, confidence=0.8
2026-07-01T09:54:15.543Z [INFO] first_nation:Animbiigoo Zaagi'igan Anishinaabek => jobs_source_type=unknown, confidence=0.5
2026-07-01T09:55:17.088Z [INFO] first_nation:Aroland => jobs_source_type=manual_review, confidence=0.0
2026-07-01T09:56:02.441Z [INFO] first_nation:Apitipi Anicinapek Nation => jobs_source_type=unknown, confidence=0.5
2026-07-01T09:56:12.100Z [INFO] first_nation:Atikameksheng Anishnawbek => jobs_source_type=ats_bamboohr, confidence=1.0
2026-07-01T09:56:45.402Z [INFO] first_nation:Aamjiwnaang => jobs_source_type=html_list, confidence=0.8
2026-07-01T09:56:46.546Z [INFO] first_nation:Bay of Quinte Mohawk => jobs_source_type=manual_review, confidence=0.0
2026-07-01T09:56:47.216Z [INFO] first_nation:Batchewana First Nation => jobs_source_type=manual_review, confidence=0.0
2026-07-01T09:56:48.388Z [INFO] first_nation:Bearskin Lake => jobs_source_type=unknown, confidence=0.5
2026-07-01T09:56:50.501Z [INFO] first_nation:Bearfoot Onondaga => jobs_source_type=manual_review, confidence=0.0
2026-07-01T09:56:52.583Z [INFO] first_nation:Biigtigong Nishnaabeg => jobs_source_type=manual_review, confidence=0.0
2026-07-01T09:56:52.888Z [INFO] first_nation:Alderville First Nation => jobs_source_type=html_list, confidence=0.8
2026-07-01T09:57:24.491Z [INFO] first_nation:Biinjitiwaabik Zaaging Anishinaabek => jobs_source_type=html_list, confidence=0.8
2026-07-01T09:57:31.842Z [INFO] first_nation:Beausoleil => jobs_source_type=html_list, confidence=0.8
2026-07-01T09:57:59.933Z [INFO] first_nation:Caldwell => jobs_source_type=html_list, confidence=0.8
2026-07-01T09:58:04.251Z [INFO] first_nation:Attawapiskat => jobs_source_type=unknown, confidence=0.5
2026-07-01T09:58:08.439Z [INFO] first_nation:Cat Lake => jobs_source_type=unknown, confidence=0.5
2026-07-01T09:58:54.446Z [INFO] first_nation:Aundeck-Omni-Kaning => jobs_source_type=manual_review, confidence=0.0
2026-07-01T09:59:16.290Z [INFO] first_nation:Brunswick House => jobs_source_type=manual_review, confidence=0.0
2026-07-01T09:59:47.558Z [INFO] first_nation:Chippewas of Georgina Island => jobs_source_type=html_list, confidence=0.8
2026-07-01T10:00:30.448Z [INFO] first_nation:Chapleau Cree First Nation => jobs_source_type=html_list, confidence=0.8
2026-07-01T10:00:30.610Z [INFO] first_nation:Animakee Wa Zhing #37 => jobs_source_type=manual_review, confidence=0.0
2026-07-01T10:00:57.422Z [INFO] first_nation:Bingwi Neyaashi Anishinaabek => jobs_source_type=html_list, confidence=0.8
2026-07-01T10:01:02.216Z [INFO] first_nation:Chippewas of Kettle and Stony Point => jobs_source_type=html_list, confidence=0.8
2026-07-01T10:01:07.296Z [INFO] first_nation:Couchiching First Nation => jobs_source_type=html_list, confidence=0.8
2026-07-01T10:01:07.915Z [INFO] first_nation:Chippewas of Rama First Nation => jobs_source_type=manual_review, confidence=0.0
2026-07-01T10:02:05.921Z [INFO] first_nation:Chapleau Ojibway => jobs_source_type=html_list, confidence=0.8
2026-07-01T10:02:09.109Z [INFO] first_nation:Delaware => jobs_source_type=manual_review, confidence=0.0
2026-07-01T10:02:11.190Z [INFO] first_nation:Curve Lake => jobs_source_type=manual_review, confidence=0.0
2026-07-01T10:02:34.729Z [INFO] first_nation:Eabametoong First Nation => jobs_source_type=manual_review, confidence=0.0
2026-07-01T10:03:05.120Z [INFO] first_nation:Chippewas of Nawash First Nation => jobs_source_type=html_list, confidence=0.8
2026-07-01T10:03:42.650Z [INFO] first_nation:Dokis => jobs_source_type=html_list, confidence=0.8
2026-07-01T10:04:59.358Z [INFO] first_nation:Eagle Lake => jobs_source_type=html_list, confidence=0.8
2026-07-01T10:05:08.575Z [INFO] first_nation:Chippewas of the Thames First Nation => jobs_source_type=unknown, confidence=0.5
2026-07-01T10:06:12.819Z [INFO] first_nation:Fort Severn => jobs_source_type=unknown, confidence=0.5
2026-07-01T10:07:03.003Z [INFO] first_nation:Flying Post => jobs_source_type=html_list, confidence=0.8
2026-07-01T10:07:06.824Z [INFO] first_nation:Fort William => jobs_source_type=html_list, confidence=0.8
2026-07-01T10:07:08.919Z [INFO] first_nation:Grassy Narrows First Nation => jobs_source_type=manual_review, confidence=0.0
2026-07-01T10:07:10.918Z [INFO] first_nation:Ginoogaming First Nation => jobs_source_type=manual_review, confidence=0.0
2026-07-01T10:07:13.032Z [INFO] first_nation:Gull Bay => jobs_source_type=manual_review, confidence=0.0
2026-07-01T10:07:44.917Z [INFO] first_nation:Garden River First Nation => jobs_source_type=unknown, confidence=0.5
2026-07-01T10:07:46.050Z [INFO] first_nation:Iskatewizaagegan #39 Independent First Nation => jobs_source_type=manual_review, confidence=0.0
2026-07-01T10:07:51.006Z [INFO] first_nation:Kasabonika Lake => jobs_source_type=manual_review, confidence=0.0
2026-07-01T10:07:56.009Z [INFO] first_nation:Kashechewan => jobs_source_type=manual_review, confidence=0.0
2026-07-01T10:08:10.544Z [INFO] first_nation:Henvey Inlet First Nation => jobs_source_type=html_list, confidence=0.8
2026-07-01T10:09:14.554Z [INFO] first_nation:Constance Lake => jobs_source_type=unknown, confidence=0.5
2026-07-01T10:09:15.928Z [INFO] first_nation:Kitchenuhmaykoosib Inninuwug => jobs_source_type=html_list, confidence=0.8
2026-07-01T10:09:19.045Z [INFO] first_nation:Konadaha Seneca => jobs_source_type=manual_review, confidence=0.0
2026-07-01T10:09:26.049Z [INFO] first_nation:Hiawatha First Nation => jobs_source_type=ats_workday, confidence=1.0
2026-07-01T10:09:26.716Z [INFO] first_nation:Deer Lake => jobs_source_type=manual_review, confidence=0.0
2026-07-01T10:09:28.365Z [INFO] first_nation:Lac Seul => jobs_source_type=html_list, confidence=0.8
2026-07-01T10:09:31.471Z [INFO] first_nation:Lower Cayuga => jobs_source_type=manual_review, confidence=0.0
2026-07-01T10:09:32.351Z [INFO] first_nation:Long Lake No.58 First Nation => jobs_source_type=html_list, confidence=0.8
2026-07-01T10:09:35.546Z [INFO] first_nation:Lower Mohawk => jobs_source_type=manual_review, confidence=0.0
2026-07-01T10:09:41.304Z [INFO] first_nation:Kingfisher => jobs_source_type=html_list, confidence=0.8
2026-07-01T10:09:47.141Z [INFO] first_nation:Lac Des Mille Lacs => jobs_source_type=html_list, confidence=0.8
2026-07-01T10:09:52.474Z [INFO] first_nation:Matachewan => jobs_source_type=html_list, confidence=0.8
2026-07-01T10:10:25.851Z [INFO] first_nation:Keewaywin First Nation => jobs_source_type=unknown, confidence=0.5
2026-07-01T10:10:43.285Z [INFO] first_nation:Marten Falls First Nation => jobs_source_type=html_list, confidence=0.8
2026-07-01T10:10:57.029Z [INFO] first_nation:Mattagami => jobs_source_type=manual_review, confidence=0.0
2026-07-01T10:12:27.502Z [INFO] first_nation:M'Chigeeng First Nation => jobs_source_type=html_list, confidence=0.8
2026-07-01T10:12:35.163Z [INFO] first_nation:Mishkeegogamang => jobs_source_type=unknown, confidence=0.5
2026-07-01T10:12:45.277Z [INFO] first_nation:Mississauga => jobs_source_type=unknown, confidence=0.5
2026-07-01T10:12:47.350Z [INFO] first_nation:Mississaugas of Scugog Island First Nation => jobs_source_type=unknown, confidence=0.5
2026-07-01T10:12:55.400Z [INFO] first_nation:McDowell Lake => jobs_source_type=unknown, confidence=0.5
2026-07-01T10:13:06.936Z [INFO] first_nation:Missanabie Cree => jobs_source_type=html_list, confidence=0.8
2026-07-01T10:13:09.310Z [INFO] first_nation:Mohawks of Akwesasne => jobs_source_type=html_list, confidence=0.8
2026-07-01T10:13:30.859Z [INFO] first_nation:Magnetawan => jobs_source_type=html_list, confidence=0.8
2026-07-01T10:13:46.479Z [INFO] first_nation:Mohawks of the Bay of Quinte => jobs_source_type=manual_review, confidence=0.0
2026-07-01T10:13:59.576Z [INFO] first_nation:Moose Deer Point => jobs_source_type=unknown, confidence=0.5
2026-07-01T10:14:00.754Z [INFO] first_nation:Moravian of the Thames => jobs_source_type=manual_review, confidence=0.0
2026-07-01T10:14:03.791Z [INFO] first_nation:Munsee-Delaware Nation => jobs_source_type=html_list, confidence=0.8
2026-07-01T10:14:23.809Z [INFO] first_nation:Gakijiwanong Anishinaabe Nation => jobs_source_type=manual_review, confidence=0.0
2026-07-01T10:14:25.282Z [INFO] first_nation:Muskrat Dam Lake => jobs_source_type=html_list, confidence=0.8
2026-07-01T10:14:29.852Z [INFO] first_nation:Musk-kosiminiziibing => jobs_source_type=html_list, confidence=0.8
2026-07-01T10:14:33.042Z [INFO] first_nation:Naotkamegwanning => jobs_source_type=manual_review, confidence=0.0
2026-07-01T10:14:34.125Z [INFO] first_nation:Moose Cree First Nation => jobs_source_type=manual_review, confidence=0.0
2026-07-01T10:14:40.295Z [INFO] first_nation:Netmizaaggamig Nishnaabeg => jobs_source_type=html_list, confidence=0.8
2026-07-01T10:15:15.422Z [INFO] first_nation:Nibinamik First Nation => jobs_source_type=manual_review, confidence=0.0
2026-07-01T10:15:47.374Z [INFO] first_nation:Neskantaga First Nation => jobs_source_type=unknown, confidence=0.5
2026-07-01T10:15:49.620Z [INFO] first_nation:Mississaugas of the Credit => jobs_source_type=unknown, confidence=0.5
2026-07-01T10:15:50.481Z [INFO] first_nation:Niharondasa Seneca => jobs_source_type=manual_review, confidence=0.0
2026-07-01T10:15:58.771Z [INFO] first_nation:Michipicoten => jobs_source_type=ats_bamboohr, confidence=1.0
2026-07-01T10:15:59.941Z [INFO] first_nation:North Caribou Lake => jobs_source_type=unknown, confidence=0.5
2026-07-01T10:16:34.861Z [INFO] first_nation:Niisaachewan Anishinaabe Nation => jobs_source_type=manual_review, confidence=0.0
2026-07-01T10:16:36.963Z [INFO] first_nation:Northwest Angle No.33 => jobs_source_type=manual_review, confidence=0.0
2026-07-01T10:16:40.862Z [INFO] first_nation:Nipissing First Nation => jobs_source_type=manual_review, confidence=0.0
2026-07-01T10:16:41.980Z [INFO] first_nation:Ojibway Nation of Saugeen => jobs_source_type=manual_review, confidence=0.0
2026-07-01T10:16:45.024Z [INFO] first_nation:Oneida => jobs_source_type=manual_review, confidence=0.0
2026-07-01T10:16:46.866Z [INFO] first_nation:North Spirit Lake => jobs_source_type=manual_review, confidence=0.0
2026-07-01T10:16:48.450Z [INFO] first_nation:Nigigoonsiminikaaning First Nation => jobs_source_type=unknown, confidence=0.5
2026-07-01T10:16:49.969Z [INFO] first_nation:Onondaga Clear Sky => jobs_source_type=manual_review, confidence=0.0
2026-07-01T10:16:51.500Z [INFO] first_nation:Pikangikum => jobs_source_type=html_list, confidence=0.8
2026-07-01T10:17:20.138Z [INFO] first_nation:Oneida Nation of the Thames => jobs_source_type=manual_review, confidence=0.0
2026-07-01T10:18:48.438Z [INFO] first_nation:Ojibways of Onigaming First Nation => jobs_source_type=html_list, confidence=0.8
2026-07-01T10:19:17.984Z [INFO] first_nation:Red Rock => jobs_source_type=html_list, confidence=0.8
2026-07-01T10:19:19.160Z [INFO] first_nation:Sachigo Lake => jobs_source_type=unknown, confidence=0.5
2026-07-01T10:19:21.424Z [INFO] first_nation:Poplar Hill => jobs_source_type=unknown, confidence=0.5
2026-07-01T10:19:24.238Z [INFO] first_nation:Sandy Lake => jobs_source_type=manual_review, confidence=0.0
2026-07-01T10:19:50.957Z [INFO] first_nation:Sagamok Anishnawbek => jobs_source_type=html_list, confidence=0.8
2026-07-01T10:20:33.062Z [INFO] first_nation:Rainy River First Nations => jobs_source_type=html_list, confidence=0.8
2026-07-01T10:21:13.982Z [INFO] first_nation:Seine River First Nation => jobs_source_type=manual_review, confidence=0.0
2026-07-01T10:21:26.000Z [INFO] first_nation:Mitaanjigamiing First Nation => jobs_source_type=html_list, confidence=0.8
2026-07-01T10:22:18.695Z [INFO] first_nation:Shawanaga First Nation => jobs_source_type=manual_review, confidence=0.0
2026-07-01T10:22:46.023Z [INFO] first_nation:Sheshegwaning => jobs_source_type=unknown, confidence=0.5
2026-07-01T10:22:51.653Z [INFO] first_nation:Serpent River => jobs_source_type=html_list, confidence=0.8
2026-07-01T10:23:21.819Z [INFO] first_nation:Shoal Lake No.40 => jobs_source_type=manual_review, confidence=0.0
2026-07-01T10:23:22.997Z [INFO] first_nation:Slate Falls Nation => jobs_source_type=unknown, confidence=0.5
2026-07-01T10:23:36.467Z [INFO] first_nation:Pays Plat => jobs_source_type=unknown, confidence=0.5
2026-07-01T10:24:22.357Z [INFO] first_nation:Naicatchewenin => jobs_source_type=manual_review, confidence=0.0
2026-07-01T10:24:25.509Z [INFO] first_nation:Thessalon => jobs_source_type=manual_review, confidence=0.0
2026-07-01T10:24:28.510Z [INFO] first_nation:Tuscarora => jobs_source_type=manual_review, confidence=0.0
2026-07-01T10:24:31.190Z [INFO] first_nation:Sheguiandah => jobs_source_type=html_list, confidence=0.8
2026-07-01T10:24:33.469Z [INFO] first_nation:Upper Cayuga => jobs_source_type=manual_review, confidence=0.0
2026-07-01T10:24:36.542Z [INFO] first_nation:Upper Mohawk => jobs_source_type=manual_review, confidence=0.0
2026-07-01T10:24:39.457Z [INFO] first_nation:Wabauskang First Nation => jobs_source_type=manual_review, confidence=0.0
2026-07-01T10:24:42.556Z [INFO] first_nation:Wabigoon Lake Ojibway Nation => jobs_source_type=html_list, confidence=0.8
2026-07-01T10:25:12.745Z [INFO] first_nation:Wahnapitae => jobs_source_type=html_list, confidence=0.8
2026-07-01T10:25:47.313Z [INFO] first_nation:Teme Augama Anishinabek => jobs_source_type=ats_bamboohr, confidence=1.0
2026-07-01T10:25:50.422Z [INFO] first_nation:Walker Mohawk => jobs_source_type=manual_review, confidence=0.0
2026-07-01T10:26:17.803Z [INFO] first_nation:Walpole Island => jobs_source_type=html_list, confidence=0.8
2026-07-01T10:26:23.130Z [INFO] first_nation:Six Nations of the Grand River => jobs_source_type=html_list, confidence=0.8
2026-07-01T10:26:38.227Z [INFO] first_nation:Wabaseemoong Independent Nations => jobs_source_type=html_list, confidence=0.8
2026-07-01T10:26:40.326Z [INFO] first_nation:Washagamis Bay => jobs_source_type=manual_review, confidence=0.0
2026-07-01T10:26:42.383Z [INFO] first_nation:Saugeen => jobs_source_type=html_list, confidence=0.8
2026-07-01T10:26:48.104Z [INFO] first_nation:Wahta Mohawk => jobs_source_type=manual_review, confidence=0.0
2026-07-01T10:26:51.230Z [INFO] first_nation:Weenusk => jobs_source_type=manual_review, confidence=0.0
2026-07-01T10:26:56.260Z [INFO] first_nation:Taykwa Tagamou Nation => jobs_source_type=html_list, confidence=0.8
2026-07-01T10:27:09.460Z [INFO] first_nation:Whitefish River => jobs_source_type=ats_bamboohr, confidence=1.0
2026-07-01T10:27:13.721Z [INFO] first_nation:Webequie => jobs_source_type=unknown, confidence=0.5
2026-07-01T10:27:48.889Z [INFO] first_nation:Wunnumin => jobs_source_type=manual_review, confidence=0.0
2026-07-01T10:27:58.886Z [INFO] first_nation:Wapekeka => jobs_source_type=manual_review, confidence=0.0
2026-07-01T10:28:02.930Z [INFO] first_nation:Zhiibaahaasing First Nation => jobs_source_type=unknown, confidence=0.5
2026-07-01T10:28:09.568Z [INFO] first_nation:Wawakapewin => jobs_source_type=html_list, confidence=0.8
2026-07-01T10:28:40.607Z [INFO] first_nation:Wikwemikong => jobs_source_type=html_list, confidence=0.8
2026-07-01T10:29:02.880Z [INFO] first_nation:Wasauksing First Nation => jobs_source_type=ats_bamboohr, confidence=1.0
2026-07-01T10:36:55.337Z [INFO] first_nation:Whitesand => jobs_source_type=manual_review, confidence=0.0
2026-07-01T10:36:55.340Z [INFO] total_orgs=583
2026-07-01T10:36:55.340Z [INFO] with_jobs_url=458
2026-07-01T10:36:55.341Z [INFO] manual_review_total=125
2026-07-01T10:36:55.341Z [INFO] unknown_total=74
2026-07-01T10:36:55.341Z [INFO] manual_review_flag_total=199
2026-07-01T10:36:55.355Z === Discovery run finished 2026-07-01T10:36:55.355Z ===
