2026-05-01T08:55:02.302Z === Discovery run started 2026-05-01T08:55:02.302Z ===
2026-05-01T08:55:02.302Z [INFO] Discovery run date: 2026-05-01
2026-05-01T08:55:02.302Z [INFO] Using First Nations input file: data/first_nations_input.txt
2026-05-01T08:55:02.302Z [INFO] skip_municipalities=false
2026-05-01T08:55:02.527Z [INFO] Fetching municipalities seed page: https://www.amo.on.ca/about-us/municipal-101/ontario-municipalities
2026-05-01T08:55:02.839Z [INFO] Municipality candidates extracted: 443
2026-05-01T08:56:50.381Z [INFO] Municipality seed finalized: 443
2026-05-01T08:56:50.383Z [INFO] Processing municipality seeds: 443
2026-05-01T08:56:52.510Z [INFO] municipality:City of Brantford => jobs_source_type=html_list, confidence=0.8
2026-05-01T08:56:52.528Z [INFO] municipality:City of Belleville => jobs_source_type=html_list, confidence=0.8
2026-05-01T08:56:52.569Z [INFO] municipality:City of Barrie => jobs_source_type=html_list, confidence=0.8
2026-05-01T08:56:52.572Z [INFO] municipality:City of Burlington => jobs_source_type=ats_workday, confidence=1.0
2026-05-01T08:56:53.667Z [INFO] municipality:City of Cambridge => jobs_source_type=html_list, confidence=0.8
2026-05-01T08:56:54.033Z [INFO] municipality:City of Chatham-Kent => jobs_source_type=html_list, confidence=0.8
2026-05-01T08:56:54.646Z [INFO] municipality:City of Cornwall => jobs_source_type=html_list, confidence=0.8
2026-05-01T08:56:54.790Z [INFO] municipality:City of Dryden => jobs_source_type=ats_workday, confidence=1.0
2026-05-01T08:56:56.773Z [INFO] municipality:City of Brampton => jobs_source_type=html_list, confidence=0.8
2026-05-01T08:56:58.115Z [INFO] municipality:City of Elliot Lake => jobs_source_type=html_list, confidence=0.8
2026-05-01T08:56:58.821Z [INFO] municipality:City of Hamilton => jobs_source_type=ats_bamboohr, confidence=1.0
2026-05-01T08:56:59.235Z [INFO] municipality:City of Kawartha Lakes => jobs_source_type=ats_taleo, confidence=1.0
2026-05-01T08:57:01.294Z [INFO] municipality:City of Kingston => jobs_source_type=html_list, confidence=0.8
2026-05-01T08:57:01.901Z [INFO] municipality:City of Kenora => jobs_source_type=ats_bamboohr, confidence=1.0
2026-05-01T08:57:02.640Z [INFO] municipality:City of Kitchener => jobs_source_type=html_list, confidence=0.8
2026-05-01T08:57:03.939Z [INFO] municipality:City of London => jobs_source_type=html_list, confidence=0.8
2026-05-01T08:57:06.284Z [INFO] municipality:City of Markham => jobs_source_type=html_list, confidence=0.8
2026-05-01T08:57:08.953Z [INFO] municipality:City of Niagara Falls => jobs_source_type=ats_workday, confidence=1.0
2026-05-01T08:57:09.993Z [INFO] municipality:City of North Bay => jobs_source_type=html_list, confidence=0.8
2026-05-01T08:57:11.481Z [INFO] municipality:City of Orillia => jobs_source_type=html_list, confidence=0.8
2026-05-01T08:57:12.659Z [INFO] municipality:City of Oshawa => jobs_source_type=html_list, confidence=0.8
2026-05-01T08:57:12.665Z [INFO] municipality:City of Clarence-Rockland => jobs_source_type=html_list, confidence=0.8
2026-05-01T08:57:14.722Z [INFO] municipality:City of Owen Sound => jobs_source_type=html_list, confidence=0.8
2026-05-01T08:57:15.793Z [INFO] municipality:City of Pembroke => jobs_source_type=html_list, confidence=0.8
2026-05-01T08:57:16.906Z [INFO] municipality:City of Peterborough => jobs_source_type=html_list, confidence=0.8
2026-05-01T08:57:18.040Z [INFO] municipality:City of Pickering => jobs_source_type=html_list, confidence=0.8
2026-05-01T08:57:20.130Z [INFO] municipality:City of Port Colborne => jobs_source_type=ats_workday, confidence=1.0
2026-05-01T08:57:39.797Z [INFO] Search fallback query "site:ottawa.ca careers" yielded 20 candidates.
2026-05-01T08:57:48.681Z [INFO] Search fallback query "site:www.quintewest.ca jobs" yielded 9 candidates.
2026-05-01T08:57:54.999Z [INFO] municipality:City of Ottawa => jobs_source_type=html_list, confidence=0.8
2026-05-01T08:58:00.255Z [INFO] municipality:City of Richmond Hill => jobs_source_type=html_list, confidence=0.8
2026-05-01T08:58:07.300Z [INFO] Search fallback query "site:www.quintewest.ca employment opportunities" yielded 7 candidates.
2026-05-01T08:58:37.183Z [INFO] municipality:City of Mississauga => jobs_source_type=html_list, confidence=0.8
2026-05-01T08:59:01.649Z [INFO] Search fallback query "City of Quinte West ontario municipality jobs" yielded 17 candidates.
2026-05-01T09:00:03.462Z [INFO] municipality:City of Brockville => jobs_source_type=html_list, confidence=0.8
2026-05-01T09:00:10.274Z [INFO] municipality:City of St Thomas => jobs_source_type=ats_dayforce, confidence=1.0
2026-05-01T09:00:12.421Z [INFO] municipality:City of St. Catharines => jobs_source_type=html_list, confidence=0.8
2026-05-01T09:00:14.063Z [INFO] municipality:City of Stratford => jobs_source_type=unknown, confidence=0.5
2026-05-01T09:00:15.185Z [INFO] municipality:City of Sarnia => jobs_source_type=html_list, confidence=0.8
2026-05-01T09:00:16.111Z [INFO] municipality:City of Temiskaming Shores => jobs_source_type=html_list, confidence=0.8
2026-05-01T09:00:18.240Z [INFO] municipality:City of Thorold => jobs_source_type=html_list, confidence=0.8
2026-05-01T09:00:18.782Z [INFO] municipality:City of Thunder Bay => jobs_source_type=ats_icims, confidence=1.0
2026-05-01T09:00:20.793Z [INFO] municipality:City of Timmins => jobs_source_type=html_list, confidence=0.8
2026-05-01T09:00:46.512Z [INFO] Search fallback query "site:www.vaughan.ca careers" yielded 24 candidates.
2026-05-01T09:00:56.211Z [INFO] Search fallback query "City of Quinte West ontario careers" yielded 17 candidates.
2026-05-01T09:01:14.404Z [INFO] municipality:City of Guelph => jobs_source_type=ats_icims, confidence=1.0
2026-05-01T09:01:14.451Z [INFO] Search fallback query "site:www.vaughan.ca jobs" yielded 20 candidates.
2026-05-01T09:01:15.576Z [INFO] municipality:City of Waterloo => jobs_source_type=html_list, confidence=0.8
2026-05-01T09:01:44.606Z [INFO] Search fallback query "City of Vaughan ontario municipality jobs" yielded 20 candidates.
2026-05-01T09:01:50.210Z [INFO] municipality:City of Quinte West => jobs_source_type=ats_dayforce, confidence=1.0
2026-05-01T09:01:51.240Z [INFO] municipality:City of Windsor => jobs_source_type=html_list, confidence=0.8
2026-05-01T09:02:05.281Z [INFO] municipality:City of Vaughan => jobs_source_type=unknown, confidence=0.5
2026-05-01T09:02:06.642Z [INFO] municipality:County of Brant => jobs_source_type=html_list, confidence=0.8
2026-05-01T09:02:11.111Z [INFO] municipality:County of Bruce => jobs_source_type=html_list, confidence=0.8
2026-05-01T09:02:18.521Z [INFO] municipality:City of Welland => jobs_source_type=html_list, confidence=0.8
2026-05-01T09:02:19.293Z [INFO] municipality:City of Woodstock => jobs_source_type=html_list, confidence=0.8
2026-05-01T09:02:20.424Z [INFO] municipality:County of Essex => jobs_source_type=ats_workday, confidence=1.0
2026-05-01T09:02:22.483Z [INFO] municipality:County of Grey => jobs_source_type=ats_dayforce, confidence=1.0
2026-05-01T09:02:24.554Z [INFO] municipality:County of Haliburton => jobs_source_type=html_list, confidence=0.8
2026-05-01T09:02:40.782Z [INFO] municipality:City of Sault Ste Marie => jobs_source_type=html_list, confidence=0.8
2026-05-01T09:03:01.825Z [INFO] municipality:County of Hastings => jobs_source_type=manual_review, confidence=0.0
2026-05-01T09:03:58.204Z [INFO] municipality:County of Dufferin => jobs_source_type=html_list, confidence=0.8
2026-05-01T09:04:01.376Z [INFO] municipality:County of Lambton => jobs_source_type=html_list, confidence=0.8
2026-05-01T09:04:58.294Z [INFO] municipality:County of Lanark => jobs_source_type=manual_review, confidence=0.0
2026-05-01T09:05:00.310Z [INFO] municipality:County of Middlesex => jobs_source_type=html_list, confidence=0.8
2026-05-01T09:05:05.408Z [INFO] municipality:County of Huron => jobs_source_type=html_list, confidence=0.8
2026-05-01T09:05:06.519Z [INFO] municipality:County of Oxford => jobs_source_type=html_list, confidence=0.8
2026-05-01T09:05:11.576Z [INFO] municipality:City of Greater Sudbury => jobs_source_type=unknown, confidence=0.5
2026-05-01T09:05:12.584Z [INFO] municipality:County of Perth => jobs_source_type=html_list, confidence=0.8
2026-05-01T09:05:12.690Z [INFO] municipality:County of Peterborough => jobs_source_type=html_list, confidence=0.8
2026-05-01T09:05:14.831Z [INFO] municipality:County of Simcoe => jobs_source_type=html_list, confidence=0.8
2026-05-01T09:05:40.666Z [INFO] municipality:County of Renfrew => jobs_source_type=html_list, confidence=0.8
2026-05-01T09:05:46.090Z [INFO] municipality:County of Wellington => jobs_source_type=html_list, confidence=0.8
2026-05-01T09:05:47.263Z [INFO] municipality:Haldimand County => jobs_source_type=html_list, confidence=0.8
2026-05-01T09:05:49.340Z [INFO] municipality:Leeds & Grenville => jobs_source_type=html_list, confidence=0.8
2026-05-01T09:05:51.387Z [INFO] municipality:Municipality of Arran Elderslie => jobs_source_type=html_list, confidence=0.8
2026-05-01T09:06:05.635Z [INFO] municipality:County of Elgin => jobs_source_type=ats_dayforce, confidence=1.0
2026-05-01T09:06:20.433Z [INFO] municipality:Municipality of Bayham => jobs_source_type=html_list, confidence=0.8
2026-05-01T09:06:24.826Z [INFO] municipality:City of Toronto => jobs_source_type=html_list, confidence=0.8
2026-05-01T09:06:32.680Z [INFO] municipality:Municipality of Billings => jobs_source_type=html_list, confidence=0.8
2026-05-01T09:06:33.844Z [INFO] municipality:Municipality of Brockton => jobs_source_type=html_list, confidence=0.8
2026-05-01T09:06:47.526Z [INFO] municipality:Municipality of Bluewater => jobs_source_type=html_list, confidence=0.8
2026-05-01T09:06:52.877Z [INFO] municipality:Municipality of Brighton => jobs_source_type=html_list, confidence=0.8
2026-05-01T09:07:21.468Z [INFO] municipality:Municipality of Casselman => jobs_source_type=html_list, confidence=0.8
2026-05-01T09:07:23.537Z [INFO] municipality:Municipality of Central Elgin => jobs_source_type=html_list, confidence=0.8
2026-05-01T09:07:51.391Z [INFO] municipality:County of Lennox and Addington => jobs_source_type=html_list, confidence=0.8
2026-05-01T09:07:51.870Z [INFO] municipality:Municipality of Central Huron => jobs_source_type=html_list, confidence=0.8
2026-05-01T09:07:52.452Z [INFO] municipality:Municipality of Central Manitoulin => jobs_source_type=html_list, confidence=0.8
2026-05-01T09:07:53.933Z [INFO] municipality:Municipality of Centre Hastings => jobs_source_type=html_list, confidence=0.8
2026-05-01T09:07:55.049Z [INFO] municipality:Municipality of Clarington => jobs_source_type=html_list, confidence=0.8
2026-05-01T09:08:23.389Z [INFO] municipality:Municipality of Dutton/Dunwich => jobs_source_type=unknown, confidence=0.5
2026-05-01T09:08:25.436Z [INFO] municipality:Municipality of Dysart et al => jobs_source_type=html_list, confidence=0.8
2026-05-01T09:08:32.571Z [INFO] municipality:Municipality of Charlton and Dack => jobs_source_type=manual_review, confidence=0.0
2026-05-01T09:08:44.034Z [INFO] municipality:Municipality of Brooke-Alvinston => jobs_source_type=unknown, confidence=0.5
2026-05-01T09:08:46.234Z [INFO] municipality:County of Northumberland => jobs_source_type=html_list, confidence=0.8
2026-05-01T09:08:48.279Z [INFO] municipality:Municipality of Greenstone => jobs_source_type=html_list, confidence=0.8
2026-05-01T09:08:49.396Z [INFO] municipality:Municipality of Grey Highlands => jobs_source_type=html_list, confidence=0.8
2026-05-01T09:08:52.123Z [INFO] municipality:Frontenac => jobs_source_type=html_list, confidence=0.8
2026-05-01T09:08:59.916Z [INFO] municipality:Municipality of French River => jobs_source_type=html_list, confidence=0.8
2026-05-01T09:09:02.661Z [INFO] municipality:Municipality of East Ferris => jobs_source_type=manual_review, confidence=0.0
2026-05-01T09:09:05.013Z [INFO] municipality:Municipality of Huron East => jobs_source_type=html_list, confidence=0.8
2026-05-01T09:09:14.026Z [INFO] municipality:Municipality of Gordon/Barrie Island => jobs_source_type=unknown, confidence=0.5
2026-05-01T09:09:17.456Z [INFO] municipality:Municipality of Hastings Highlands => jobs_source_type=html_list, confidence=0.8
2026-05-01T09:09:19.508Z [INFO] municipality:Municipality of Lambton Shores => jobs_source_type=html_list, confidence=0.8
2026-05-01T09:09:21.216Z [INFO] municipality:Municipality of Highlands East => jobs_source_type=html_list, confidence=0.8
2026-05-01T09:09:21.584Z [INFO] municipality:Municipality of Leamington => jobs_source_type=html_list, confidence=0.8
2026-05-01T09:09:42.492Z [INFO] municipality:Municipality of Killarney => jobs_source_type=html_list, confidence=0.8
2026-05-01T09:09:43.528Z [INFO] municipality:Municipality of Marmora and Lake => jobs_source_type=html_list, confidence=0.8
2026-05-01T09:09:45.601Z [INFO] municipality:Municipality of Meaford => jobs_source_type=html_list, confidence=0.8
2026-05-01T09:09:48.754Z [INFO] municipality:Municipality of Mississippi Mills => jobs_source_type=html_list, confidence=0.8
2026-05-01T09:09:50.366Z [INFO] municipality:Municipality of Magnetawan => jobs_source_type=unknown, confidence=0.5
2026-05-01T09:09:51.482Z [INFO] municipality:Municipality of Neebing => jobs_source_type=html_list, confidence=0.8
2026-05-01T09:10:17.742Z [INFO] municipality:Municipality of Morris-Turnberry => jobs_source_type=unknown, confidence=0.5
2026-05-01T09:10:18.754Z [INFO] municipality:Municipality of North Middlesex => jobs_source_type=html_list, confidence=0.8
2026-05-01T09:10:19.841Z [INFO] municipality:Municipality of North Perth => jobs_source_type=html_list, confidence=0.8
2026-05-01T09:10:22.934Z [INFO] municipality:Municipality of Northern Bruce Peninsula => jobs_source_type=html_list, confidence=0.8
2026-05-01T09:11:12.324Z [INFO] municipality:Municipality of Markstay-Warren => jobs_source_type=html_list, confidence=0.8
2026-05-01T09:11:14.412Z [INFO] municipality:Municipality of Port Hope => jobs_source_type=html_list, confidence=0.8
2026-05-01T09:11:23.250Z [INFO] municipality:Municipality of Oliver Paipoonge => jobs_source_type=manual_review, confidence=0.0
2026-05-01T09:11:47.565Z [INFO] municipality:Municipality of Powassan => jobs_source_type=html_list, confidence=0.8
2026-05-01T09:11:51.327Z [INFO] municipality:Municipality of Red Lake => jobs_source_type=html_list, confidence=0.8
2026-05-01T09:12:01.457Z [INFO] municipality:Municipality of Sioux Lookout => jobs_source_type=html_list, confidence=0.8
2026-05-01T09:12:06.984Z [INFO] municipality:Municipality of Huron Shores => jobs_source_type=html_list, confidence=0.8
2026-05-01T09:12:35.062Z [INFO] municipality:Municipality of South Dundas => jobs_source_type=html_list, confidence=0.8
2026-05-01T09:12:35.567Z [INFO] municipality:Municipality of South Bruce => jobs_source_type=manual_review, confidence=0.0
2026-05-01T09:12:37.111Z [INFO] municipality:Municipality of South Huron => jobs_source_type=html_list, confidence=0.8
2026-05-01T09:12:37.577Z [INFO] municipality:Municipality of Southwest Middlesex => jobs_source_type=unknown, confidence=0.5
2026-05-01T09:13:05.792Z [INFO] municipality:Municipality of Temagami => jobs_source_type=html_list, confidence=0.8
2026-05-01T09:13:08.856Z [INFO] municipality:Municipality of Thames Centre => jobs_source_type=html_list, confidence=0.8
2026-05-01T09:13:10.978Z [INFO] municipality:Municipality of The Nation => jobs_source_type=html_list, confidence=0.8
2026-05-01T09:13:14.036Z [INFO] municipality:Municipality of Trent Hills => jobs_source_type=html_list, confidence=0.8
2026-05-01T09:13:14.343Z [INFO] municipality:Municipality of St. Charles => jobs_source_type=manual_review, confidence=0.0
2026-05-01T09:13:18.789Z [INFO] municipality:Municipality of Shuniah => jobs_source_type=html_list, confidence=0.8
2026-05-01T09:13:32.842Z [INFO] municipality:Municipality of Wawa => jobs_source_type=html_list, confidence=0.8
2026-05-01T09:13:36.910Z [INFO] municipality:Municipality of West Elgin => jobs_source_type=html_list, confidence=0.8
2026-05-01T09:13:38.035Z [INFO] municipality:Municipality of West Grey => jobs_source_type=html_list, confidence=0.8
2026-05-01T09:13:42.088Z [INFO] municipality:Municipality of Trent Lakes => jobs_source_type=html_list, confidence=0.8
2026-05-01T09:13:42.750Z [INFO] municipality:Municipality of Tweed => jobs_source_type=html_list, confidence=0.8
2026-05-01T09:13:46.741Z [INFO] municipality:Municipality of West Nipissing => jobs_source_type=unknown, confidence=0.5
2026-05-01T09:13:47.147Z [INFO] municipality:Municipality of West Perth => jobs_source_type=html_list, confidence=0.8
2026-05-01T09:13:48.806Z [INFO] municipality:Norfolk County => jobs_source_type=html_list, confidence=0.8
2026-05-01T09:13:50.958Z [INFO] municipality:Regional Municipality of Durham => jobs_source_type=html_list, confidence=0.8
2026-05-01T09:13:53.083Z [INFO] municipality:Regional Municipality of Halton => jobs_source_type=html_list, confidence=0.8
2026-05-01T09:13:54.106Z [INFO] municipality:Regional Municipality of Niagara => jobs_source_type=unknown, confidence=0.5
2026-05-01T09:13:56.685Z [INFO] municipality:Regional Municipality of Peel => jobs_source_type=ats_workday, confidence=1.0
2026-05-01T09:13:59.780Z [INFO] municipality:Regional Municipality of Waterloo => jobs_source_type=html_list, confidence=0.8
2026-05-01T09:14:01.869Z [INFO] municipality:Regional Municipality of York => jobs_source_type=html_list, confidence=0.8
2026-05-01T09:14:02.975Z [INFO] municipality:Separated Town of Smiths Falls => jobs_source_type=html_list, confidence=0.8
2026-05-01T09:14:11.284Z [INFO] municipality:Municipality of Whitestone => jobs_source_type=html_list, confidence=0.8
2026-05-01T09:14:13.431Z [INFO] municipality:Town of Ajax => jobs_source_type=ats_workday, confidence=1.0
2026-05-01T09:14:14.531Z [INFO] municipality:Town of Amherstburg => jobs_source_type=html_list, confidence=0.8
2026-05-01T09:14:18.708Z [INFO] municipality:Town of Arnprior => jobs_source_type=html_list, confidence=0.8
2026-05-01T09:15:53.105Z [INFO] municipality:The District of Muskoka => jobs_source_type=html_list, confidence=0.8
2026-05-01T09:16:10.700Z [INFO] municipality:Prince Edward County => jobs_source_type=html_list, confidence=0.8
2026-05-01T09:16:40.287Z [INFO] municipality:Town of Bancroft => jobs_source_type=html_list, confidence=0.8
2026-05-01T09:16:42.329Z [INFO] municipality:Town of Blind River => jobs_source_type=html_list, confidence=0.8
2026-05-01T09:16:43.402Z [INFO] municipality:Town of Bracebridge => jobs_source_type=html_list, confidence=0.8
2026-05-01T09:16:44.037Z [INFO] municipality:Municipality of Callander => jobs_source_type=manual_review, confidence=0.0
2026-05-01T09:16:45.481Z [INFO] municipality:Town of Bradford West Gwillimbury => jobs_source_type=html_list, confidence=0.8
2026-05-01T09:16:47.102Z [INFO] municipality:Town of Caledon => jobs_source_type=unknown, confidence=0.5
2026-05-01T09:16:54.276Z [INFO] municipality:Town of Carleton Place => jobs_source_type=html_list, confidence=0.8
2026-05-01T09:17:13.538Z [INFO] municipality:Town of Aylmer => jobs_source_type=unknown, confidence=0.5
2026-05-01T09:17:20.779Z [INFO] municipality:Town of Cobourg => jobs_source_type=html_list, confidence=0.8
2026-05-01T09:18:40.073Z [INFO] municipality:Town of Cobalt => jobs_source_type=html_list, confidence=0.8
2026-05-01T09:18:44.238Z [INFO] municipality:Town of Collingwood => jobs_source_type=html_list, confidence=0.8
2026-05-01T09:18:49.389Z [INFO] municipality:Town of Deep River => jobs_source_type=unknown, confidence=0.5
2026-05-01T09:19:11.349Z [INFO] municipality:Municipality of Kincardine => jobs_source_type=manual_review, confidence=0.0
2026-05-01T09:19:13.468Z [INFO] municipality:Town of East Gwillimbury => jobs_source_type=html_list, confidence=0.8
2026-05-01T09:19:17.435Z [INFO] municipality:Town of Deseronto => jobs_source_type=html_list, confidence=0.8
2026-05-01T09:19:18.532Z [INFO] municipality:Town of Erin => jobs_source_type=unknown, confidence=0.5
2026-05-01T09:19:26.823Z [INFO] municipality:Town of Englehart => jobs_source_type=html_list, confidence=0.8
2026-05-01T09:19:27.967Z [INFO] municipality:Town of Essex => jobs_source_type=unknown, confidence=0.5
2026-05-01T09:19:31.037Z [INFO] municipality:Town of Fort Erie => jobs_source_type=html_list, confidence=0.8
2026-05-01T09:19:34.290Z [INFO] municipality:Town of Fort Frances => jobs_source_type=html_list, confidence=0.8
2026-05-01T09:19:34.931Z [INFO] municipality:Town of Espanola => jobs_source_type=html_list, confidence=0.8
2026-05-01T09:19:37.026Z [INFO] municipality:Town of Georgina => jobs_source_type=html_list, confidence=0.8
2026-05-01T09:19:42.016Z [INFO] municipality:Town of Cochrane => jobs_source_type=html_list, confidence=0.8
2026-05-01T09:19:46.057Z [INFO] municipality:Town of Gore Bay => jobs_source_type=html_list, confidence=0.8
2026-05-01T09:19:48.494Z [INFO] municipality:Municipality of North Grenville => jobs_source_type=manual_review, confidence=0.0
2026-05-01T09:19:51.583Z [INFO] municipality:Town of Gravenhurst => jobs_source_type=html_list, confidence=0.8
2026-05-01T09:19:52.378Z [INFO] municipality:Town of Grand Valley => jobs_source_type=html_list, confidence=0.8
2026-05-01T09:19:52.716Z [INFO] municipality:Town of Greater Napanee => jobs_source_type=html_list, confidence=0.8
2026-05-01T09:19:53.552Z [INFO] municipality:Town of Grimsby => jobs_source_type=html_list, confidence=0.8
2026-05-01T09:19:54.854Z [INFO] municipality:Town of Halton Hills => jobs_source_type=html_list, confidence=0.8
2026-05-01T09:19:55.681Z [INFO] municipality:Town of Hanover => jobs_source_type=html_list, confidence=0.8
2026-05-01T09:19:57.346Z [INFO] municipality:Town of Hawkesbury => jobs_source_type=html_list, confidence=0.8
2026-05-01T09:20:02.448Z [INFO] municipality:Town of Gananoque => jobs_source_type=html_list, confidence=0.8
2026-05-01T09:20:04.536Z [INFO] municipality:Town of Ingersoll => jobs_source_type=html_list, confidence=0.8
2026-05-01T09:20:05.108Z [INFO] municipality:Town of Goderich => jobs_source_type=html_list, confidence=0.8
2026-05-01T09:20:06.646Z [INFO] municipality:Town of Innisfil => jobs_source_type=html_list, confidence=0.8
2026-05-01T09:20:07.154Z [INFO] municipality:Town of Iroquois Falls => jobs_source_type=html_list, confidence=0.8
2026-05-01T09:20:32.499Z [INFO] municipality:Town of Huntsville => jobs_source_type=manual_review, confidence=0.0
2026-05-01T09:20:36.557Z [INFO] municipality:Town of Kingsville => jobs_source_type=html_list, confidence=0.8
2026-05-01T09:20:37.683Z [INFO] municipality:Town of Kapuskasing => jobs_source_type=html_list, confidence=0.8
2026-05-01T09:20:38.805Z [INFO] municipality:Town of Lakeshore => jobs_source_type=ats_dayforce, confidence=1.0
2026-05-01T09:20:39.052Z [INFO] municipality:Town of Kirkland Lake => jobs_source_type=html_list, confidence=0.8
2026-05-01T09:20:39.877Z [INFO] municipality:Town of LaSalle => jobs_source_type=html_list, confidence=0.8
2026-05-01T09:20:41.136Z [INFO] municipality:Town of Laurentian Hills => jobs_source_type=unknown, confidence=0.5
2026-05-01T09:20:42.505Z [INFO] municipality:Town of Kearney => jobs_source_type=manual_review, confidence=0.0
2026-05-01T09:20:43.253Z [INFO] municipality:Town of Lincoln => jobs_source_type=html_list, confidence=0.8
2026-05-01T09:20:44.549Z [INFO] municipality:Town of Marathon => jobs_source_type=html_list, confidence=0.8
2026-05-01T09:20:45.673Z [INFO] municipality:Town of Midland => jobs_source_type=html_list, confidence=0.8
2026-05-01T09:20:47.794Z [INFO] municipality:Town of Milton => jobs_source_type=ats_workday, confidence=1.0
2026-05-01T09:21:11.056Z [INFO] municipality:Town of Minto => jobs_source_type=html_list, confidence=0.8
2026-05-01T09:21:11.468Z [INFO] municipality:Town of Mattawa => jobs_source_type=unknown, confidence=0.5
2026-05-01T09:21:14.090Z [INFO] municipality:Town of Mono => jobs_source_type=html_list, confidence=0.8
2026-05-01T09:21:16.165Z [INFO] municipality:Town of New Tecumseth => jobs_source_type=html_list, confidence=0.8
2026-05-01T09:21:20.320Z [INFO] municipality:Town of Newmarket => jobs_source_type=html_list, confidence=0.8
2026-05-01T09:22:10.832Z [INFO] municipality:Town of Latchford => jobs_source_type=unknown, confidence=0.5
2026-05-01T09:22:39.175Z [INFO] municipality:Town of Northeastern Manitoulin and The Islands => jobs_source_type=html_list, confidence=0.8
2026-05-01T09:23:12.479Z [INFO] municipality:Town of Niagara-on-the-Lake => jobs_source_type=manual_review, confidence=0.0
2026-05-01T09:23:16.608Z [INFO] municipality:Town of Orangeville => jobs_source_type=ats_dayforce, confidence=1.0
2026-05-01T09:23:22.666Z [INFO] municipality:Town of Parry Sound => jobs_source_type=html_list, confidence=0.8
2026-05-01T09:23:23.822Z [INFO] municipality:Town of Pelham => jobs_source_type=html_list, confidence=0.8
2026-05-01T09:23:39.866Z [INFO] municipality:Town of Hearst => jobs_source_type=html_list, confidence=0.8
2026-05-01T09:23:44.930Z [INFO] municipality:Town of Perth => jobs_source_type=html_list, confidence=0.8
2026-05-01T09:23:51.899Z [INFO] municipality:Town of Penetanguishene => jobs_source_type=unknown, confidence=0.5
2026-05-01T09:24:16.593Z [INFO] municipality:Town of Aurora => jobs_source_type=manual_review, confidence=0.0
2026-05-01T09:24:17.735Z [INFO] municipality:Town of Plympton-Wyoming => jobs_source_type=html_list, confidence=0.8
2026-05-01T09:24:34.936Z [INFO] municipality:Town of Moosonee => jobs_source_type=html_list, confidence=0.8
2026-05-01T09:24:44.251Z [INFO] municipality:Town of Bruce Mines => jobs_source_type=html_list, confidence=0.8
2026-05-01T09:24:45.800Z [INFO] municipality:Town of Prescott => jobs_source_type=html_list, confidence=0.8
2026-05-01T09:24:46.937Z [INFO] municipality:Town of Saugeen Shores => jobs_source_type=html_list, confidence=0.8
2026-05-01T09:24:48.033Z [INFO] municipality:Town of Shelburne => jobs_source_type=html_list, confidence=0.8
2026-05-01T09:25:11.852Z [INFO] municipality:Town of Renfrew => jobs_source_type=html_list, confidence=0.8
2026-05-01T09:25:12.192Z [INFO] municipality:Town of Rainy River => jobs_source_type=manual_review, confidence=0.0
2026-05-01T09:25:13.320Z [INFO] municipality:Town of St. Marys => jobs_source_type=html_list, confidence=0.8
2026-05-01T09:25:13.935Z [INFO] municipality:Town of South Bruce Peninsula => jobs_source_type=html_list, confidence=0.8
2026-05-01T09:25:16.041Z [INFO] municipality:Town of The Blue Mountains => jobs_source_type=ats_dayforce, confidence=1.0
2026-05-01T09:25:18.384Z [INFO] municipality:Town of Tecumseh => jobs_source_type=ats_dayforce, confidence=1.0
2026-05-01T09:25:22.595Z [INFO] municipality:Town of Tillsonburg => jobs_source_type=html_list, confidence=0.8
2026-05-01T09:25:24.644Z [INFO] municipality:Town of Wasaga Beach => jobs_source_type=html_list, confidence=0.8
2026-05-01T09:25:25.729Z [INFO] municipality:Town of Whitby => jobs_source_type=ats_workday, confidence=1.0
2026-05-01T09:25:27.800Z [INFO] municipality:Town of Whitchurch-Stouffville => jobs_source_type=html_list, confidence=0.8
2026-05-01T09:25:40.574Z [INFO] municipality:Town of Petrolia => jobs_source_type=html_list, confidence=0.8
2026-05-01T09:25:42.584Z [INFO] municipality:Township of Adelaide Metcalfe => jobs_source_type=unknown, confidence=0.5
2026-05-01T09:26:04.032Z [INFO] municipality:Township of Addington Highlands => jobs_source_type=manual_review, confidence=0.0
2026-05-01T09:26:05.583Z [INFO] municipality:Town of Petawawa => jobs_source_type=html_list, confidence=0.8
2026-05-01T09:27:43.722Z [INFO] municipality:Town of Smooth Rock Falls => jobs_source_type=html_list, confidence=0.8
2026-05-01T09:27:44.444Z [INFO] municipality:Township of Alberton => jobs_source_type=ats_taleo, confidence=1.0
2026-05-01T09:27:48.225Z [INFO] municipality:Township of Alfred & Plantagenet => jobs_source_type=html_list, confidence=0.8
2026-05-01T09:27:49.624Z [INFO] municipality:Township of Adjala-Tosorontio => jobs_source_type=html_list, confidence=0.8
2026-05-01T09:27:58.801Z [INFO] municipality:Township of Admaston-Bromley => jobs_source_type=html_list, confidence=0.8
2026-05-01T09:28:11.874Z [INFO] municipality:Township of Armour => jobs_source_type=unknown, confidence=0.5
2026-05-01T09:28:14.493Z [INFO] municipality:Township of Algonquin Highlands => jobs_source_type=html_list, confidence=0.8
2026-05-01T09:28:17.676Z [INFO] municipality:Township of Amaranth => jobs_source_type=html_list, confidence=0.8
2026-05-01T09:28:18.802Z [INFO] municipality:Township of Asphodel-Norwood => jobs_source_type=html_list, confidence=0.8
2026-05-01T09:28:22.379Z [INFO] municipality:Township of Alnwick/Haldimand => jobs_source_type=manual_review, confidence=0.0
2026-05-01T09:28:32.877Z [INFO] municipality:Township of Assiginack => jobs_source_type=html_list, confidence=0.8
2026-05-01T09:28:37.595Z [INFO] municipality:Township of Ashfield-Colborne-Wawanosh => jobs_source_type=html_list, confidence=0.8
2026-05-01T09:28:38.690Z [INFO] municipality:Township of Atikokan => jobs_source_type=html_list, confidence=0.8
2026-05-01T09:28:40.063Z [INFO] municipality:Township of Armstrong => jobs_source_type=html_list, confidence=0.8
2026-05-01T09:29:38.681Z [INFO] municipality:Township of Beckwith => jobs_source_type=manual_review, confidence=0.0
2026-05-01T09:29:53.834Z [INFO] municipality:Township of Baldwin => jobs_source_type=manual_review, confidence=0.0
2026-05-01T09:30:09.725Z [INFO] municipality:Township of Black River Matheson => jobs_source_type=html_list, confidence=0.8
2026-05-01T09:30:10.253Z [INFO] municipality:Township of Athens => jobs_source_type=html_list, confidence=0.8
2026-05-01T09:30:12.062Z [INFO] municipality:Township of Bonnechere Valley => jobs_source_type=unknown, confidence=0.5
2026-05-01T09:30:13.182Z [INFO] municipality:Township of Brock => jobs_source_type=html_list, confidence=0.8
2026-05-01T09:30:14.783Z [INFO] municipality:Township of Bonfield => jobs_source_type=html_list, confidence=0.8
2026-05-01T09:30:21.889Z [INFO] municipality:Township of Blandford Blenheim => jobs_source_type=html_list, confidence=0.8
2026-05-01T09:30:35.777Z [INFO] municipality:Town of Thessalon => jobs_source_type=html_list, confidence=0.8
2026-05-01T09:30:45.902Z [INFO] municipality:Township of Burpee & Mills => jobs_source_type=unknown, confidence=0.5
2026-05-01T09:30:50.046Z [INFO] municipality:Township of Calvin => jobs_source_type=unknown, confidence=0.5
2026-05-01T09:30:57.761Z [INFO] municipality:Town of Oakville => jobs_source_type=html_list, confidence=0.8
2026-05-01T09:31:15.823Z [INFO] municipality:Township of Augusta => jobs_source_type=html_list, confidence=0.8
2026-05-01T09:31:21.899Z [INFO] municipality:Township of Central Frontenac => jobs_source_type=html_list, confidence=0.8
2026-05-01T09:31:25.819Z [INFO] municipality:Township of Cavan Monaghan => jobs_source_type=html_list, confidence=0.8
2026-05-01T09:31:26.959Z [INFO] municipality:Township of Centre Wellington => jobs_source_type=html_list, confidence=0.8
2026-05-01T09:31:32.025Z [INFO] municipality:Township of Champlain => jobs_source_type=html_list, confidence=0.8
2026-05-01T09:32:00.970Z [INFO] municipality:Township of Chamberlain => jobs_source_type=manual_review, confidence=0.0
2026-05-01T09:32:16.314Z [INFO] municipality:Township of Carlow/Mayo => jobs_source_type=unknown, confidence=0.5
2026-05-01T09:32:23.938Z [INFO] municipality:Township of Carling => jobs_source_type=html_list, confidence=0.8
2026-05-01T09:32:27.295Z [INFO] municipality:Township of Brudenell, Lyndoch and Raglan => jobs_source_type=html_list, confidence=0.8
2026-05-01T09:32:29.412Z [INFO] municipality:Township of Clearview => jobs_source_type=html_list, confidence=0.8
2026-05-01T09:32:39.658Z [INFO] municipality:Township of Casey => jobs_source_type=unknown, confidence=0.5
2026-05-01T09:32:52.045Z [INFO] municipality:Township of Chisholm => jobs_source_type=html_list, confidence=0.8
2026-05-01T09:33:05.256Z [INFO] municipality:Township of Cockburn Island => jobs_source_type=manual_review, confidence=0.0
2026-05-01T09:33:08.306Z [INFO] municipality:Township of Coleman => jobs_source_type=html_list, confidence=0.8
2026-05-01T09:33:33.308Z [INFO] municipality:Township of Cramahe => jobs_source_type=html_list, confidence=0.8
2026-05-01T09:33:45.161Z [INFO] municipality:Township of Chapple => jobs_source_type=html_list, confidence=0.8
2026-05-01T09:34:03.686Z [INFO] municipality:Township of Chatsworth => jobs_source_type=html_list, confidence=0.8
2026-05-01T09:34:27.886Z [INFO] municipality:Township of Dorion => jobs_source_type=unknown, confidence=0.5
2026-05-01T09:34:30.750Z [INFO] municipality:Township of Douro-Dummer => jobs_source_type=html_list, confidence=0.8
2026-05-01T09:34:33.845Z [INFO] municipality:Township of Dawson => jobs_source_type=manual_review, confidence=0.0
2026-05-01T09:34:46.382Z [INFO] municipality:Township of Dawn-Euphemia => jobs_source_type=manual_review, confidence=0.0
2026-05-01T09:35:00.918Z [INFO] municipality:Township of Drummond-North Elmsley => jobs_source_type=unknown, confidence=0.5
2026-05-01T09:35:14.445Z [INFO] municipality:Township of East Garafraxa => jobs_source_type=html_list, confidence=0.8
2026-05-01T09:35:16.518Z [INFO] municipality:Township of East Zorra-Tavistock => jobs_source_type=html_list, confidence=0.8
2026-05-01T09:35:29.405Z [INFO] municipality:Township of East Hawkesbury => jobs_source_type=html_list, confidence=0.8
2026-05-01T09:35:47.801Z [INFO] municipality:Township of Edwardsburgh/Cardinal => jobs_source_type=html_list, confidence=0.8
2026-05-01T09:35:57.447Z [INFO] municipality:Township of Elizabethtown - Kitley => jobs_source_type=html_list, confidence=0.8
2026-05-01T09:36:00.877Z [INFO] municipality:Township of Conmee => jobs_source_type=manual_review, confidence=0.0
2026-05-01T09:36:28.922Z [INFO] municipality:Township of Essa => jobs_source_type=html_list, confidence=0.8
2026-05-01T09:36:40.347Z [INFO] municipality:Township of Ear Falls => jobs_source_type=unknown, confidence=0.5
2026-05-01T09:36:57.061Z [INFO] municipality:Township of Enniskillen => jobs_source_type=manual_review, confidence=0.0
2026-05-01T09:37:08.048Z [INFO] municipality:Township of Evanturel => jobs_source_type=manual_review, confidence=0.0
2026-05-01T09:37:19.314Z [INFO] municipality:Township of Dubreuilville => jobs_source_type=html_list, confidence=0.8
2026-05-01T09:37:36.882Z [INFO] municipality:Township of Emo => jobs_source_type=html_list, confidence=0.8
2026-05-01T09:37:40.675Z [INFO] municipality:Township of Gauthier => jobs_source_type=ats_workday, confidence=1.0
2026-05-01T09:37:42.208Z [INFO] municipality:Township of Front of Yonge => jobs_source_type=manual_review, confidence=0.0
2026-05-01T09:37:43.319Z [INFO] municipality:Township of Georgian Bluffs => jobs_source_type=html_list, confidence=0.8
2026-05-01T09:37:45.430Z [INFO] municipality:Township of Gillies => jobs_source_type=html_list, confidence=0.8
2026-05-01T09:37:45.738Z [INFO] municipality:Township of Georgian Bay => jobs_source_type=html_list, confidence=0.8
2026-05-01T09:37:47.370Z [INFO] municipality:Township of Frontenac Islands => jobs_source_type=html_list, confidence=0.8
2026-05-01T09:37:48.481Z [INFO] municipality:Township of Hamilton => jobs_source_type=html_list, confidence=0.8
2026-05-01T09:38:09.727Z [INFO] municipality:Township of Faraday => jobs_source_type=unknown, confidence=0.5
2026-05-01T09:38:12.485Z [INFO] municipality:Township of Greater Madawaska => jobs_source_type=html_list, confidence=0.8
2026-05-01T09:38:25.830Z [INFO] municipality:Township of Harley => jobs_source_type=manual_review, confidence=0.0
2026-05-01T09:38:43.530Z [INFO] municipality:Township of Havelock-Belmont-Methuen => jobs_source_type=html_list, confidence=0.8
2026-05-01T09:38:43.541Z [INFO] municipality:Township of Fauquier-Strickland => jobs_source_type=html_list, confidence=0.8
2026-05-01T09:38:49.439Z [INFO] municipality:Township of Harris => jobs_source_type=manual_review, confidence=0.0
2026-05-01T09:38:50.621Z [INFO] municipality:Township of Horton => jobs_source_type=unknown, confidence=0.5
2026-05-01T09:39:11.589Z [INFO] municipality:Township of Hornepayne => jobs_source_type=unknown, confidence=0.5
2026-05-01T09:39:32.385Z [INFO] municipality:Township of Chapleau => jobs_source_type=html_list, confidence=0.8
2026-05-01T09:39:33.511Z [INFO] municipality:Township of Huron-Kinloss => jobs_source_type=ats_workday, confidence=1.0
2026-05-01T09:39:50.742Z [INFO] municipality:Township of Howick => jobs_source_type=manual_review, confidence=0.0
2026-05-01T09:39:52.123Z [INFO] municipality:Township of Hilliard => jobs_source_type=unknown, confidence=0.5
2026-05-01T09:39:55.902Z [INFO] municipality:Township of James => jobs_source_type=unknown, confidence=0.5
2026-05-01T09:40:04.765Z [INFO] municipality:Township of Ignace => jobs_source_type=html_list, confidence=0.8
2026-05-01T09:40:18.583Z [INFO] municipality:Township of Guelph-Eramosa => jobs_source_type=html_list, confidence=0.8
2026-05-01T09:40:33.932Z [INFO] municipality:Township of Joly => jobs_source_type=unknown, confidence=0.5
2026-05-01T09:40:41.282Z [INFO] municipality:Township of Hilton => jobs_source_type=unknown, confidence=0.5
2026-05-01T09:40:56.836Z [INFO] municipality:Township of King => jobs_source_type=html_list, confidence=0.8
2026-05-01T09:40:58.412Z [INFO] municipality:Township of Hudson => jobs_source_type=unknown, confidence=0.5
2026-05-01T09:41:04.091Z [INFO] municipality:Township of Killaloe, Hagarty & Richards => jobs_source_type=html_list, confidence=0.8
2026-05-01T09:41:10.141Z [INFO] municipality:Township of Lake of Bays => jobs_source_type=html_list, confidence=0.8
2026-05-01T09:41:34.040Z [INFO] municipality:Township of Kerns => jobs_source_type=manual_review, confidence=0.0
2026-05-01T09:41:58.940Z [INFO] municipality:Township of La Vallee => jobs_source_type=manual_review, confidence=0.0
2026-05-01T09:42:02.352Z [INFO] municipality:Township of Johnson => jobs_source_type=html_list, confidence=0.8
2026-05-01T09:42:03.562Z [INFO] municipality:Township of Lanark Highlands => jobs_source_type=html_list, confidence=0.8
2026-05-01T09:42:04.480Z [INFO] municipality:Township of Laurentian Valley => jobs_source_type=html_list, confidence=0.8
2026-05-01T09:42:25.678Z [INFO] municipality:Township of Lake of the Woods => jobs_source_type=unknown, confidence=0.5
2026-05-01T09:42:26.808Z [INFO] municipality:Township of Loyalist => jobs_source_type=html_list, confidence=0.8
2026-05-01T09:42:27.823Z [INFO] municipality:Township of Lucan Biddulph => jobs_source_type=html_list, confidence=0.8
2026-05-01T09:42:29.407Z [INFO] municipality:Township of Laird => jobs_source_type=pdf, confidence=0.5
2026-05-01T09:42:30.701Z [INFO] municipality:Township of Machar => jobs_source_type=unknown, confidence=0.5
2026-05-01T09:42:31.309Z [INFO] municipality:Township of Jocelyn => jobs_source_type=html_list, confidence=0.8
2026-05-01T09:42:31.611Z [INFO] municipality:Township of Leeds & the Thousand Islands => jobs_source_type=html_list, confidence=0.8
2026-05-01T09:42:59.374Z [INFO] municipality:Township of Madawaska Valley => jobs_source_type=html_list, confidence=0.8
2026-05-01T09:43:00.393Z [INFO] municipality:Township of Machin => jobs_source_type=html_list, confidence=0.8
2026-05-01T09:43:22.412Z [INFO] municipality:Township of Malahide => jobs_source_type=html_list, confidence=0.8
2026-05-01T09:43:50.459Z [INFO] municipality:Township of Mapleton => jobs_source_type=unknown, confidence=0.5
2026-05-01T09:43:51.712Z [INFO] municipality:Township of Limerick => jobs_source_type=html_list, confidence=0.8
2026-05-01T09:44:00.524Z [INFO] municipality:Township of Madoc => jobs_source_type=html_list, confidence=0.8
2026-05-01T09:44:21.721Z [INFO] municipality:Township of Macdonald, Meredith & Aberdeen Add'l => jobs_source_type=html_list, confidence=0.8
2026-05-01T09:44:42.825Z [INFO] municipality:Township of Mattice-Val Cote => jobs_source_type=manual_review, confidence=0.0
2026-05-01T09:44:50.154Z [INFO] municipality:Township of McDougall => jobs_source_type=html_list, confidence=0.8
2026-05-01T09:44:56.005Z [INFO] municipality:Township of McGarry => jobs_source_type=html_list, confidence=0.8
2026-05-01T09:45:03.037Z [INFO] municipality:Township of McMurrich/Monteith => jobs_source_type=html_list, confidence=0.8
2026-05-01T09:45:05.046Z [INFO] municipality:Township of McNab-Braeside => jobs_source_type=unknown, confidence=0.5
2026-05-01T09:45:05.260Z [INFO] municipality:Township of Mattawan => jobs_source_type=manual_review, confidence=0.0
2026-05-01T09:45:07.266Z [INFO] municipality:Township of Middlesex Centre => jobs_source_type=ats_dayforce, confidence=1.0
2026-05-01T09:45:18.213Z [INFO] municipality:Township of McKellar => jobs_source_type=html_list, confidence=0.8
2026-05-01T09:45:35.319Z [INFO] municipality:Township of Minden Hills => jobs_source_type=html_list, confidence=0.8
2026-05-01T09:45:47.516Z [INFO] municipality:Township of Montague => jobs_source_type=html_list, confidence=0.8
2026-05-01T09:45:51.540Z [INFO] municipality:Township of Larder Lake => jobs_source_type=html_list, confidence=0.8
2026-05-01T09:46:19.655Z [INFO] municipality:Township of Mulmur => jobs_source_type=unknown, confidence=0.5
2026-05-01T09:46:21.720Z [INFO] municipality:Township of Muskoka Lakes => jobs_source_type=html_list, confidence=0.8
2026-05-01T09:46:31.519Z [INFO] municipality:Township of Manitouwadge => jobs_source_type=html_list, confidence=0.8
2026-05-01T09:46:46.324Z [INFO] municipality:Township of Morley => jobs_source_type=manual_review, confidence=0.0
2026-05-01T09:46:52.473Z [INFO] municipality:Township of Melancthon => jobs_source_type=html_list, confidence=0.8
2026-05-01T09:47:03.690Z [INFO] municipality:Township of Nipigon => jobs_source_type=html_list, confidence=0.8
2026-05-01T09:47:08.747Z [INFO] municipality:Township of North Dumfries => jobs_source_type=html_list, confidence=0.8
2026-05-01T09:47:29.386Z [INFO] municipality:Township of Moonbeam => jobs_source_type=manual_review, confidence=0.0
2026-05-01T09:47:31.450Z [INFO] municipality:Township of North Frontenac => jobs_source_type=html_list, confidence=0.8
2026-05-01T09:47:33.497Z [INFO] municipality:Township of North Glengarry => jobs_source_type=html_list, confidence=0.8
2026-05-01T09:47:36.894Z [INFO] municipality:Township of North Dundas => jobs_source_type=html_list, confidence=0.8
2026-05-01T09:48:01.552Z [INFO] municipality:Township of North Huron => jobs_source_type=unknown, confidence=0.5
2026-05-01T09:48:08.317Z [INFO] municipality:Township of North Stormont => jobs_source_type=html_list, confidence=0.8
2026-05-01T09:48:11.016Z [INFO] municipality:Township of North Kawartha => jobs_source_type=manual_review, confidence=0.0
2026-05-01T09:48:36.374Z [INFO] municipality:Township of Norwich => jobs_source_type=unknown, confidence=0.5
2026-05-01T09:48:57.813Z [INFO] municipality:Township of Nairn & Hyman => jobs_source_type=html_list, confidence=0.8
2026-05-01T09:48:58.923Z [INFO] municipality:Township of Oro-Medonte => jobs_source_type=ats_workday, confidence=1.0
2026-05-01T09:49:01.092Z [INFO] municipality:Township of Nipissing => jobs_source_type=unknown, confidence=0.5
2026-05-01T09:49:02.020Z [INFO] municipality:Township of Otonabee-South Monaghan => jobs_source_type=html_list, confidence=0.8
2026-05-01T09:49:16.858Z [INFO] municipality:Township of Opasatika => jobs_source_type=manual_review, confidence=0.0
2026-05-01T09:49:47.557Z [INFO] municipality:Township of Pelee => jobs_source_type=html_list, confidence=0.8
2026-05-01T09:50:31.000Z [INFO] municipality:Township of Papineau-Cameron => jobs_source_type=manual_review, confidence=0.0
2026-05-01T09:50:37.049Z [INFO] municipality:Township of Perth South => jobs_source_type=html_list, confidence=0.8
2026-05-01T09:50:49.762Z [INFO] municipality:Township of O'Connor => jobs_source_type=html_list, confidence=0.8
2026-05-01T09:51:13.129Z [INFO] municipality:Township of Perth East => jobs_source_type=html_list, confidence=0.8
2026-05-01T09:51:21.567Z [INFO] municipality:Township of Perry => jobs_source_type=html_list, confidence=0.8
2026-05-01T09:51:24.175Z [INFO] municipality:Township of Prince => jobs_source_type=unknown, confidence=0.5
2026-05-01T09:51:25.273Z [INFO] municipality:Township of Ramara => jobs_source_type=html_list, confidence=0.8
2026-05-01T09:51:37.176Z [INFO] municipality:Township of Pickle Lake => jobs_source_type=manual_review, confidence=0.0
2026-05-01T09:52:03.513Z [INFO] municipality:Township of North Algona-Wilberforce => jobs_source_type=html_list, confidence=0.8
2026-05-01T09:52:07.665Z [INFO] municipality:Township of Russell => jobs_source_type=html_list, confidence=0.8
2026-05-01T09:52:09.876Z [INFO] municipality:Township of Rideau Lakes => jobs_source_type=html_list, confidence=0.8
2026-05-01T09:52:35.767Z [INFO] municipality:Township of Ryerson => jobs_source_type=html_list, confidence=0.8
2026-05-01T09:52:57.091Z [INFO] municipality:Township of Plummer Additional => jobs_source_type=html_list, confidence=0.8
2026-05-01T09:52:58.236Z [INFO] municipality:Township of Scugog => jobs_source_type=html_list, confidence=0.8
2026-05-01T09:53:03.331Z [INFO] municipality:Township of Seguin => jobs_source_type=html_list, confidence=0.8
2026-05-01T09:53:07.385Z [INFO] municipality:Township of Selwyn => jobs_source_type=html_list, confidence=0.8
2026-05-01T09:53:10.459Z [INFO] municipality:Township of Severn => jobs_source_type=ats_workday, confidence=1.0
2026-05-01T09:53:25.633Z [INFO] municipality:Township of Sioux Narrows - Nestor Falls => jobs_source_type=unknown, confidence=0.5
2026-05-01T09:53:29.943Z [INFO] municipality:Township of Red Rock => jobs_source_type=html_list, confidence=0.8
2026-05-01T09:53:47.110Z [INFO] municipality:Township of Matachewan => jobs_source_type=manual_review, confidence=0.0
2026-05-01T09:53:49.155Z [INFO] municipality:Township of South Glengarry => jobs_source_type=html_list, confidence=0.8
2026-05-01T09:53:50.290Z [INFO] municipality:Township of South Stormont => jobs_source_type=html_list, confidence=0.8
2026-05-01T09:53:52.354Z [INFO] municipality:Township of South-West Oxford => jobs_source_type=html_list, confidence=0.8
2026-05-01T09:53:53.485Z [INFO] municipality:Township of Southgate => jobs_source_type=html_list, confidence=0.8
2026-05-01T09:53:59.625Z [INFO] municipality:Township of Southwold => jobs_source_type=html_list, confidence=0.8
2026-05-01T09:54:20.648Z [INFO] municipality:Township of Sables Spanish Rivers => jobs_source_type=html_list, confidence=0.8
2026-05-01T09:54:21.778Z [INFO] municipality:Township of Springwater => jobs_source_type=ats_workday, confidence=1.0
2026-05-01T09:54:49.704Z [INFO] municipality:Township of Puslinch => jobs_source_type=html_list, confidence=0.8
2026-05-01T09:55:28.591Z [INFO] municipality:Township of Spanish => jobs_source_type=html_list, confidence=0.8
2026-05-01T09:55:47.478Z [INFO] municipality:Township of Schreiber => jobs_source_type=manual_review, confidence=0.0
2026-05-01T09:55:59.638Z [INFO] municipality:Township of Stirling-Rawdon => jobs_source_type=html_list, confidence=0.8
2026-05-01T09:56:00.790Z [INFO] municipality:Township of Strathroy - Caradoc => jobs_source_type=html_list, confidence=0.8
2026-05-01T09:56:15.519Z [INFO] municipality:Township of Stone Mills => jobs_source_type=html_list, confidence=0.8
2026-05-01T09:56:28.841Z [INFO] municipality:Township of Strong => jobs_source_type=html_list, confidence=0.8
2026-05-01T09:56:32.888Z [INFO] municipality:Township of Tay => jobs_source_type=unknown, confidence=0.5
2026-05-01T09:56:36.900Z [INFO] municipality:Township of South Algonquin => jobs_source_type=html_list, confidence=0.8
2026-05-01T09:57:00.929Z [INFO] municipality:Township of Tay Valley => jobs_source_type=ats_workday, confidence=1.0
2026-05-01T09:57:23.964Z [INFO] municipality:Township of Tarbutt => jobs_source_type=html_list, confidence=0.8
2026-05-01T09:57:37.394Z [INFO] municipality:Township of The Archipelago => jobs_source_type=html_list, confidence=0.8
2026-05-01T09:57:57.762Z [INFO] municipality:Township of Tehkummah => jobs_source_type=manual_review, confidence=0.0
2026-05-01T09:58:01.880Z [INFO] municipality:Township of Tiny => jobs_source_type=html_list, confidence=0.8
2026-05-01T09:59:48.997Z [INFO] municipality:Township of Tudor & Cashel => jobs_source_type=html_list, confidence=0.8
2026-05-01T10:00:43.901Z [INFO] municipality:Township of Terrace Bay => jobs_source_type=html_list, confidence=0.8
2026-05-01T10:00:45.995Z [INFO] municipality:Township of Uxbridge => jobs_source_type=html_list, confidence=0.8
2026-05-01T10:02:45.708Z [INFO] municipality:Township of Tyendinaga => jobs_source_type=html_list, confidence=0.8
2026-05-01T10:02:46.849Z [INFO] municipality:Township of Wainfleet => jobs_source_type=html_list, confidence=0.8
2026-05-01T10:02:48.883Z [INFO] municipality:Township of Warwick => jobs_source_type=html_list, confidence=0.8
2026-05-01T10:02:49.626Z [INFO] municipality:Township of St. Joseph => jobs_source_type=html_list, confidence=0.8
2026-05-01T10:02:51.766Z [INFO] municipality:Township of Wellington North => jobs_source_type=html_list, confidence=0.8
2026-05-01T10:02:55.860Z [INFO] municipality:Township of West Lincoln => jobs_source_type=html_list, confidence=0.8
2026-05-01T10:03:12.309Z [INFO] municipality:Township of White River => jobs_source_type=html_list, confidence=0.8
2026-05-01T10:03:14.157Z [INFO] municipality:Township of Whitewater Region => jobs_source_type=unknown, confidence=0.5
2026-05-01T10:03:16.953Z [INFO] municipality:Township of Wellesley => jobs_source_type=html_list, confidence=0.8
2026-05-01T10:03:17.242Z [INFO] municipality:Township of Wilmot => jobs_source_type=html_list, confidence=0.8
2026-05-01T10:03:18.427Z [INFO] municipality:Township of Woolwich => jobs_source_type=html_list, confidence=0.8
2026-05-01T10:03:27.048Z [INFO] municipality:Township of South Frontenac => jobs_source_type=manual_review, confidence=0.0
2026-05-01T10:03:46.489Z [INFO] municipality:Township of Zorra => jobs_source_type=html_list, confidence=0.8
2026-05-01T10:03:52.531Z [INFO] municipality:United Counties of Stormont, Dundas and Glengarry => jobs_source_type=ats_bamboohr, confidence=1.0
2026-05-01T10:03:53.932Z [INFO] municipality:United Townships of Head, Clara & Maria => jobs_source_type=html_list, confidence=0.8
2026-05-01T10:04:07.766Z [INFO] municipality:United Counties of Prescott and Russell => jobs_source_type=manual_review, confidence=0.0
2026-05-01T10:04:19.021Z [INFO] municipality:Township of St. Clair => jobs_source_type=manual_review, confidence=0.0
2026-05-01T10:04:22.960Z [INFO] municipality:Village of Burk's Falls => jobs_source_type=html_list, confidence=0.8
2026-05-01T10:04:46.112Z [INFO] municipality:Village of Newbury => jobs_source_type=unknown, confidence=0.5
2026-05-01T10:04:49.301Z [INFO] municipality:Village of Merrickville-Wolford => jobs_source_type=html_list, confidence=0.8
2026-05-01T10:05:14.183Z [INFO] municipality:Village of Oil Springs => jobs_source_type=html_list, confidence=0.8
2026-05-01T10:05:19.315Z [INFO] municipality:Village of Point Edward => jobs_source_type=html_list, confidence=0.8
2026-05-01T10:05:22.384Z [INFO] municipality:Village of Sundridge => jobs_source_type=unknown, confidence=0.5
2026-05-01T10:05:25.614Z [INFO] municipality:Village of Thornloe => jobs_source_type=ats_workday, confidence=1.0
2026-05-01T10:05:38.122Z [INFO] municipality:Township of Wollaston => jobs_source_type=html_list, confidence=0.8
2026-05-01T10:05:42.324Z [INFO] municipality:Village of South River => jobs_source_type=html_list, confidence=0.8
2026-05-01T10:05:55.462Z [INFO] municipality:Township of The North Shore => jobs_source_type=html_list, confidence=0.8
2026-05-01T10:06:00.022Z [INFO] municipality:Village of Hilton Beach => jobs_source_type=manual_review, confidence=0.0
2026-05-01T10:07:57.385Z [INFO] municipality:Village of Westport => jobs_source_type=manual_review, confidence=0.0
2026-05-01T10:09:17.126Z [INFO] municipality:Township of Val Rita-Harty => jobs_source_type=html_list, confidence=0.8
2026-05-01T10:09:17.128Z [INFO] Loaded First Nations input names: 140
2026-05-01T10:09:18.014Z [INFO] Ontario First Nations directory entries loaded: 140
2026-05-01T10:09:18.014Z [INFO] Resolving First Nation: Aamjiwnaang
2026-05-01T10:09:18.175Z [INFO] Resolving First Nation: Albany
2026-05-01T10:09:24.508Z [INFO] Resolving First Nation: Alderville First Nation
2026-05-01T10:09:24.648Z [INFO] Resolving First Nation: Algonquins of Pikwakanagan First Nation
2026-05-01T10:09:24.786Z [INFO] Resolving First Nation: Animakee Wa Zhing #37
2026-05-01T10:09:24.921Z [INFO] Resolving First Nation: Animbiigoo Zaagi'igan Anishinaabek
2026-05-01T10:09:25.087Z [INFO] Resolving First Nation: Anishinabe of Wauzhushk Onigum
2026-05-01T10:09:32.376Z [INFO] Resolving First Nation: Anishnaabeg of Naongashiing
2026-05-01T10:09:39.685Z [INFO] Resolving First Nation: Apitipi Anicinapek Nation
2026-05-01T10:09:39.829Z [INFO] Resolving First Nation: Aroland
2026-05-01T10:09:39.972Z [INFO] Resolving First Nation: Atikameksheng Anishnawbek
2026-05-01T10:09:40.131Z [INFO] Resolving First Nation: Attawapiskat
2026-05-01T10:09:47.116Z [INFO] Wikidata fallback matched "Attawapiskat" => http://www.attawapiskat.org/
2026-05-01T10:09:47.117Z [INFO] Resolving First Nation: Aundeck-Omni-Kaning
2026-05-01T10:09:47.259Z [INFO] Resolving First Nation: Batchewana First Nation
2026-05-01T10:09:47.391Z [INFO] Resolving First Nation: Bay of Quinte Mohawk
2026-05-01T10:09:53.679Z [INFO] Resolving First Nation: Bearfoot Onondaga
2026-05-01T10:10:01.972Z [INFO] Resolving First Nation: Bearskin Lake
2026-05-01T10:10:02.109Z [INFO] Resolving First Nation: Beausoleil
2026-05-01T10:10:02.259Z [INFO] Resolving First Nation: Biigtigong Nishnaabeg
2026-05-01T10:10:08.570Z [INFO] Resolving First Nation: Biinjitiwaabik Zaaging Anishinaabek
2026-05-01T10:10:08.716Z [INFO] Resolving First Nation: Bingwi Neyaashi Anishinaabek
2026-05-01T10:10:17.268Z [INFO] Wikidata fallback matched "Bingwi Neyaashi Anishinaabek" => http://www.bnafn.ca/
2026-05-01T10:10:17.268Z [INFO] Resolving First Nation: Brunswick House
2026-05-01T10:10:17.410Z [INFO] Resolving First Nation: Caldwell
2026-05-01T10:10:17.548Z [INFO] Resolving First Nation: Cat Lake
2026-05-01T10:10:17.687Z [INFO] Resolving First Nation: Chapleau Cree First Nation
2026-05-01T10:10:17.855Z [INFO] Resolving First Nation: Chapleau Ojibway
2026-05-01T10:10:18.009Z [INFO] Resolving First Nation: Chippewas of Georgina Island
2026-05-01T10:10:18.153Z [INFO] Resolving First Nation: Chippewas of Kettle and Stony Point
2026-05-01T10:10:18.292Z [INFO] Resolving First Nation: Chippewas of Nawash First Nation
2026-05-01T10:10:18.432Z [INFO] Resolving First Nation: Chippewas of Rama First Nation
2026-05-01T10:10:18.573Z [INFO] Resolving First Nation: Chippewas of the Thames First Nation
2026-05-01T10:10:18.706Z [INFO] Resolving First Nation: Constance Lake
2026-05-01T10:10:18.838Z [INFO] Resolving First Nation: Couchiching First Nation
2026-05-01T10:10:18.979Z [INFO] Resolving First Nation: Curve Lake
2026-05-01T10:10:19.118Z [INFO] Resolving First Nation: Deer Lake
2026-05-01T10:10:21.386Z [INFO] Wikidata fallback matched "Deer Lake" => http://deerlake.firstnation.ca/
2026-05-01T10:10:21.386Z [INFO] Resolving First Nation: Delaware
2026-05-01T10:10:30.484Z [INFO] Resolving First Nation: Dokis
2026-05-01T10:10:30.615Z [INFO] Resolving First Nation: Eabametoong First Nation
2026-05-01T10:10:59.492Z [INFO] Resolving First Nation: Eagle Lake
2026-05-01T10:10:59.645Z [INFO] Resolving First Nation: Flying Post
2026-05-01T10:10:59.793Z [INFO] Resolving First Nation: Fort Severn
2026-05-01T10:10:59.942Z [INFO] Resolving First Nation: Fort William
2026-05-01T10:11:00.084Z [INFO] Resolving First Nation: Gakijiwanong Anishinaabe Nation
2026-05-01T10:11:00.227Z [INFO] Resolving First Nation: Garden River First Nation
2026-05-01T10:11:00.364Z [INFO] Resolving First Nation: Ginoogaming First Nation
2026-05-01T10:11:03.613Z [INFO] Wikidata fallback matched "Ginoogaming First Nation" => https://www.ginoogamingfn.ca/
2026-05-01T10:11:03.614Z [INFO] Resolving First Nation: Grassy Narrows First Nation
2026-05-01T10:11:11.754Z [INFO] Resolving First Nation: Gull Bay
2026-05-01T10:11:19.222Z [INFO] Resolving First Nation: Henvey Inlet First Nation
2026-05-01T10:11:19.391Z [INFO] Resolving First Nation: Hiawatha First Nation
2026-05-01T10:11:19.537Z [INFO] Resolving First Nation: Iskatewizaagegan #39 Independent First Nation
2026-05-01T10:11:25.914Z [INFO] Resolving First Nation: Kasabonika Lake
2026-05-01T10:11:35.283Z [INFO] Resolving First Nation: Kashechewan
2026-05-01T10:11:44.636Z [INFO] Resolving First Nation: Keewaywin First Nation
2026-05-01T10:11:44.789Z [INFO] Resolving First Nation: Kingfisher
2026-05-01T10:11:44.931Z [INFO] Resolving First Nation: Kitchenuhmaykoosib Inninuwug
2026-05-01T10:11:45.077Z [INFO] Resolving First Nation: Konadaha Seneca
2026-05-01T10:11:53.381Z [INFO] Resolving First Nation: Lac Des Mille Lacs
2026-05-01T10:12:05.407Z [INFO] Wikidata fallback matched "Lac Des Mille Lacs" => https://www.lacdesmillelacsfirstnation.ca/
2026-05-01T10:12:05.407Z [INFO] Resolving First Nation: Lac Seul
2026-05-01T10:12:05.554Z [INFO] Resolving First Nation: Long Lake No.58 First Nation
2026-05-01T10:12:05.695Z [INFO] Resolving First Nation: Lower Cayuga
2026-05-01T10:12:14.495Z [INFO] Resolving First Nation: Lower Mohawk
2026-05-01T10:12:22.834Z [INFO] Resolving First Nation: M'Chigeeng First Nation
2026-05-01T10:12:22.987Z [INFO] Resolving First Nation: Magnetawan
2026-05-01T10:12:23.130Z [INFO] Resolving First Nation: Marten Falls First Nation
2026-05-01T10:12:23.266Z [INFO] Resolving First Nation: Matachewan
2026-05-01T10:12:23.406Z [INFO] Resolving First Nation: Mattagami
2026-05-01T10:12:23.554Z [INFO] Resolving First Nation: McDowell Lake
2026-05-01T10:12:23.694Z [INFO] Resolving First Nation: Michipicoten
2026-05-01T10:12:23.842Z [INFO] Resolving First Nation: Mishkeegogamang
2026-05-01T10:12:23.980Z [INFO] Resolving First Nation: Missanabie Cree
2026-05-01T10:12:24.127Z [INFO] Resolving First Nation: Mississauga
2026-05-01T10:12:24.259Z [INFO] Resolving First Nation: Mississaugas of Scugog Island First Nation
2026-05-01T10:12:24.404Z [INFO] Resolving First Nation: Mississaugas of the Credit
2026-05-01T10:12:24.547Z [INFO] Resolving First Nation: Mitaanjigamiing First Nation
2026-05-01T10:12:26.852Z [INFO] Wikidata fallback matched "Mitaanjigamiing First Nation" => https://mitaanjigamiing.ca/
2026-05-01T10:12:26.853Z [INFO] Resolving First Nation: Mohawks of Akwesasne
2026-05-01T10:12:27.000Z [INFO] Resolving First Nation: Mohawks of the Bay of Quinte
2026-05-01T10:12:27.143Z [INFO] Resolving First Nation: Moose Cree First Nation
2026-05-01T10:12:27.287Z [INFO] Resolving First Nation: Moose Deer Point
2026-05-01T10:12:30.859Z [INFO] Wikidata fallback matched "Moose Deer Point" => https://www.moosedeerpoint.ca/
2026-05-01T10:12:30.859Z [INFO] Resolving First Nation: Moravian of the Thames
2026-05-01T10:12:37.887Z [INFO] Resolving First Nation: Munsee-Delaware Nation
2026-05-01T10:12:38.048Z [INFO] Resolving First Nation: Musk-kosiminiziibing
2026-05-01T10:12:38.197Z [INFO] Resolving First Nation: Muskrat Dam Lake
2026-05-01T10:12:38.343Z [INFO] Resolving First Nation: Naicatchewenin
2026-05-01T10:12:38.515Z [INFO] Resolving First Nation: Naotkamegwanning
2026-05-01T10:12:46.864Z [INFO] Resolving First Nation: Neskantaga First Nation
2026-05-01T10:12:47.014Z [INFO] Resolving First Nation: Netmizaaggamig Nishnaabeg
2026-05-01T10:12:47.156Z [INFO] Resolving First Nation: Nibinamik First Nation
2026-05-01T10:12:49.841Z [INFO] Wikidata fallback matched "Nibinamik First Nation" => https://whc.ca/domain-names/auctions/nibinamik.ca
2026-05-01T10:12:49.841Z [INFO] Resolving First Nation: Nigigoonsiminikaaning First Nation
2026-05-01T10:12:49.981Z [INFO] Resolving First Nation: Niharondasa Seneca
2026-05-01T10:12:58.453Z [INFO] Resolving First Nation: Niisaachewan Anishinaabe Nation
2026-05-01T10:12:58.591Z [INFO] Resolving First Nation: Nipissing First Nation
2026-05-01T10:12:58.729Z [INFO] Resolving First Nation: North Caribou Lake
2026-05-01T10:12:58.863Z [INFO] Resolving First Nation: North Spirit Lake
2026-05-01T10:13:03.081Z [INFO] Wikidata fallback matched "North Spirit Lake" => http://nsl.firstnation.ca/
2026-05-01T10:13:03.082Z [INFO] Resolving First Nation: Northwest Angle No.33
2026-05-01T10:13:11.164Z [INFO] Resolving First Nation: Ojibway Nation of Saugeen
2026-05-01T10:13:20.556Z [INFO] Resolving First Nation: Ojibways of Onigaming First Nation
2026-05-01T10:13:20.818Z [INFO] Resolving First Nation: Oneida
2026-05-01T10:13:28.130Z [INFO] Resolving First Nation: Oneida Nation of the Thames
2026-05-01T10:13:28.271Z [INFO] Resolving First Nation: Onondaga Clear Sky
2026-05-01T10:13:36.809Z [INFO] Resolving First Nation: Pays Plat
2026-05-01T10:13:36.951Z [INFO] Resolving First Nation: Pikangikum
2026-05-01T10:13:37.093Z [INFO] Resolving First Nation: Poplar Hill
2026-05-01T10:13:37.235Z [INFO] Resolving First Nation: Rainy River First Nations
2026-05-01T10:13:37.375Z [INFO] Resolving First Nation: Red Rock
2026-05-01T10:13:37.525Z [INFO] Resolving First Nation: Sachigo Lake
2026-05-01T10:13:37.668Z [INFO] Resolving First Nation: Sagamok Anishnawbek
2026-05-01T10:13:42.927Z [INFO] Wikidata fallback matched "Sagamok Anishnawbek" => https://www.sagamokanishnawbek.com/
2026-05-01T10:13:42.928Z [INFO] Resolving First Nation: Sandy Lake
2026-05-01T10:13:51.464Z [INFO] Resolving First Nation: Saugeen
2026-05-01T10:13:51.613Z [INFO] Resolving First Nation: Seine River First Nation
2026-05-01T10:13:51.753Z [INFO] Resolving First Nation: Serpent River
2026-05-01T10:13:51.909Z [INFO] Resolving First Nation: Shawanaga First Nation
2026-05-01T10:13:52.047Z [INFO] Resolving First Nation: Sheguiandah
2026-05-01T10:13:52.182Z [INFO] Resolving First Nation: Sheshegwaning
2026-05-01T10:13:52.343Z [INFO] Resolving First Nation: Shoal Lake No.40
2026-05-01T10:13:52.486Z [INFO] Resolving First Nation: Six Nations of the Grand River
2026-05-01T10:13:52.635Z [INFO] Resolving First Nation: Slate Falls Nation
2026-05-01T10:13:52.765Z [INFO] Resolving First Nation: Taykwa Tagamou Nation
2026-05-01T10:13:52.906Z [INFO] Resolving First Nation: Teme Augama Anishinabek
2026-05-01T10:13:53.042Z [INFO] Resolving First Nation: Thessalon
2026-05-01T10:14:01.359Z [INFO] Resolving First Nation: Tuscarora
2026-05-01T10:14:08.659Z [INFO] Resolving First Nation: Upper Cayuga
2026-05-01T10:14:16.960Z [INFO] Resolving First Nation: Upper Mohawk
2026-05-01T10:14:25.257Z [INFO] Resolving First Nation: Wabaseemoong Independent Nations
2026-05-01T10:14:25.401Z [INFO] Resolving First Nation: Wabauskang First Nation
2026-05-01T10:14:32.718Z [INFO] Resolving First Nation: Wabigoon Lake Ojibway Nation
2026-05-01T10:14:32.853Z [INFO] Resolving First Nation: Wahnapitae
2026-05-01T10:14:39.932Z [INFO] Wikidata fallback matched "Wahnapitae" => https://www.wahnapitaefirstnation.com/
2026-05-01T10:14:39.932Z [INFO] Resolving First Nation: Wahta Mohawk
2026-05-01T10:14:40.066Z [INFO] Resolving First Nation: Walker Mohawk
2026-05-01T10:14:48.338Z [INFO] Resolving First Nation: Walpole Island
2026-05-01T10:14:48.481Z [INFO] Resolving First Nation: Wapekeka
2026-05-01T10:14:48.628Z [INFO] Resolving First Nation: Wasauksing First Nation
2026-05-01T10:14:52.203Z [INFO] Wikidata fallback matched "Wasauksing First Nation" => https://wasauksing.ca/
2026-05-01T10:14:52.203Z [INFO] Resolving First Nation: Washagamis Bay
2026-05-01T10:15:00.276Z [INFO] Resolving First Nation: Wawakapewin
2026-05-01T10:15:00.415Z [INFO] Resolving First Nation: Webequie
2026-05-01T10:15:00.546Z [INFO] Resolving First Nation: Weenusk
2026-05-01T10:15:08.851Z [INFO] Resolving First Nation: Whitefish River
2026-05-01T10:15:08.994Z [INFO] Resolving First Nation: Whitesand
2026-05-01T10:15:09.134Z [INFO] Resolving First Nation: Wikwemikong
2026-05-01T10:15:09.274Z [INFO] Resolving First Nation: Wunnumin
2026-05-01T10:15:09.414Z [INFO] Resolving First Nation: Zhiibaahaasing First Nation
2026-05-01T10:15:09.583Z [INFO] First Nations seed finalized: 140
2026-05-01T10:15:09.584Z [INFO] Processing first nation seeds: 140
2026-05-01T10:15:10.697Z [INFO] first_nation:Albany => jobs_source_type=manual_review, confidence=0.0
2026-05-01T10:15:13.645Z [INFO] first_nation:Anishinabe of Wauzhushk Onigum => jobs_source_type=manual_review, confidence=0.0
2026-05-01T10:15:16.648Z [INFO] first_nation:Anishnaabeg of Naongashiing => jobs_source_type=manual_review, confidence=0.0
2026-05-01T10:15:37.810Z [INFO] first_nation:Animbiigoo Zaagi'igan Anishinaabek => jobs_source_type=unknown, confidence=0.5
2026-05-01T10:16:02.625Z [INFO] first_nation:Algonquins of Pikwakanagan First Nation => jobs_source_type=html_list, confidence=0.8
2026-05-01T10:16:09.775Z [INFO] first_nation:Animakee Wa Zhing #37 => jobs_source_type=manual_review, confidence=0.0
2026-05-01T10:16:57.668Z [INFO] first_nation:Alderville First Nation => jobs_source_type=html_list, confidence=0.8
2026-05-01T10:17:01.326Z [INFO] first_nation:Aroland => jobs_source_type=manual_review, confidence=0.0
2026-05-01T10:17:11.686Z [INFO] first_nation:Attawapiskat => jobs_source_type=unknown, confidence=0.5
2026-05-01T10:17:12.785Z [INFO] first_nation:Bay of Quinte Mohawk => jobs_source_type=manual_review, confidence=0.0
2026-05-01T10:17:16.763Z [INFO] first_nation:Bearfoot Onondaga => jobs_source_type=manual_review, confidence=0.0
2026-05-01T10:17:17.888Z [INFO] first_nation:Bearskin Lake => jobs_source_type=unknown, confidence=0.5
2026-05-01T10:17:58.340Z [INFO] first_nation:Apitipi Anicinapek Nation => jobs_source_type=html_list, confidence=0.8
2026-05-01T10:17:59.413Z [INFO] first_nation:Biigtigong Nishnaabeg => jobs_source_type=manual_review, confidence=0.0
2026-05-01T10:17:59.669Z [INFO] first_nation:Atikameksheng Anishnawbek => jobs_source_type=ats_bamboohr, confidence=1.0
2026-05-01T10:18:01.056Z [INFO] first_nation:Beausoleil => jobs_source_type=html_list, confidence=0.8
2026-05-01T10:18:14.630Z [INFO] first_nation:Aamjiwnaang => jobs_source_type=html_list, confidence=0.8
2026-05-01T10:18:31.067Z [INFO] first_nation:Biinjitiwaabik Zaaging Anishinaabek => jobs_source_type=html_list, confidence=0.8
2026-05-01T10:18:39.154Z [INFO] first_nation:Cat Lake => jobs_source_type=unknown, confidence=0.5
2026-05-01T10:18:42.731Z [INFO] first_nation:Caldwell => jobs_source_type=html_list, confidence=0.8
2026-05-01T10:19:29.738Z [INFO] first_nation:Brunswick House => jobs_source_type=manual_review, confidence=0.0
2026-05-01T10:20:13.422Z [INFO] first_nation:Batchewana First Nation => jobs_source_type=html_list, confidence=0.8
2026-05-01T10:20:22.873Z [INFO] first_nation:Chippewas of Georgina Island => jobs_source_type=html_list, confidence=0.8
2026-05-01T10:21:05.699Z [INFO] first_nation:Chapleau Cree First Nation => jobs_source_type=html_list, confidence=0.8
2026-05-01T10:21:42.591Z [INFO] first_nation:Chapleau Ojibway => jobs_source_type=html_list, confidence=0.8
2026-05-01T10:21:43.052Z [INFO] first_nation:Chippewas of Rama First Nation => jobs_source_type=manual_review, confidence=0.0
2026-05-01T10:21:53.218Z [INFO] first_nation:Aundeck-Omni-Kaning => jobs_source_type=manual_review, confidence=0.0
2026-05-01T10:21:58.261Z [INFO] first_nation:Couchiching First Nation => jobs_source_type=html_list, confidence=0.8
2026-05-01T10:21:59.185Z [INFO] first_nation:Chippewas of Kettle and Stony Point => jobs_source_type=html_list, confidence=0.8
2026-05-01T10:22:04.871Z [INFO] first_nation:Bingwi Neyaashi Anishinaabek => jobs_source_type=html_list, confidence=0.8
2026-05-01T10:22:07.957Z [INFO] first_nation:Delaware => jobs_source_type=manual_review, confidence=0.0
2026-05-01T10:23:01.561Z [INFO] first_nation:Curve Lake => jobs_source_type=manual_review, confidence=0.0
2026-05-01T10:23:25.036Z [INFO] first_nation:Eabametoong First Nation => jobs_source_type=manual_review, confidence=0.0
2026-05-01T10:23:39.586Z [INFO] first_nation:Dokis => jobs_source_type=html_list, confidence=0.8
2026-05-01T10:24:48.734Z [INFO] first_nation:Chippewas of Nawash First Nation => jobs_source_type=unknown, confidence=0.5
2026-05-01T10:25:28.795Z [INFO] first_nation:Eagle Lake => jobs_source_type=html_list, confidence=0.8
2026-05-01T10:26:37.872Z [INFO] first_nation:Flying Post => jobs_source_type=html_list, confidence=0.8
2026-05-01T10:27:18.659Z [INFO] first_nation:Fort Severn => jobs_source_type=unknown, confidence=0.5
2026-05-01T10:27:35.612Z [INFO] first_nation:Fort William => jobs_source_type=html_list, confidence=0.8
2026-05-01T10:27:52.773Z [INFO] first_nation:Garden River First Nation => jobs_source_type=manual_review, confidence=0.0
2026-05-01T10:27:54.858Z [INFO] first_nation:Grassy Narrows First Nation => jobs_source_type=manual_review, confidence=0.0
2026-05-01T10:27:57.922Z [INFO] first_nation:Gull Bay => jobs_source_type=manual_review, confidence=0.0
2026-05-01T10:28:06.165Z [INFO] first_nation:Chippewas of the Thames First Nation => jobs_source_type=html_list, confidence=0.8
2026-05-01T10:28:52.009Z [INFO] first_nation:Henvey Inlet First Nation => jobs_source_type=html_list, confidence=0.8
2026-05-01T10:28:53.118Z [INFO] first_nation:Iskatewizaagegan #39 Independent First Nation => jobs_source_type=manual_review, confidence=0.0
2026-05-01T10:28:58.089Z [INFO] first_nation:Kasabonika Lake => jobs_source_type=manual_review, confidence=0.0
2026-05-01T10:29:03.083Z [INFO] first_nation:Kashechewan => jobs_source_type=manual_review, confidence=0.0
2026-05-01T10:29:57.381Z [INFO] first_nation:Deer Lake => jobs_source_type=manual_review, confidence=0.0
2026-05-01T10:30:00.279Z [INFO] first_nation:Constance Lake => jobs_source_type=unknown, confidence=0.5
2026-05-01T10:30:01.900Z [INFO] first_nation:Kitchenuhmaykoosib Inninuwug => jobs_source_type=html_list, confidence=0.8
2026-05-01T10:30:04.976Z [INFO] first_nation:Konadaha Seneca => jobs_source_type=manual_review, confidence=0.0
2026-05-01T10:30:36.132Z [INFO] first_nation:Lac Des Mille Lacs => jobs_source_type=html_list, confidence=0.8
2026-05-01T10:30:38.802Z [INFO] first_nation:Lac Seul => jobs_source_type=html_list, confidence=0.8
2026-05-01T10:30:39.873Z [INFO] first_nation:Hiawatha First Nation => jobs_source_type=ats_workday, confidence=1.0
2026-05-01T10:30:42.936Z [INFO] first_nation:Lower Cayuga => jobs_source_type=manual_review, confidence=0.0
2026-05-01T10:30:44.280Z [INFO] first_nation:Long Lake No.58 First Nation => jobs_source_type=html_list, confidence=0.8
2026-05-01T10:30:46.953Z [INFO] first_nation:Lower Mohawk => jobs_source_type=manual_review, confidence=0.0
2026-05-01T10:30:48.386Z [INFO] first_nation:Ginoogaming First Nation => jobs_source_type=html_list, confidence=0.8
2026-05-01T10:31:28.836Z [INFO] first_nation:Kingfisher => jobs_source_type=html_list, confidence=0.8
2026-05-01T10:31:32.747Z [INFO] first_nation:Keewaywin First Nation => jobs_source_type=unknown, confidence=0.5
2026-05-01T10:31:34.126Z [INFO] first_nation:Matachewan => jobs_source_type=html_list, confidence=0.8
2026-05-01T10:32:39.176Z [INFO] first_nation:Mattagami => jobs_source_type=manual_review, confidence=0.0
2026-05-01T10:34:03.794Z [INFO] first_nation:McDowell Lake => jobs_source_type=unknown, confidence=0.5
2026-05-01T10:34:46.510Z [INFO] first_nation:Magnetawan => jobs_source_type=html_list, confidence=0.8
2026-05-01T10:35:25.550Z [INFO] first_nation:Missanabie Cree => jobs_source_type=html_list, confidence=0.8
2026-05-01T10:35:35.766Z [INFO] first_nation:Mississauga => jobs_source_type=unknown, confidence=0.5
2026-05-01T10:35:37.788Z [INFO] first_nation:Mississaugas of Scugog Island First Nation => jobs_source_type=unknown, confidence=0.5
2026-05-01T10:35:38.284Z [INFO] first_nation:Mishkeegogamang => jobs_source_type=unknown, confidence=0.5
2026-05-01T10:35:53.576Z [INFO] first_nation:Gakijiwanong Anishinaabe Nation => jobs_source_type=manual_review, confidence=0.0
2026-05-01T10:35:55.628Z [INFO] first_nation:Mohawks of Akwesasne => jobs_source_type=html_list, confidence=0.8
2026-05-01T10:36:32.804Z [INFO] first_nation:Mohawks of the Bay of Quinte => jobs_source_type=manual_review, confidence=0.0
2026-05-01T10:37:32.652Z [INFO] first_nation:Michipicoten => jobs_source_type=ats_bamboohr, confidence=1.0
2026-05-01T10:37:36.054Z [INFO] first_nation:Moose Cree First Nation => jobs_source_type=manual_review, confidence=0.0
2026-05-01T10:37:37.125Z [INFO] first_nation:Moravian of the Thames => jobs_source_type=manual_review, confidence=0.0
2026-05-01T10:37:40.152Z [INFO] first_nation:Munsee-Delaware Nation => jobs_source_type=html_list, confidence=0.8
2026-05-01T10:37:46.130Z [INFO] first_nation:Moose Deer Point => jobs_source_type=unknown, confidence=0.5
2026-05-01T10:37:47.596Z [INFO] first_nation:Muskrat Dam Lake => jobs_source_type=html_list, confidence=0.8
2026-05-01T10:38:06.182Z [INFO] first_nation:Musk-kosiminiziibing => jobs_source_type=html_list, confidence=0.8
2026-05-01T10:38:09.269Z [INFO] first_nation:Naotkamegwanning => jobs_source_type=manual_review, confidence=0.0
2026-05-01T10:38:38.377Z [INFO] first_nation:Mississaugas of the Credit => jobs_source_type=unknown, confidence=0.5
2026-05-01T10:38:44.589Z [INFO] first_nation:Netmizaaggamig Nishnaabeg => jobs_source_type=html_list, confidence=0.8
2026-05-01T10:39:04.828Z [INFO] first_nation:Nibinamik First Nation => jobs_source_type=unknown, confidence=0.5
2026-05-01T10:39:23.529Z [INFO] first_nation:Neskantaga First Nation => jobs_source_type=unknown, confidence=0.5
2026-05-01T10:39:26.597Z [INFO] first_nation:Niharondasa Seneca => jobs_source_type=manual_review, confidence=0.0
2026-05-01T10:39:31.861Z [INFO] first_nation:Mitaanjigamiing First Nation => jobs_source_type=html_list, confidence=0.8
2026-05-01T10:40:03.837Z [INFO] first_nation:Niisaachewan Anishinaabe Nation => jobs_source_type=manual_review, confidence=0.0
2026-05-01T10:40:04.962Z [INFO] first_nation:North Caribou Lake => jobs_source_type=unknown, confidence=0.5
2026-05-01T10:40:28.421Z [INFO] first_nation:M'Chigeeng First Nation => jobs_source_type=html_list, confidence=0.8
2026-05-01T10:40:30.499Z [INFO] first_nation:Northwest Angle No.33 => jobs_source_type=manual_review, confidence=0.0
2026-05-01T10:40:35.542Z [INFO] first_nation:Ojibway Nation of Saugeen => jobs_source_type=manual_review, confidence=0.0
2026-05-01T10:40:36.480Z [INFO] first_nation:Nigigoonsiminikaaning First Nation => jobs_source_type=unknown, confidence=0.5
2026-05-01T10:40:38.604Z [INFO] first_nation:Oneida => jobs_source_type=manual_review, confidence=0.0
2026-05-01T10:40:50.703Z [INFO] first_nation:North Spirit Lake => jobs_source_type=manual_review, confidence=0.0
2026-05-01T10:40:53.702Z [INFO] first_nation:Marten Falls First Nation => jobs_source_type=manual_review, confidence=0.0
2026-05-01T10:40:53.764Z [INFO] first_nation:Onondaga Clear Sky => jobs_source_type=manual_review, confidence=0.0
2026-05-01T10:40:55.137Z [INFO] first_nation:Pikangikum => jobs_source_type=html_list, confidence=0.8
2026-05-01T10:42:38.299Z [INFO] first_nation:Ojibways of Onigaming First Nation => jobs_source_type=html_list, confidence=0.8
2026-05-01T10:43:05.637Z [INFO] first_nation:Nipissing First Nation => jobs_source_type=html_list, confidence=0.8
2026-05-01T10:43:06.059Z [INFO] first_nation:Oneida Nation of the Thames => jobs_source_type=html_list, confidence=0.8
2026-05-01T10:43:07.194Z [INFO] first_nation:Sachigo Lake => jobs_source_type=unknown, confidence=0.5
2026-05-01T10:43:24.785Z [INFO] first_nation:Poplar Hill => jobs_source_type=unknown, confidence=0.5
2026-05-01T10:43:25.227Z [INFO] first_nation:Sagamok Anishnawbek => jobs_source_type=unknown, confidence=0.5
2026-05-01T10:43:27.334Z [INFO] first_nation:Sandy Lake => jobs_source_type=manual_review, confidence=0.0
2026-05-01T10:43:34.458Z [INFO] first_nation:Red Rock => jobs_source_type=html_list, confidence=0.8
2026-05-01T10:44:58.121Z [INFO] first_nation:Seine River First Nation => jobs_source_type=manual_review, confidence=0.0
2026-05-01T10:45:26.686Z [INFO] first_nation:Pays Plat => jobs_source_type=unknown, confidence=0.5
2026-05-01T10:45:49.099Z [INFO] first_nation:Serpent River => jobs_source_type=html_list, confidence=0.8
2026-05-01T10:45:50.784Z [INFO] first_nation:Rainy River First Nations => jobs_source_type=html_list, confidence=0.8
2026-05-01T10:46:16.449Z [INFO] first_nation:Sheshegwaning => jobs_source_type=unknown, confidence=0.5
2026-05-01T10:46:41.100Z [INFO] first_nation:Shawanaga First Nation => jobs_source_type=html_list, confidence=0.8
2026-05-01T10:46:42.208Z [INFO] first_nation:Slate Falls Nation => jobs_source_type=unknown, confidence=0.5
2026-05-01T10:47:22.105Z [INFO] first_nation:Shoal Lake No.40 => jobs_source_type=html_list, confidence=0.8
2026-05-01T10:47:44.103Z [INFO] first_nation:Naicatchewenin => jobs_source_type=manual_review, confidence=0.0
2026-05-01T10:47:47.217Z [INFO] first_nation:Thessalon => jobs_source_type=manual_review, confidence=0.0
2026-05-01T10:47:50.223Z [INFO] first_nation:Tuscarora => jobs_source_type=manual_review, confidence=0.0
2026-05-01T10:47:54.163Z [INFO] first_nation:Upper Cayuga => jobs_source_type=manual_review, confidence=0.0
2026-05-01T10:47:58.162Z [INFO] first_nation:Upper Mohawk => jobs_source_type=manual_review, confidence=0.0
2026-05-01T10:48:28.913Z [INFO] first_nation:Sheguiandah => jobs_source_type=html_list, confidence=0.8
2026-05-01T10:48:30.979Z [INFO] first_nation:Wabauskang First Nation => jobs_source_type=manual_review, confidence=0.0
2026-05-01T10:48:34.192Z [INFO] first_nation:Wabigoon Lake Ojibway Nation => jobs_source_type=html_list, confidence=0.8
2026-05-01T10:49:04.305Z [INFO] first_nation:Wahnapitae => jobs_source_type=html_list, confidence=0.8
2026-05-01T10:49:32.600Z [INFO] first_nation:Teme Augama Anishinabek => jobs_source_type=ats_bamboohr, confidence=1.0
2026-05-01T10:49:35.681Z [INFO] first_nation:Walker Mohawk => jobs_source_type=manual_review, confidence=0.0
2026-05-01T10:49:47.504Z [INFO] first_nation:Six Nations of the Grand River => jobs_source_type=html_list, confidence=0.8
2026-05-01T10:49:59.237Z [INFO] first_nation:Taykwa Tagamou Nation => jobs_source_type=html_list, confidence=0.8
2026-05-01T10:50:03.007Z [INFO] first_nation:Walpole Island => jobs_source_type=html_list, confidence=0.8
2026-05-01T10:50:05.096Z [INFO] first_nation:Washagamis Bay => jobs_source_type=manual_review, confidence=0.0
2026-05-01T10:50:05.403Z [INFO] first_nation:Wabaseemoong Independent Nations => jobs_source_type=html_list, confidence=0.8
2026-05-01T10:50:31.666Z [INFO] first_nation:Wahta Mohawk => jobs_source_type=manual_review, confidence=0.0
2026-05-01T10:50:33.463Z [INFO] first_nation:Saugeen => jobs_source_type=html_list, confidence=0.8
2026-05-01T10:50:34.869Z [INFO] first_nation:Weenusk => jobs_source_type=manual_review, confidence=0.0
2026-05-01T10:50:36.211Z [INFO] first_nation:Webequie => jobs_source_type=unknown, confidence=0.5
2026-05-01T10:50:44.503Z [INFO] first_nation:Whitefish River => jobs_source_type=ats_bamboohr, confidence=1.0
2026-05-01T10:51:28.275Z [INFO] first_nation:Wapekeka => jobs_source_type=manual_review, confidence=0.0
2026-05-01T10:51:34.876Z [INFO] first_nation:Wawakapewin => jobs_source_type=html_list, confidence=0.8
2026-05-01T10:51:42.296Z [INFO] first_nation:Zhiibaahaasing First Nation => jobs_source_type=unknown, confidence=0.5
2026-05-01T10:52:02.144Z [INFO] first_nation:Wunnumin => jobs_source_type=manual_review, confidence=0.0
2026-05-01T10:52:06.569Z [INFO] first_nation:Wikwemikong => jobs_source_type=html_list, confidence=0.8
2026-05-01T10:52:36.519Z [INFO] first_nation:Wasauksing First Nation => jobs_source_type=ats_bamboohr, confidence=1.0
2026-05-01T11:00:33.815Z [INFO] first_nation:Whitesand => jobs_source_type=manual_review, confidence=0.0
2026-05-01T11:00:33.820Z [INFO] total_orgs=583
2026-05-01T11:00:33.820Z [INFO] with_jobs_url=482
2026-05-01T11:00:33.821Z [INFO] manual_review_total=101
2026-05-01T11:00:33.821Z [INFO] unknown_total=78
2026-05-01T11:00:33.821Z [INFO] manual_review_flag_total=179
2026-05-01T11:00:33.846Z === Discovery run finished 2026-05-01T11:00:33.846Z ===
