2026-02-15T19:18:58.758Z === Discovery run started 2026-02-15T19:18:58.758Z ===
2026-02-15T19:18:58.759Z [INFO] Discovery run date: 2026-02-15
2026-02-15T19:18:58.759Z [INFO] Using First Nations input file: data/first_nations_input.txt
2026-02-15T19:18:58.760Z [INFO] skip_municipalities=true
2026-02-15T19:18:59.685Z [INFO] Reusing municipality rows from existing data/orgs.csv: 442
2026-02-15T19:18:59.685Z [INFO] Refreshing unresolved municipality rows from existing CSV: 79
2026-02-15T19:19:18.786Z [ERROR] Org processing failed for Township of Addington Highlands: Error: browser.newPage: Target page, context or browser has been closed
2026-02-15T19:19:18.786Z [INFO] municipality:Township of Addington Highlands => jobs_source_type=manual_review, confidence=0.0
2026-02-15T19:19:20.630Z [ERROR] Org processing failed for Town of Moosonee: Error: browser.newPage: Target page, context or browser has been closed
2026-02-15T19:19:20.630Z [INFO] municipality:Town of Moosonee => jobs_source_type=manual_review, confidence=0.0
2026-02-15T19:19:40.584Z [ERROR] Org processing failed for Township of Admaston-Bromley: Error: browser.newPage: Target page, context or browser has been closed
2026-02-15T19:19:40.585Z [INFO] municipality:Township of Admaston-Bromley => jobs_source_type=manual_review, confidence=0.0
2026-02-15T19:19:42.855Z [ERROR] Org processing failed for Township of Alnwick/Haldimand: Error: browser.newPage: Target page, context or browser has been closed
2026-02-15T19:19:42.855Z [INFO] municipality:Township of Alnwick/Haldimand => jobs_source_type=manual_review, confidence=0.0
2026-02-15T19:19:58.787Z [ERROR] Org processing failed for City of Welland: Error: browser.newPage: Target page, context or browser has been closed
2026-02-15T19:19:58.788Z [INFO] municipality:City of Welland => jobs_source_type=manual_review, confidence=0.0
2026-02-15T19:20:02.056Z [INFO] municipality:City of Vaughan => jobs_source_type=manual_review, confidence=0.0
2026-02-15T19:20:07.045Z [INFO] municipality:City of Quinte West => jobs_source_type=manual_review, confidence=0.0
2026-02-15T19:20:07.954Z [ERROR] Org processing failed for Township of Beckwith: Error: browser.newPage: Target page, context or browser has been closed
2026-02-15T19:20:07.954Z [INFO] municipality:Township of Beckwith => jobs_source_type=manual_review, confidence=0.0
2026-02-15T19:20:09.042Z [INFO] municipality:City of Ottawa => jobs_source_type=manual_review, confidence=0.0
2026-02-15T19:20:12.117Z [INFO] municipality:County of Hastings => jobs_source_type=manual_review, confidence=0.0
