2026-04-06T08:23:54.751Z === Weekly run started 2026-04-06T08:23:54.751Z ===
2026-04-06T08:23:54.806Z [INFO] run_id=9
2026-04-06T08:23:54.806Z [INFO] eligible_orgs=480
2026-04-06T08:23:54.806Z [INFO] unique_jobs_url_groups=469
2026-04-06T08:25:20.993Z [WARN] URL unreachable after repair attempts: http://nalgonawil.com/opportunities-tenders
2026-04-06T08:25:33.691Z [WARN] URL unreachable after repair attempts: http://www.attawapiskat.org/
2026-04-06T08:25:42.919Z [WARN] URL unreachable after repair attempts: http://www.avjobs.com/blog/page/Married-Men-Who-Have-Affairs.aspx
2026-04-06T08:27:54.334Z [WARN] URL unreachable after repair attempts: http://www.bnafn.ca/employment-opportunities
2026-04-06T08:27:55.518Z [WARN] URL repaired: http://www.kapuskasing.ca/council-administration/employment-opportunities -> https://www.kapuskasing.ca/council-administration/employment-opportunities
2026-04-06T08:28:01.288Z [WARN] URL repaired: http://www.stirling-rawdon.com/business-development/careers -> https://www.stirling-rawdon.com/business-development/careers
2026-04-06T08:28:03.375Z [WARN] URL repaired: http://www.twpbrm.ca/your-township-government/employment-opportunities -> https://www.twpbrm.ca/your-township-government/employment-opportunities
2026-04-06T08:30:21.910Z [WARN] URL unreachable after repair attempts: https://adjtos.ca/municipal-government/employment-opportunities
2026-04-06T08:32:11.628Z [WARN] URL unreachable after repair attempts: https://admastonbromley.com/employment-opportunities-tenders
2026-04-06T08:34:27.778Z [WARN] URL unreachable after repair attempts: https://alberton.ca/employment
2026-04-06T08:36:04.565Z [WARN] URL unreachable after repair attempts: https://alderville.ca/employment-opportunities
2026-04-06T08:37:53.948Z [WARN] URL unreachable after repair attempts: https://apitipi.ca/employment
2026-04-06T08:39:36.833Z [WARN] URL unreachable after repair attempts: https://athenstownship.ca/announcement/opportunity-to-comment-on-the-proposal-to-expand-charleston-lake-provincial-park
2026-04-06T08:41:18.727Z [WARN] URL unreachable after repair attempts: https://atikamekshenganishnawbek.ca/employment-tenders
2026-04-06T08:43:01.630Z [WARN] URL unreachable after repair attempts: https://augusta.ca/employment-opportunities
2026-04-06T08:43:04.797Z [WARN] URL unreachable after repair attempts: https://aylmer.ca/town-hall/request-for-proposal
2026-04-06T08:43:16.456Z [WARN] URL unreachable after repair attempts: https://batchewana.ca/careers
2026-04-06T08:44:59.078Z [WARN] URL unreachable after repair attempts: https://blrtownship.ca/article/employment
2026-04-06T08:46:40.923Z [WARN] URL unreachable after repair attempts: https://brockville.com/careers
2026-04-06T08:48:24.947Z [WARN] URL unreachable after repair attempts: https://brookealvinston.com/residents/employment-opportunities-2
2026-04-06T08:50:06.921Z [WARN] URL unreachable after repair attempts: https://brucemines.ca/government/employment-opportunities
2026-04-06T08:50:17.867Z [WARN] URL unreachable after repair attempts: https://calendar.twpec.ca/default/detail/2026-04-08-1000-Better-Jobs-Ontario
2026-04-06T08:52:07.337Z [WARN] URL unreachable after repair attempts: https://carling.ca/municipal-information/employment-in-carling
2026-04-06T08:53:50.476Z [WARN] URL unreachable after repair attempts: https://carlowmayo.ca/council/tenders-rfqs-rfps-employment
2026-04-06T08:55:34.708Z [WARN] URL unreachable after repair attempts: https://casey.ca/2025/12/03/job-opportunity-road-superintendent
2026-04-06T08:57:15.978Z [WARN] URL unreachable after repair attempts: https://chapleau.ca/business/resources/employment-volunteer-opportunities
2026-04-06T08:59:08.889Z [WARN] URL unreachable after repair attempts: https://chapleaucree.ca/employment-opportunities
2026-04-06T09:01:34.878Z [WARN] URL unreachable after repair attempts: https://chapple.on.ca/employment
2026-04-06T09:02:52.626Z [WARN] URL unreachable after repair attempts: https://chatsworth.ca/government/employment-opportunities
2026-04-06T09:04:35.339Z [WARN] URL unreachable after repair attempts: https://cobalt.ca/residents/municipal-services/employment-opportunities
2026-04-06T09:06:17.127Z [WARN] URL unreachable after repair attempts: https://cochraneontario.com/living/employment-opportunities
2026-04-06T09:08:04.050Z [WARN] URL unreachable after repair attempts: https://constancelake.ca/work-for-us
2026-04-06T09:11:45.183Z [WARN] URL unreachable after repair attempts: https://cottfn.com/departments/employment-and-training
2026-04-06T09:13:31.314Z [WARN] URL unreachable after repair attempts: https://dokis.ca/employment-services
2026-04-06T09:15:24.583Z [WARN] URL unreachable after repair attempts: https://dubreuilville.ca/township/employment-opportunities
2026-04-06T09:17:32.750Z [WARN] URL unreachable after repair attempts: https://eaglelakefn.ca/employment
2026-04-06T09:19:14.276Z [WARN] URL unreachable after repair attempts: https://ear-falls.com/business/employment
2026-04-06T09:20:59.016Z [WARN] URL unreachable after repair attempts: https://echobay.ca/firefighter-recruitment
2026-04-06T09:23:37.128Z [WARN] URL unreachable after repair attempts: https://emo.ca/tenders-careers
2026-04-06T09:25:21.471Z [WARN] URL unreachable after repair attempts: https://faraday.ca/council/tenders-employment
2026-04-06T09:27:13.927Z [WARN] URL unreachable after repair attempts: https://fwfn.com/employment
2026-04-06T09:28:56.093Z [WARN] URL unreachable after repair attempts: https://guelph.ca/employment-careers/careers-jobs
2026-04-06T09:30:39.734Z [WARN] URL unreachable after repair attempts: https://hudson.ca/2025/12/03/job-opportunity-equipment-operator-full-time-position
2026-04-06T09:33:57.106Z [WARN] URL unreachable after repair attempts: https://huronshores.ca/business/employment
2026-04-06T09:35:46.181Z [WARN] URL unreachable after repair attempts: https://jocelyn.ca/employment-opportunities
2026-04-06T09:37:29.077Z [WARN] URL unreachable after repair attempts: https://johnsontownship.ca/2026/03/census-jobs
2026-04-06T09:39:12.416Z [WARN] URL unreachable after repair attempts: https://kettlepoint.org/four-winds-community-employment-services
2026-04-06T09:40:55.752Z [WARN] URL unreachable after repair attempts: https://lacseulfn.org/careers
2026-04-06T09:42:44.335Z [WARN] URL unreachable after repair attempts: https://lennox-addington.on.ca/careers
2026-04-06T09:44:28.718Z [WARN] URL unreachable after repair attempts: https://limerick.ca/businesses-government/job-opportunities
2026-04-06T09:46:12.169Z [WARN] URL unreachable after repair attempts: https://madoc.ca/council/employment
2026-04-06T09:48:06.481Z [WARN] URL unreachable after repair attempts: https://markstay-warren.ca/opportunities/employment-opportunities
2026-04-06T09:50:04.754Z [WARN] URL unreachable after repair attempts: https://mchigeeng.ca/employment
2026-04-06T09:52:46.968Z [WARN] URL unreachable after repair attempts: https://melancthontownship.ca/municipal-services/employment-opportunity
2026-04-06T09:57:17.485Z [WARN] URL unreachable after repair attempts: https://michipicoten.com/aboriginal-job-opportunities
2026-04-06T09:59:06.360Z [WARN] URL unreachable after repair attempts: https://mishkeegogamang.ca/services/education
2026-04-06T10:01:52.363Z [WARN] URL unreachable after repair attempts: https://mitaanjigamiing.ca/jobs
2026-04-06T10:03:35.902Z [WARN] URL unreachable after repair attempts: https://mncfn.ca/departments/employment-training-2
2026-04-06T10:03:49.330Z [WARN] URL repaired: https://myavanti.ca/WorkAtWelland -> https://welland.myavanti.ca/careers
2026-04-06T10:05:44.495Z [WARN] URL unreachable after repair attempts: https://naicatcheweninfirstnation.ca/employment
2026-04-06T10:07:29.625Z [WARN] URL unreachable after repair attempts: https://nairncentre.ca/municipal-services/job-opportunities
2026-04-06T10:09:10.344Z [WARN] URL unreachable after repair attempts: https://neskantaga.com/employment
2026-04-06T10:10:53.145Z [WARN] URL unreachable after repair attempts: https://nfn.ca/jobs
2026-04-06T10:11:58.672Z [WARN] URL unreachable after repair attempts: https://nigigoonsiminikaaning.ca/category/employment
2026-04-06T10:14:12.824Z [WARN] URL unreachable after repair attempts: https://nipissingtownship.com/municipal-departments/meet-the-employees
2026-04-06T10:15:57.738Z [WARN] URL unreachable after repair attempts: https://northumberland.ca/county-government/careers
2026-04-06T10:17:42.384Z [WARN] URL unreachable after repair attempts: https://oneida.on.ca/employment/job-listings
2026-04-06T10:19:51.443Z [WARN] URL unreachable after repair attempts: https://petawawa.ca/town-hall/employment-opportunities
2026-04-06T10:21:40.719Z [WARN] URL unreachable after repair attempts: https://plummertownship.ca/township-office/employment-opportunities
2026-04-06T10:23:26.351Z [WARN] URL unreachable after repair attempts: https://ppfn.ca/event/now-hiring-census-jobs
2026-04-06T10:25:08.857Z [WARN] URL unreachable after repair attempts: https://puslinch.ca/doing-business/careers
2026-04-06T10:26:51.542Z [WARN] URL unreachable after repair attempts: https://rainyriverfirstnations.com/careers
2026-04-06T10:28:55.019Z [WARN] URL unreachable after repair attempts: https://redrocktownship.com/community/employment-opportunities
2026-04-06T10:33:20.036Z [WARN] URL unreachable after repair attempts: https://saugeenfirstnation.com/employment-opportunities
2026-04-06T10:35:01.937Z [WARN] URL unreachable after repair attempts: https://saultstemarie.ca/live/fire-services/firefighter-recruitment
2026-04-06T10:37:28.450Z [WARN] URL unreachable after repair attempts: https://serpentriverfn.com/employment-opportunites/job_postings
2026-04-06T10:39:47.468Z [WARN] URL unreachable after repair attempts: https://shawanagafirstnation.ca/employment
2026-04-06T10:42:28.946Z [WARN] URL unreachable after repair attempts: https://sheguiandahfn.ca/employment
2026-04-06T10:44:13.522Z [WARN] URL unreachable after repair attempts: https://shoallake40.ca/economic-development
2026-04-06T10:45:56.836Z [WARN] URL unreachable after repair attempts: https://smoothrockfalls.ca/living/employment
2026-04-06T10:47:38.818Z [WARN] URL unreachable after repair attempts: https://stjosephtownship.com/jobs
2026-04-06T10:49:24.377Z [WARN] URL unreachable after repair attempts: https://taykwatagamou.com/about/careers
2026-04-06T10:51:06.841Z [WARN] URL unreachable after repair attempts: https://temagamifirstnation.ca/employment
2026-04-06T10:54:09.413Z [WARN] URL unreachable after repair attempts: https://thessalon.ca/council-and-government/employment-opportunities
2026-04-06T10:55:52.216Z [WARN] URL unreachable after repair attempts: https://town.petrolia.on.ca/town-hall/employment
2026-04-06T10:57:53.843Z [WARN] URL unreachable after repair attempts: https://townshipofhilliard.ca/municipal-government/rfqs-and-rfps
2026-04-06T10:59:38.443Z [WARN] URL unreachable after repair attempts: https://townshipofperry.ca/employment-opportunities
2026-04-06T11:01:20.777Z [WARN] URL unreachable after repair attempts: https://townshipofthenorthshore.ca/governing/employment
2026-04-06T11:03:14.798Z [WARN] URL unreachable after repair attempts: https://tudorandcashel.com/council/tenders-rfqs-rfps-employment
2026-04-06T11:04:58.083Z [WARN] URL unreachable after repair attempts: https://tyendinagatownship.com/recreation-complex-sponsorship-advertising-opportunities
2026-04-06T11:06:42.821Z [WARN] URL unreachable after repair attempts: https://wabaseemoong.ca/news/job-opportunities
2026-04-06T11:08:25.314Z [WARN] URL unreachable after repair attempts: https://wasauksing.ca/employment-opportunities
2026-04-06T11:10:09.022Z [WARN] URL unreachable after repair attempts: https://wollaston.ca/township-hall/employment-opportunities
2026-04-06T11:12:02.915Z [WARN] URL unreachable after repair attempts: https://www.aamjiwnaang.ca/employment-opportunities-4
2026-04-06T11:14:09.569Z [WARN] URL unreachable after repair attempts: https://www.akrc.on.ca/category/employment
2026-04-06T11:15:31.519Z [WARN] URL unreachable after repair attempts: https://www.dnetownship.ca/township-services/employment
2026-04-06T11:17:15.033Z [WARN] URL unreachable after repair attempts: https://www.dufferincounty.ca/dufferin-county-procurement
2026-04-06T11:19:10.296Z [WARN] URL unreachable after repair attempts: https://www.elgincounty.ca/living-here/careers
2026-04-06T11:19:36.822Z [WARN] URL unreachable after repair attempts: https://www.fauquierstrickland.com/avis/employment-opportunity-landfill-attendant
2026-04-06T11:20:33.835Z [WARN] URL repaired: https://www.frontenaccounty.ca/government/careers -> https://www.frontenaccounty.ca/
2026-04-06T11:22:26.641Z [WARN] URL unreachable after repair attempts: https://www.ginoogamingfn.ca/jobs
2026-04-06T11:24:19.274Z [WARN] URL unreachable after repair attempts: https://www.greatersudbury.ca/city-hall/jobs-at-the-city
2026-04-06T11:27:33.780Z [WARN] URL unreachable after repair attempts: https://www.hearst.ca/en/residents/foyer-des-pionniers/employment-opportunities
2026-04-06T11:30:02.450Z [WARN] URL unreachable after repair attempts: https://www.hiawathafirstnation.com/services-departments/employment
2026-04-06T11:31:52.832Z [WARN] URL unreachable after repair attempts: https://www.hiltontownship.ca/job-postings
2026-04-06T11:33:52.273Z [WARN] URL unreachable after repair attempts: https://www.huroncounty.ca/jobs
2026-04-06T11:33:58.421Z [WARN] URL unreachable after repair attempts: https://www.ignace.ca/residents/community/volunteer-opportunities
2026-04-06T11:35:56.465Z [WARN] URL unreachable after repair attempts: https://www.lakeofthewoods.ca/2026/01/08/4053
2026-04-06T11:36:12.798Z [WARN] URL unreachable after repair attempts: https://www.lambtononline.ca/en/resident-services/employment-services.aspx
2026-04-06T11:38:04.993Z [WARN] URL unreachable after repair attempts: https://www.larderlake.ca/municipal-services/careers
2026-04-06T11:39:54.976Z [WARN] URL unreachable after repair attempts: https://www.latchford.ca/employment-opportunity
2026-04-06T11:40:09.158Z [WARN] URL repaired: https://www.malahide.ca/en/index.aspx -> https://www.malahide.ca/
2026-04-06T11:41:55.472Z [WARN] URL unreachable after repair attempts: https://www.manitouwadge.ca/residents/job-bank
2026-04-06T11:42:00.285Z [WARN] URL repaired: https://www.markham.ca/about-city-markham/employment/working-the-city -> https://www.markham.ca/about-the-city-of-markham/employment/working-the-city
2026-04-06T11:42:09.356Z [WARN] URL unreachable after repair attempts: https://www.merrickville-wolford.ca/governance/career-opportunities
2026-04-06T11:44:00.010Z [WARN] URL unreachable after repair attempts: https://www.mississauga.ca/our-organization/jobs-and-volunteer
2026-04-06T11:44:04.754Z [WARN] URL unreachable after repair attempts: https://www.montaguetownship.ca/government/media-centre/employment-opportunities
2026-04-06T11:45:53.299Z [WARN] URL unreachable after repair attempts: https://www.moosonee.ca/careers
2026-04-06T11:45:56.856Z [WARN] URL unreachable after repair attempts: https://www.municipalityofkillarney.ca/municipal-services/job-opportunities
2026-04-06T11:46:14.644Z [WARN] URL unreachable after repair attempts: https://www.muskoka.on.ca/en/careers-and-volunteering/careers-and-volunteering-directory.aspx
2026-04-06T11:48:13.503Z [WARN] URL unreachable after repair attempts: https://www.nawash.ca/employment
2026-04-06T11:48:22.429Z [WARN] URL unreachable after repair attempts: https://www.nipigon.net/invest-grow/business-development/employment-opportunities
2026-04-06T11:50:22.500Z [WARN] URL unreachable after repair attempts: https://www.oakville.ca/town-hall/careers
2026-04-06T11:52:11.291Z [WARN] URL unreachable after repair attempts: https://www.oconnortownship.ca/careers
2026-04-06T11:52:46.175Z [WARN] URL unreachable after repair attempts: https://www.rideaulakes.ca/town-hall/services/employment-opportunities
2026-04-06T11:54:43.648Z [WARN] URL unreachable after repair attempts: https://www.sables-spanish.ca/employment-opportunities
2026-04-06T11:56:36.433Z [WARN] URL unreachable after repair attempts: https://www.shibogama.on.ca/jobs
2026-04-06T11:58:21.843Z [WARN] URL unreachable after repair attempts: https://www.shuniah.org/documents/employment
2026-04-06T12:00:05.934Z [WARN] URL unreachable after repair attempts: https://www.sixnations.ca/careers
2026-04-06T12:01:49.425Z [WARN] URL unreachable after repair attempts: https://www.southalgonquin.ca/article/employment
2026-04-06T12:02:14.591Z [WARN] URL unreachable after repair attempts: https://www.tayvalleytwp.ca/en/municipal-government/Career-Opportunities.aspx
2026-04-06T12:04:04.149Z [WARN] URL unreachable after repair attempts: https://www.terracebay.ca/living-here/community/employment-opportunities
2026-04-06T12:05:51.901Z [WARN] URL unreachable after repair attempts: https://www.thecounty.ca/residents/employment
2026-04-06T12:07:39.489Z [WARN] URL unreachable after repair attempts: https://www.toronto.ca/community-people/employment-social-support
2026-04-06T12:09:36.333Z [WARN] URL unreachable after repair attempts: https://www.townofspanish.com/town-hall/employment-and-volunteer-opportunites
2026-04-06T12:09:49.129Z [WARN] URL unreachable after repair attempts: https://www.vaughan.ca/about-city-vaughan/employment-opportunities
2026-04-06T12:11:51.528Z [WARN] URL unreachable after repair attempts: https://www.wabuntribalcouncil.ca/careers
2026-04-06T12:14:01.434Z [WARN] URL unreachable after repair attempts: https://www.wiikwemkoong.ca/employment
2026-04-06T12:14:09.384Z [WARN] URL unreachable after repair attempts: javascript:void(0);
2026-04-06T12:14:09.906Z [WARN] Email send failed: Error: Invalid login: 535 5.7.8 Authentication failed
2026-04-06T12:14:14.537Z [INFO] Google Sheets sync complete: updated=1975 inserted=194
2026-04-06T12:14:14.542Z [INFO] total_orgs_in_csv=583
2026-04-06T12:14:14.543Z [INFO] eligible_orgs_count=480
2026-04-06T12:14:14.543Z [INFO] unique_jobs_url_groups_count=469
2026-04-06T12:14:14.543Z [INFO] jobs_url_group_max_size=4
2026-04-06T12:14:14.543Z [INFO] groups_scraped_count=337
2026-04-06T12:14:14.543Z [INFO] groups_skipped_unreachable_count=132
2026-04-06T12:14:14.543Z [INFO] orgs_skipped_low_confidence_count=103
2026-04-06T12:14:14.544Z [INFO] url_repair_attempted_count=469
2026-04-06T12:14:14.544Z [INFO] url_repair_success_count=7
2026-04-06T12:14:14.544Z [INFO] extra_attribution_associations_count=14
2026-04-06T12:14:14.544Z [INFO] new_postings_count=403
2026-04-06T12:14:14.544Z [INFO] email_sent=false
2026-04-06T12:14:14.567Z === Weekly run finished 2026-04-06T12:14:14.567Z ===
