2026-04-13T09:03:25.192Z === Weekly run started 2026-04-13T09:03:25.192Z ===
2026-04-13T09:03:25.250Z [INFO] run_id=10
2026-04-13T09:03:25.250Z [INFO] eligible_orgs=480
2026-04-13T09:03:25.250Z [INFO] unique_jobs_url_groups=469
2026-04-13T09:04:52.624Z [WARN] URL unreachable after repair attempts: http://nalgonawil.com/opportunities-tenders
2026-04-13T09:05:01.259Z [WARN] URL unreachable after repair attempts: http://www.avjobs.com/blog/page/Married-Men-Who-Have-Affairs.aspx
2026-04-13T09:07:05.074Z [WARN] URL unreachable after repair attempts: http://www.bnafn.ca/employment-opportunities
2026-04-13T09:07:06.182Z [WARN] URL repaired: http://www.kapuskasing.ca/council-administration/employment-opportunities -> https://www.kapuskasing.ca/council-administration/employment-opportunities
2026-04-13T09:07:12.043Z [WARN] URL repaired: http://www.stirling-rawdon.com/business-development/careers -> https://www.stirling-rawdon.com/business-development/careers
2026-04-13T09:07:14.087Z [WARN] URL repaired: http://www.twpbrm.ca/your-township-government/employment-opportunities -> https://www.twpbrm.ca/your-township-government/employment-opportunities
2026-04-13T09:09:32.026Z [WARN] URL unreachable after repair attempts: https://adjtos.ca/municipal-government/employment-opportunities
2026-04-13T09:11:20.360Z [WARN] URL unreachable after repair attempts: https://admastonbromley.com/employment-opportunities-tenders
2026-04-13T09:13:43.461Z [WARN] URL unreachable after repair attempts: https://alberton.ca/employment
2026-04-13T09:15:27.684Z [WARN] URL unreachable after repair attempts: https://alderville.ca/employment-opportunities
2026-04-13T09:17:24.642Z [WARN] URL unreachable after repair attempts: https://apitipi.ca/employment
2026-04-13T09:19:05.985Z [WARN] URL unreachable after repair attempts: https://athenstownship.ca/announcement/opportunity-to-comment-on-the-proposal-to-expand-charleston-lake-provincial-park
2026-04-13T09:20:47.488Z [WARN] URL unreachable after repair attempts: https://atikamekshenganishnawbek.ca/employment-tenders
2026-04-13T09:22:30.171Z [WARN] URL unreachable after repair attempts: https://augusta.ca/employment-opportunities
2026-04-13T09:22:33.368Z [WARN] URL unreachable after repair attempts: https://aylmer.ca/town-hall/request-for-proposal
2026-04-13T09:24:24.089Z [WARN] URL unreachable after repair attempts: https://batchewana.ca/careers
2026-04-13T09:26:13.541Z [WARN] URL unreachable after repair attempts: https://blrtownship.ca/article/employment
2026-04-13T09:27:55.169Z [WARN] URL unreachable after repair attempts: https://brockville.com/careers
2026-04-13T09:29:39.824Z [WARN] URL unreachable after repair attempts: https://brookealvinston.com/residents/employment-opportunities-2
2026-04-13T09:31:21.232Z [WARN] URL unreachable after repair attempts: https://brucemines.ca/government/employment-opportunities
2026-04-13T09:31:32.061Z [WARN] URL unreachable after repair attempts: https://calendar.twpec.ca/default/detail/2026-04-08-1000-Better-Jobs-Ontario
2026-04-13T09:33:18.999Z [WARN] URL unreachable after repair attempts: https://carling.ca/municipal-information/employment-in-carling
2026-04-13T09:35:03.170Z [WARN] URL unreachable after repair attempts: https://carlowmayo.ca/council/tenders-rfqs-rfps-employment
2026-04-13T09:36:46.509Z [WARN] URL unreachable after repair attempts: https://casey.ca/2025/12/03/job-opportunity-road-superintendent
2026-04-13T09:38:28.626Z [WARN] URL unreachable after repair attempts: https://chapleau.ca/business/resources/employment-volunteer-opportunities
2026-04-13T09:40:43.022Z [WARN] URL unreachable after repair attempts: https://chapleaucree.ca/employment-opportunities
2026-04-13T09:42:51.067Z [WARN] URL unreachable after repair attempts: https://chapple.on.ca/employment
2026-04-13T09:44:08.550Z [WARN] URL unreachable after repair attempts: https://chatsworth.ca/government/employment-opportunities
2026-04-13T09:45:55.092Z [WARN] URL unreachable after repair attempts: https://cobalt.ca/residents/municipal-services/employment-opportunities
2026-04-13T09:47:36.511Z [WARN] URL unreachable after repair attempts: https://cochraneontario.com/living/employment-opportunities
2026-04-13T09:49:53.694Z [WARN] URL unreachable after repair attempts: https://constancelake.ca/work-for-us
2026-04-13T09:53:16.102Z [WARN] URL unreachable after repair attempts: https://cottfn.com/departments/employment-and-training
2026-04-13T09:55:02.054Z [WARN] URL unreachable after repair attempts: https://dokis.ca/employment-services
2026-04-13T09:56:54.389Z [WARN] URL unreachable after repair attempts: https://dubreuilville.ca/township/employment-opportunities
2026-04-13T09:58:42.885Z [WARN] URL unreachable after repair attempts: https://eaglelakefn.ca/employment
2026-04-13T10:00:25.644Z [WARN] URL unreachable after repair attempts: https://ear-falls.com/business/employment
2026-04-13T10:02:07.716Z [WARN] URL unreachable after repair attempts: https://echobay.ca/firefighter-recruitment
2026-04-13T10:04:34.426Z [WARN] URL unreachable after repair attempts: https://emo.ca/tenders-careers
2026-04-13T10:06:17.871Z [WARN] URL unreachable after repair attempts: https://faraday.ca/council/tenders-employment
2026-04-13T10:08:08.538Z [WARN] URL unreachable after repair attempts: https://fwfn.com/employment
2026-04-13T10:09:50.407Z [WARN] URL unreachable after repair attempts: https://guelph.ca/employment-careers/careers-jobs
2026-04-13T10:11:34.068Z [WARN] URL unreachable after repair attempts: https://hudson.ca/2025/12/03/job-opportunity-equipment-operator-full-time-position
2026-04-13T10:14:52.084Z [WARN] URL unreachable after repair attempts: https://huronshores.ca/business/employment
2026-04-13T10:16:39.514Z [WARN] URL unreachable after repair attempts: https://jocelyn.ca/employment-opportunities
2026-04-13T10:18:33.919Z [WARN] URL unreachable after repair attempts: https://johnsontownship.ca/2026/03/census-jobs
2026-04-13T10:20:16.029Z [WARN] URL unreachable after repair attempts: https://kettlepoint.org/four-winds-community-employment-services
2026-04-13T10:20:17.328Z [WARN] URL repaired: https://lacseulfn.org/careers -> https://www.lacseulfn.org/vacant-jobs
2026-04-13T10:22:02.422Z [WARN] URL unreachable after repair attempts: https://lennox-addington.on.ca/careers
2026-04-13T10:23:46.299Z [WARN] URL unreachable after repair attempts: https://limerick.ca/businesses-government/job-opportunities
2026-04-13T10:25:29.334Z [WARN] URL unreachable after repair attempts: https://madoc.ca/council/employment
2026-04-13T10:27:22.693Z [WARN] URL unreachable after repair attempts: https://markstay-warren.ca/opportunities/employment-opportunities
2026-04-13T10:29:21.638Z [WARN] URL unreachable after repair attempts: https://mchigeeng.ca/employment
2026-04-13T10:32:22.809Z [WARN] URL unreachable after repair attempts: https://melancthontownship.ca/municipal-services/employment-opportunity
2026-04-13T10:37:37.918Z [WARN] URL unreachable after repair attempts: https://michipicoten.com/aboriginal-job-opportunities
2026-04-13T10:39:26.971Z [WARN] URL unreachable after repair attempts: https://mishkeegogamang.ca/services/education
2026-04-13T10:41:44.371Z [WARN] URL unreachable after repair attempts: https://mitaanjigamiing.ca/jobs
2026-04-13T10:43:27.619Z [WARN] URL unreachable after repair attempts: https://mncfn.ca/departments/employment-training-2
2026-04-13T10:43:40.832Z [WARN] URL repaired: https://myavanti.ca/WorkAtWelland -> https://welland.myavanti.ca/careers
2026-04-13T10:45:35.882Z [WARN] URL unreachable after repair attempts: https://naicatcheweninfirstnation.ca/employment
2026-04-13T10:47:20.629Z [WARN] URL unreachable after repair attempts: https://nairncentre.ca/municipal-services/job-opportunities
2026-04-13T10:49:00.719Z [WARN] URL unreachable after repair attempts: https://neskantaga.com/employment
2026-04-13T10:50:43.523Z [WARN] URL unreachable after repair attempts: https://nfn.ca/jobs
2026-04-13T10:51:55.862Z [WARN] URL unreachable after repair attempts: https://nigigoonsiminikaaning.ca/category/employment
2026-04-13T10:53:59.705Z [WARN] URL unreachable after repair attempts: https://nipissingtownship.com/municipal-departments/meet-the-employees
2026-04-13T10:55:44.057Z [WARN] URL unreachable after repair attempts: https://northumberland.ca/county-government/careers
2026-04-13T10:57:27.899Z [WARN] URL unreachable after repair attempts: https://oneida.on.ca/employment/job-listings
2026-04-13T10:59:50.521Z [WARN] URL unreachable after repair attempts: https://petawawa.ca/town-hall/employment-opportunities
2026-04-13T11:01:38.099Z [WARN] URL unreachable after repair attempts: https://plummertownship.ca/township-office/employment-opportunities
2026-04-13T11:03:21.883Z [WARN] URL unreachable after repair attempts: https://ppfn.ca/event/now-hiring-census-jobs
2026-04-13T11:05:03.897Z [WARN] URL unreachable after repair attempts: https://puslinch.ca/doing-business/careers
2026-04-13T11:06:46.338Z [WARN] URL unreachable after repair attempts: https://rainyriverfirstnations.com/careers
2026-04-13T11:08:36.431Z [WARN] URL unreachable after repair attempts: https://redrocktownship.com/community/employment-opportunities
2026-04-13T11:13:01.171Z [WARN] URL unreachable after repair attempts: https://saugeenfirstnation.com/employment-opportunities
2026-04-13T11:14:42.783Z [WARN] URL unreachable after repair attempts: https://saultstemarie.ca/live/fire-services/firefighter-recruitment
2026-04-13T11:17:09.177Z [WARN] URL unreachable after repair attempts: https://serpentriverfn.com/employment-opportunites/job_postings
2026-04-13T11:19:27.013Z [WARN] URL unreachable after repair attempts: https://shawanagafirstnation.ca/employment
2026-04-13T11:22:17.828Z [WARN] URL unreachable after repair attempts: https://sheguiandahfn.ca/employment
2026-04-13T11:24:02.122Z [WARN] URL unreachable after repair attempts: https://shoallake40.ca/economic-development
2026-04-13T11:25:46.277Z [WARN] URL unreachable after repair attempts: https://smoothrockfalls.ca/living/employment
2026-04-13T11:27:27.699Z [WARN] URL unreachable after repair attempts: https://stjosephtownship.com/jobs
2026-04-13T11:29:13.132Z [WARN] URL unreachable after repair attempts: https://taykwatagamou.com/about/careers
2026-04-13T11:30:55.588Z [WARN] URL unreachable after repair attempts: https://temagamifirstnation.ca/employment
2026-04-13T11:35:14.377Z [WARN] URL unreachable after repair attempts: https://thessalon.ca/council-and-government/employment-opportunities
2026-04-13T11:37:01.706Z [WARN] URL unreachable after repair attempts: https://town.petrolia.on.ca/town-hall/employment
2026-04-13T11:39:07.985Z [WARN] URL unreachable after repair attempts: https://townshipofhilliard.ca/municipal-government/rfqs-and-rfps
2026-04-13T11:40:52.460Z [WARN] URL unreachable after repair attempts: https://townshipofperry.ca/employment-opportunities
2026-04-13T11:42:37.819Z [WARN] URL unreachable after repair attempts: https://townshipofthenorthshore.ca/governing/employment
2026-04-13T11:44:22.348Z [WARN] URL unreachable after repair attempts: https://tudorandcashel.com/council/tenders-rfqs-rfps-employment
2026-04-13T11:46:05.295Z [WARN] URL unreachable after repair attempts: https://tyendinagatownship.com/recreation-complex-sponsorship-advertising-opportunities
2026-04-13T11:48:13.085Z [WARN] URL unreachable after repair attempts: https://wabaseemoong.ca/news/job-opportunities
2026-04-13T11:49:55.139Z [WARN] URL unreachable after repair attempts: https://wasauksing.ca/employment-opportunities
2026-04-13T11:51:38.569Z [WARN] URL unreachable after repair attempts: https://wollaston.ca/township-hall/employment-opportunities
2026-04-13T11:53:34.792Z [WARN] URL unreachable after repair attempts: https://www.aamjiwnaang.ca/employment-opportunities-4
2026-04-13T11:55:41.483Z [WARN] URL unreachable after repair attempts: https://www.akrc.on.ca/category/employment
2026-04-13T11:56:33.255Z [WARN] URL unreachable after repair attempts: https://www.charltonanddack.com/job-opportunities
2026-04-13T11:57:00.129Z [WARN] URL unreachable after repair attempts: https://www.dnetownship.ca/township-services/employment
2026-04-13T11:58:43.069Z [WARN] URL unreachable after repair attempts: https://www.dufferincounty.ca/dufferin-county-procurement
2026-04-13T12:00:34.263Z [WARN] URL unreachable after repair attempts: https://www.elgincounty.ca/living-here/careers
2026-04-13T12:00:59.996Z [WARN] URL unreachable after repair attempts: https://www.fauquierstrickland.com/avis/employment-opportunity-landfill-attendant
2026-04-13T12:02:43.765Z [WARN] URL unreachable after repair attempts: https://www.frontenaccounty.ca/government/careers
2026-04-13T12:04:37.767Z [WARN] URL unreachable after repair attempts: https://www.ginoogamingfn.ca/jobs
2026-04-13T12:06:29.968Z [WARN] URL unreachable after repair attempts: https://www.greatersudbury.ca/city-hall/jobs-at-the-city
2026-04-13T12:09:41.821Z [WARN] URL unreachable after repair attempts: https://www.hearst.ca/en/residents/foyer-des-pionniers/employment-opportunities
2026-04-13T12:12:18.009Z [WARN] URL unreachable after repair attempts: https://www.hiawathafirstnation.com/services-departments/employment
2026-04-13T12:14:05.073Z [WARN] URL unreachable after repair attempts: https://www.hiltontownship.ca/job-postings
2026-04-13T12:16:02.609Z [WARN] URL unreachable after repair attempts: https://www.huroncounty.ca/jobs
2026-04-13T12:16:08.600Z [WARN] URL unreachable after repair attempts: https://www.ignace.ca/residents/community/volunteer-opportunities
2026-04-13T12:16:28.356Z [WARN] URL unreachable after repair attempts: https://www.jobs.ca/jobs?q=jobs%20at%20city%20of%20quinte%20west
2026-04-13T12:18:22.375Z [WARN] URL unreachable after repair attempts: https://www.lakeofthewoods.ca/2026/01/08/4053
2026-04-13T12:18:38.167Z [WARN] URL unreachable after repair attempts: https://www.lambtononline.ca/en/resident-services/employment-services.aspx
2026-04-13T12:20:30.345Z [WARN] URL unreachable after repair attempts: https://www.larderlake.ca/municipal-services/careers
2026-04-13T12:22:21.761Z [WARN] URL unreachable after repair attempts: https://www.latchford.ca/employment-opportunity
2026-04-13T12:24:46.097Z [WARN] URL unreachable after repair attempts: https://www.magfn.com/
2026-04-13T12:24:47.122Z [WARN] URL repaired: https://www.malahide.ca/en/index.aspx -> https://www.malahide.ca/
2026-04-13T12:26:30.456Z [WARN] URL unreachable after repair attempts: https://www.manitouwadge.ca/residents/job-bank
2026-04-13T12:26:35.366Z [WARN] URL repaired: https://www.markham.ca/about-city-markham/employment/working-the-city -> https://www.markham.ca/about-the-city-of-markham/employment/working-the-city
2026-04-13T12:26:44.212Z [WARN] URL unreachable after repair attempts: https://www.merrickville-wolford.ca/governance/career-opportunities
2026-04-13T12:28:33.449Z [WARN] URL unreachable after repair attempts: https://www.mississauga.ca/our-organization/jobs-and-volunteer
2026-04-13T12:28:37.988Z [WARN] URL unreachable after repair attempts: https://www.montaguetownship.ca/government/media-centre/employment-opportunities
2026-04-13T12:30:29.409Z [WARN] URL unreachable after repair attempts: https://www.moosonee.ca/careers
2026-04-13T12:30:32.851Z [WARN] URL unreachable after repair attempts: https://www.municipalityofkillarney.ca/municipal-services/job-opportunities
2026-04-13T12:30:50.762Z [WARN] URL unreachable after repair attempts: https://www.muskoka.on.ca/en/careers-and-volunteering/careers-and-volunteering-directory.aspx
2026-04-13T12:33:48.436Z [WARN] URL unreachable after repair attempts: https://www.nawash.ca/employment
2026-04-13T12:33:56.576Z [WARN] URL unreachable after repair attempts: https://www.nipigon.net/invest-grow/business-development/employment-opportunities
2026-04-13T12:35:55.164Z [WARN] URL unreachable after repair attempts: https://www.oakville.ca/town-hall/careers
2026-04-13T12:37:42.502Z [WARN] URL unreachable after repair attempts: https://www.oconnortownship.ca/careers
2026-04-13T12:38:15.978Z [WARN] URL unreachable after repair attempts: https://www.rideaulakes.ca/town-hall/services/employment-opportunities
2026-04-13T12:40:03.838Z [WARN] URL unreachable after repair attempts: https://www.sables-spanish.ca/employment-opportunities
2026-04-13T12:41:56.115Z [WARN] URL unreachable after repair attempts: https://www.shibogama.on.ca/jobs
2026-04-13T12:43:40.795Z [WARN] URL unreachable after repair attempts: https://www.shuniah.org/documents/employment
2026-04-13T12:45:24.381Z [WARN] URL unreachable after repair attempts: https://www.sixnations.ca/careers
2026-04-13T12:47:07.487Z [WARN] URL unreachable after repair attempts: https://www.southalgonquin.ca/article/employment
2026-04-13T12:47:30.923Z [WARN] URL unreachable after repair attempts: https://www.tayvalleytwp.ca/en/municipal-government/Career-Opportunities.aspx
2026-04-13T12:49:19.395Z [WARN] URL unreachable after repair attempts: https://www.terracebay.ca/living-here/community/employment-opportunities
2026-04-13T12:51:07.081Z [WARN] URL unreachable after repair attempts: https://www.thecounty.ca/residents/employment
2026-04-13T12:52:53.993Z [WARN] URL unreachable after repair attempts: https://www.toronto.ca/community-people/employment-social-support
2026-04-13T12:54:57.148Z [WARN] URL unreachable after repair attempts: https://www.townofspanish.com/town-hall/employment-and-volunteer-opportunites
2026-04-13T12:55:09.393Z [WARN] URL unreachable after repair attempts: https://www.vaughan.ca/about-city-vaughan/employment-opportunities
2026-04-13T12:57:08.320Z [WARN] URL unreachable after repair attempts: https://www.wabuntribalcouncil.ca/careers
2026-04-13T12:59:18.718Z [WARN] URL unreachable after repair attempts: https://www.wiikwemkoong.ca/employment
2026-04-13T12:59:26.386Z [WARN] URL unreachable after repair attempts: javascript:void(0);
2026-04-13T12:59:26.834Z [WARN] Email send failed: Error: Invalid login: 535 5.7.8 Authentication failed
2026-04-13T12:59:30.479Z [INFO] Google Sheets sync complete: updated=2067 inserted=59
2026-04-13T12:59:30.486Z [INFO] total_orgs_in_csv=583
2026-04-13T12:59:30.486Z [INFO] eligible_orgs_count=480
2026-04-13T12:59:30.486Z [INFO] unique_jobs_url_groups_count=469
2026-04-13T12:59:30.487Z [INFO] jobs_url_group_max_size=4
2026-04-13T12:59:30.487Z [INFO] groups_scraped_count=335
2026-04-13T12:59:30.487Z [INFO] groups_skipped_unreachable_count=134
2026-04-13T12:59:30.487Z [INFO] orgs_skipped_low_confidence_count=103
2026-04-13T12:59:30.487Z [INFO] url_repair_attempted_count=469
2026-04-13T12:59:30.487Z [INFO] url_repair_success_count=7
2026-04-13T12:59:30.488Z [INFO] extra_attribution_associations_count=11
2026-04-13T12:59:30.488Z [INFO] new_postings_count=59
2026-04-13T12:59:30.488Z [INFO] email_sent=false
2026-04-13T12:59:30.512Z === Weekly run finished 2026-04-13T12:59:30.512Z ===
