2026-04-27T07:51:58.801Z === Weekly run started 2026-04-27T07:51:58.801Z ===
2026-04-27T07:51:58.856Z [INFO] run_id=12
2026-04-27T07:51:58.856Z [INFO] eligible_orgs=480
2026-04-27T07:51:58.856Z [INFO] unique_jobs_url_groups=469
2026-04-27T07:53:23.101Z [WARN] URL unreachable after repair attempts: http://nalgonawil.com/opportunities-tenders
2026-04-27T07:53:31.720Z [WARN] URL unreachable after repair attempts: http://www.avjobs.com/blog/page/Married-Men-Who-Have-Affairs.aspx
2026-04-27T07:55:38.068Z [WARN] URL unreachable after repair attempts: http://www.bnafn.ca/employment-opportunities
2026-04-27T07:55:39.177Z [WARN] URL repaired: http://www.kapuskasing.ca/council-administration/employment-opportunities -> https://www.kapuskasing.ca/council-administration/employment-opportunities
2026-04-27T07:55:44.991Z [WARN] URL repaired: http://www.stirling-rawdon.com/business-development/careers -> https://www.stirling-rawdon.com/business-development/careers
2026-04-27T07:55:47.252Z [WARN] URL repaired: http://www.twpbrm.ca/your-township-government/employment-opportunities -> https://www.twpbrm.ca/your-township-government/employment-opportunities
2026-04-27T07:57:37.351Z [WARN] URL unreachable after repair attempts: https://adjtos.ca/municipal-government/employment-opportunities
2026-04-27T07:59:25.755Z [WARN] URL unreachable after repair attempts: https://admastonbromley.com/employment-opportunities-tenders
2026-04-27T08:01:31.040Z [WARN] URL unreachable after repair attempts: https://alberton.ca/employment
2026-04-27T08:03:18.685Z [WARN] URL unreachable after repair attempts: https://alderville.ca/employment-opportunities
2026-04-27T08:05:06.014Z [WARN] URL unreachable after repair attempts: https://apitipi.ca/employment
2026-04-27T08:05:15.452Z [WARN] URL unreachable after repair attempts: https://athenstownship.ca/announcement/opportunity-to-comment-on-the-proposal-to-expand-charleston-lake-provincial-park
2026-04-27T08:06:56.947Z [WARN] URL unreachable after repair attempts: https://atikamekshenganishnawbek.ca/employment-tenders
2026-04-27T08:08:39.634Z [WARN] URL unreachable after repair attempts: https://augusta.ca/employment-opportunities
2026-04-27T08:08:41.980Z [WARN] URL unreachable after repair attempts: https://aylmer.ca/town-hall/request-for-proposal
2026-04-27T08:10:33.782Z [WARN] URL unreachable after repair attempts: https://batchewana.ca/careers
2026-04-27T08:12:41.387Z [WARN] URL unreachable after repair attempts: https://blrtownship.ca/article/employment
2026-04-27T08:14:22.844Z [WARN] URL unreachable after repair attempts: https://brockville.com/careers
2026-04-27T08:16:07.935Z [WARN] URL unreachable after repair attempts: https://brookealvinston.com/residents/employment-opportunities-2
2026-04-27T08:17:49.584Z [WARN] URL unreachable after repair attempts: https://brucemines.ca/government/employment-opportunities
2026-04-27T08:18:03.366Z [WARN] URL unreachable after repair attempts: https://calendar.twpec.ca/default/detail/2026-04-08-1000-Better-Jobs-Ontario
2026-04-27T08:19:50.858Z [WARN] URL unreachable after repair attempts: https://carling.ca/municipal-information/employment-in-carling
2026-04-27T08:21:35.009Z [WARN] URL unreachable after repair attempts: https://carlowmayo.ca/council/tenders-rfqs-rfps-employment
2026-04-27T08:23:18.308Z [WARN] URL unreachable after repair attempts: https://casey.ca/2025/12/03/job-opportunity-road-superintendent
2026-04-27T08:24:58.732Z [WARN] URL unreachable after repair attempts: https://chapleau.ca/business/resources/employment-volunteer-opportunities
2026-04-27T08:26:50.391Z [WARN] URL unreachable after repair attempts: https://chapleaucree.ca/employment-opportunities
2026-04-27T08:29:08.588Z [WARN] URL unreachable after repair attempts: https://chapple.on.ca/employment
2026-04-27T08:30:28.396Z [WARN] URL unreachable after repair attempts: https://chatsworth.ca/government/employment-opportunities
2026-04-27T08:32:10.923Z [WARN] URL unreachable after repair attempts: https://cobalt.ca/residents/municipal-services/employment-opportunities
2026-04-27T08:33:55.390Z [WARN] URL unreachable after repair attempts: https://cochraneontario.com/living/employment-opportunities
2026-04-27T08:35:42.266Z [WARN] URL unreachable after repair attempts: https://constancelake.ca/work-for-us
2026-04-27T08:39:22.377Z [WARN] URL unreachable after repair attempts: https://cottfn.com/departments/employment-and-training
2026-04-27T08:41:08.493Z [WARN] URL unreachable after repair attempts: https://dokis.ca/employment-services
2026-04-27T08:43:02.206Z [WARN] URL unreachable after repair attempts: https://dubreuilville.ca/township/employment-opportunities
2026-04-27T08:45:14.401Z [WARN] URL unreachable after repair attempts: https://eaglelakefn.ca/employment
2026-04-27T08:46:57.267Z [WARN] URL unreachable after repair attempts: https://ear-falls.com/business/employment
2026-04-27T08:48:38.738Z [WARN] URL unreachable after repair attempts: https://echobay.ca/firefighter-recruitment
2026-04-27T08:51:20.091Z [WARN] URL unreachable after repair attempts: https://emo.ca/tenders-careers
2026-04-27T08:53:04.129Z [WARN] URL unreachable after repair attempts: https://faraday.ca/council/tenders-employment
2026-04-27T08:54:53.710Z [WARN] URL unreachable after repair attempts: https://fwfn.com/employment
2026-04-27T08:56:34.889Z [WARN] URL unreachable after repair attempts: https://guelph.ca/employment-careers/careers-jobs
2026-04-27T08:58:18.319Z [WARN] URL unreachable after repair attempts: https://hudson.ca/2025/12/03/job-opportunity-equipment-operator-full-time-position
2026-04-27T09:02:02.765Z [WARN] URL unreachable after repair attempts: https://huronshores.ca/business/employment
2026-04-27T09:03:48.050Z [WARN] URL unreachable after repair attempts: https://jocelyn.ca/employment-opportunities
2026-04-27T09:05:30.583Z [WARN] URL unreachable after repair attempts: https://johnsontownship.ca/2026/03/census-jobs
2026-04-27T09:07:12.832Z [WARN] URL unreachable after repair attempts: https://kettlepoint.org/four-winds-community-employment-services
2026-04-27T09:07:14.370Z [WARN] URL repaired: https://lacseulfn.org/careers -> https://www.lacseulfn.org/vacant-jobs
2026-04-27T09:09:00.267Z [WARN] URL unreachable after repair attempts: https://lennox-addington.on.ca/careers
2026-04-27T09:10:43.390Z [WARN] URL unreachable after repair attempts: https://limerick.ca/businesses-government/job-opportunities
2026-04-27T09:12:27.379Z [WARN] URL unreachable after repair attempts: https://madoc.ca/council/employment
2026-04-27T09:12:36.262Z [WARN] URL unreachable after repair attempts: https://markstay-warren.ca/opportunities/employment-opportunities
2026-04-27T09:14:40.524Z [WARN] URL unreachable after repair attempts: https://mchigeeng.ca/employment
2026-04-27T09:16:40.241Z [WARN] URL unreachable after repair attempts: https://melancthontownship.ca/municipal-services/employment-opportunity
2026-04-27T09:20:57.365Z [WARN] URL unreachable after repair attempts: https://michipicoten.com/aboriginal-job-opportunities
2026-04-27T09:22:44.998Z [WARN] URL unreachable after repair attempts: https://mishkeegogamang.ca/services/education
2026-04-27T09:24:37.290Z [WARN] URL unreachable after repair attempts: https://mitaanjigamiing.ca/jobs
2026-04-27T09:26:20.669Z [WARN] URL unreachable after repair attempts: https://mncfn.ca/departments/employment-training-2
2026-04-27T09:26:24.181Z [WARN] URL repaired: https://myavanti.ca/WorkAtWelland -> https://welland.myavanti.ca/careers
2026-04-27T09:28:06.532Z [WARN] URL unreachable after repair attempts: https://naicatcheweninfirstnation.ca/employment
2026-04-27T09:29:52.034Z [WARN] URL unreachable after repair attempts: https://nairncentre.ca/municipal-services/job-opportunities
2026-04-27T09:31:32.470Z [WARN] URL unreachable after repair attempts: https://neskantaga.com/employment
2026-04-27T09:33:14.377Z [WARN] URL unreachable after repair attempts: https://nfn.ca/jobs
2026-04-27T09:34:20.630Z [WARN] URL unreachable after repair attempts: https://nigigoonsiminikaaning.ca/category/employment
2026-04-27T09:36:27.420Z [WARN] URL unreachable after repair attempts: https://nipissingtownship.com/municipal-departments/meet-the-employees
2026-04-27T09:38:12.847Z [WARN] URL unreachable after repair attempts: https://northumberland.ca/county-government/careers
2026-04-27T09:39:57.530Z [WARN] URL unreachable after repair attempts: https://oneida.on.ca/employment/job-listings
2026-04-27T09:41:41.374Z [WARN] URL unreachable after repair attempts: https://petawawa.ca/town-hall/employment-opportunities
2026-04-27T09:43:28.441Z [WARN] URL unreachable after repair attempts: https://plummertownship.ca/township-office/employment-opportunities
2026-04-27T09:45:12.107Z [WARN] URL unreachable after repair attempts: https://ppfn.ca/event/now-hiring-census-jobs
2026-04-27T09:46:53.772Z [WARN] URL unreachable after repair attempts: https://puslinch.ca/doing-business/careers
2026-04-27T09:48:36.405Z [WARN] URL unreachable after repair attempts: https://rainyriverfirstnations.com/careers
2026-04-27T09:50:26.865Z [WARN] URL unreachable after repair attempts: https://redrocktownship.com/community/employment-opportunities
2026-04-27T09:55:04.155Z [WARN] URL unreachable after repair attempts: https://saugeenfirstnation.com/employment-opportunities
2026-04-27T09:56:45.873Z [WARN] URL unreachable after repair attempts: https://saultstemarie.ca/live/fire-services/firefighter-recruitment
2026-04-27T09:59:18.773Z [WARN] URL unreachable after repair attempts: https://serpentriverfn.com/employment-opportunites/job_postings
2026-04-27T10:01:51.292Z [WARN] URL unreachable after repair attempts: https://shawanagafirstnation.ca/employment
2026-04-27T10:04:43.693Z [WARN] URL unreachable after repair attempts: https://sheguiandahfn.ca/employment
2026-04-27T10:06:28.064Z [WARN] URL unreachable after repair attempts: https://shoallake40.ca/economic-development
2026-04-27T10:08:10.629Z [WARN] URL unreachable after repair attempts: https://smoothrockfalls.ca/living/employment
2026-04-27T10:09:52.372Z [WARN] URL unreachable after repair attempts: https://stjosephtownship.com/jobs
2026-04-27T10:11:41.295Z [WARN] URL unreachable after repair attempts: https://taykwatagamou.com/about/careers
2026-04-27T10:13:24.413Z [WARN] URL unreachable after repair attempts: https://temagamifirstnation.ca/employment
2026-04-27T10:18:09.190Z [WARN] URL unreachable after repair attempts: https://thessalon.ca/council-and-government/employment-opportunities
2026-04-27T10:20:04.614Z [WARN] URL unreachable after repair attempts: https://town.petrolia.on.ca/town-hall/employment
2026-04-27T10:22:01.279Z [WARN] URL unreachable after repair attempts: https://townshipofhilliard.ca/municipal-government/rfqs-and-rfps
2026-04-27T10:23:45.359Z [WARN] URL unreachable after repair attempts: https://townshipofperry.ca/employment-opportunities
2026-04-27T10:25:27.155Z [WARN] URL unreachable after repair attempts: https://townshipofthenorthshore.ca/governing/employment
2026-04-27T10:27:12.540Z [WARN] URL unreachable after repair attempts: https://tudorandcashel.com/council/tenders-rfqs-rfps-employment
2026-04-27T10:28:55.991Z [WARN] URL unreachable after repair attempts: https://tyendinagatownship.com/recreation-complex-sponsorship-advertising-opportunities
2026-04-27T10:30:40.692Z [WARN] URL unreachable after repair attempts: https://wabaseemoong.ca/news/job-opportunities
2026-04-27T10:32:22.554Z [WARN] URL unreachable after repair attempts: https://wasauksing.ca/employment-opportunities
2026-04-27T10:34:06.526Z [WARN] URL unreachable after repair attempts: https://wollaston.ca/township-hall/employment-opportunities
2026-04-27T10:35:57.669Z [WARN] URL unreachable after repair attempts: https://www.aamjiwnaang.ca/employment-opportunities-4
2026-04-27T10:38:04.509Z [WARN] URL unreachable after repair attempts: https://www.akrc.on.ca/category/employment
2026-04-27T10:38:56.776Z [WARN] URL unreachable after repair attempts: https://www.charltonanddack.com/job-opportunities
2026-04-27T10:39:22.987Z [WARN] URL unreachable after repair attempts: https://www.dnetownship.ca/township-services/employment
2026-04-27T10:39:24.017Z [WARN] URL repaired: https://www.dourodummer.ca/news/posts/employment-opportunities-summer-student-positions-2026 -> https://www.dourodummer.ca/news/posts/employment-opportunities-summer-student-positions-2026-closed
2026-04-27T10:41:06.660Z [WARN] URL unreachable after repair attempts: https://www.dufferincounty.ca/dufferin-county-procurement
2026-04-27T10:42:57.113Z [WARN] URL unreachable after repair attempts: https://www.elgincounty.ca/living-here/careers
2026-04-27T10:43:00.503Z [WARN] URL unreachable after repair attempts: https://www.englehart.ca/p/employment-opportunities-with-the-town-of-englehart
2026-04-27T10:43:23.396Z [WARN] URL unreachable after repair attempts: https://www.fauquierstrickland.com/avis/employment-opportunity-landfill-attendant
2026-04-27T10:45:06.343Z [WARN] URL unreachable after repair attempts: https://www.frontenaccounty.ca/government/careers
2026-04-27T10:47:08.075Z [WARN] URL unreachable after repair attempts: https://www.ginoogamingfn.ca/jobs
2026-04-27T10:48:59.929Z [WARN] URL unreachable after repair attempts: https://www.greatersudbury.ca/city-hall/jobs-at-the-city
2026-04-27T10:52:14.559Z [WARN] URL unreachable after repair attempts: https://www.hearst.ca/en/residents/foyer-des-pionniers/employment-opportunities
2026-04-27T10:54:03.015Z [WARN] URL unreachable after repair attempts: https://www.hiawathafirstnation.com/services-departments/employment
2026-04-27T10:55:50.315Z [WARN] URL unreachable after repair attempts: https://www.hiltontownship.ca/job-postings
2026-04-27T10:57:49.106Z [WARN] URL unreachable after repair attempts: https://www.huroncounty.ca/jobs
2026-04-27T10:57:56.490Z [WARN] URL unreachable after repair attempts: https://www.ignace.ca/residents/community/volunteer-opportunities
2026-04-27T10:58:16.404Z [WARN] URL unreachable after repair attempts: https://www.jobs.ca/jobs?q=jobs%20at%20city%20of%20quinte%20west
2026-04-27T10:58:19.862Z [WARN] URL repaired: https://www.killaloe-hagarty-richards.ca/living-here/job-posting -> https://www.killaloe-hagarty-richards.ca/municipal-office/job-posting
2026-04-27T11:00:12.854Z [WARN] URL unreachable after repair attempts: https://www.lakeofthewoods.ca/2026/01/08/4053
2026-04-27T11:00:29.649Z [WARN] URL unreachable after repair attempts: https://www.lambtononline.ca/en/resident-services/employment-services.aspx
2026-04-27T11:02:31.728Z [WARN] URL unreachable after repair attempts: https://www.larderlake.ca/municipal-services/careers
2026-04-27T11:04:21.610Z [WARN] URL unreachable after repair attempts: https://www.latchford.ca/employment-opportunity
2026-04-27T11:04:35.690Z [WARN] URL repaired: https://www.malahide.ca/en/index.aspx -> https://www.malahide.ca/
2026-04-27T11:06:21.534Z [WARN] URL unreachable after repair attempts: https://www.manitouwadge.ca/residents/job-bank
2026-04-27T11:06:26.518Z [WARN] URL repaired: https://www.markham.ca/about-city-markham/employment/working-the-city -> https://www.markham.ca/about-the-city-of-markham/employment/working-the-city
2026-04-27T11:06:35.184Z [WARN] URL unreachable after repair attempts: https://www.merrickville-wolford.ca/governance/career-opportunities
2026-04-27T11:08:25.839Z [WARN] URL unreachable after repair attempts: https://www.mississauga.ca/our-organization/jobs-and-volunteer
2026-04-27T11:08:30.190Z [WARN] URL unreachable after repair attempts: https://www.montaguetownship.ca/government/media-centre/employment-opportunities
2026-04-27T11:10:24.229Z [WARN] URL unreachable after repair attempts: https://www.moosonee.ca/careers
2026-04-27T11:10:27.613Z [WARN] URL unreachable after repair attempts: https://www.municipalityofkillarney.ca/municipal-services/job-opportunities
2026-04-27T11:10:45.488Z [WARN] URL unreachable after repair attempts: https://www.muskoka.on.ca/en/careers-and-volunteering/careers-and-volunteering-directory.aspx
2026-04-27T11:13:36.353Z [WARN] URL unreachable after repair attempts: https://www.nawash.ca/employment
2026-04-27T11:13:43.998Z [WARN] URL unreachable after repair attempts: https://www.nipigon.net/invest-grow/business-development/employment-opportunities
2026-04-27T11:15:42.564Z [WARN] URL unreachable after repair attempts: https://www.oakville.ca/town-hall/careers
2026-04-27T11:17:30.821Z [WARN] URL unreachable after repair attempts: https://www.oconnortownship.ca/careers
2026-04-27T11:18:04.269Z [WARN] URL unreachable after repair attempts: https://www.rideaulakes.ca/town-hall/services/employment-opportunities
2026-04-27T11:19:57.622Z [WARN] URL unreachable after repair attempts: https://www.sables-spanish.ca/employment-opportunities
2026-04-27T11:20:07.004Z [WARN] URL unreachable after repair attempts: https://www.seguin.ca/en/explore-play/employmentopportunities.aspx
2026-04-27T11:21:53.526Z [WARN] URL unreachable after repair attempts: https://www.shibogama.on.ca/jobs
2026-04-27T11:23:40.528Z [WARN] URL unreachable after repair attempts: https://www.shuniah.org/documents/employment
2026-04-27T11:25:24.022Z [WARN] URL unreachable after repair attempts: https://www.sixnations.ca/careers
2026-04-27T11:27:06.811Z [WARN] URL unreachable after repair attempts: https://www.southalgonquin.ca/article/employment
2026-04-27T11:27:30.293Z [WARN] URL unreachable after repair attempts: https://www.tayvalleytwp.ca/en/municipal-government/Career-Opportunities.aspx
2026-04-27T11:29:26.875Z [WARN] URL unreachable after repair attempts: https://www.terracebay.ca/living-here/community/employment-opportunities
2026-04-27T11:31:15.496Z [WARN] URL unreachable after repair attempts: https://www.thecounty.ca/residents/employment
2026-04-27T11:33:03.442Z [WARN] URL unreachable after repair attempts: https://www.toronto.ca/community-people/employment-social-support
2026-04-27T11:35:06.384Z [WARN] URL unreachable after repair attempts: https://www.townofspanish.com/town-hall/employment-and-volunteer-opportunites
2026-04-27T11:35:18.505Z [WARN] URL unreachable after repair attempts: https://www.vaughan.ca/about-city-vaughan/employment-opportunities
2026-04-27T11:37:10.588Z [WARN] URL unreachable after repair attempts: https://www.wabuntribalcouncil.ca/careers
2026-04-27T11:39:18.938Z [WARN] URL unreachable after repair attempts: https://www.wiikwemkoong.ca/employment
2026-04-27T11:39:26.607Z [WARN] URL unreachable after repair attempts: javascript:void(0);
2026-04-27T11:39:26.877Z [WARN] Email send failed: Error: Invalid login: 535 5.7.8 Authentication failed
2026-04-27T11:39:30.830Z [INFO] Google Sheets sync complete: updated=2082 inserted=85
2026-04-27T11:39:30.836Z [INFO] total_orgs_in_csv=583
2026-04-27T11:39:30.836Z [INFO] eligible_orgs_count=480
2026-04-27T11:39:30.836Z [INFO] unique_jobs_url_groups_count=469
2026-04-27T11:39:30.836Z [INFO] jobs_url_group_max_size=4
2026-04-27T11:39:30.836Z [INFO] groups_scraped_count=334
2026-04-27T11:39:30.836Z [INFO] groups_skipped_unreachable_count=135
2026-04-27T11:39:30.837Z [INFO] orgs_skipped_low_confidence_count=103
2026-04-27T11:39:30.837Z [INFO] url_repair_attempted_count=469
2026-04-27T11:39:30.837Z [INFO] url_repair_success_count=9
2026-04-27T11:39:30.837Z [INFO] extra_attribution_associations_count=11
2026-04-27T11:39:30.837Z [INFO] new_postings_count=87
2026-04-27T11:39:30.837Z [INFO] email_sent=false
2026-04-27T11:39:30.855Z === Weekly run finished 2026-04-27T11:39:30.855Z ===
