2026-03-23T08:04:25.943Z === Weekly run started 2026-03-23T08:04:25.943Z ===
2026-03-23T08:04:26.009Z [INFO] run_id=7
2026-03-23T08:04:26.009Z [INFO] eligible_orgs=481
2026-03-23T08:04:26.009Z [INFO] unique_jobs_url_groups=471
2026-03-23T08:05:54.837Z [WARN] URL unreachable after repair attempts: http://nalgonawil.com/opportunities-tenders
2026-03-23T08:05:58.316Z [WARN] URL repaired: http://www.bayham.on.ca/municipal-office/career-opportunities -> https://www.bayham.on.ca/municipal-office/career-opportunities
2026-03-23T08:08:03.782Z [WARN] URL unreachable after repair attempts: http://www.bnafn.ca/employment-opportunities
2026-03-23T08:08:04.897Z [WARN] URL repaired: http://www.hbmtwp.ca/township-services/careers-and-volunteering -> https://www.hbmtwp.ca/township-services/careers-and-volunteering
2026-03-23T08:08:07.057Z [WARN] URL repaired: http://www.kapuskasing.ca/council-administration/employment-opportunities -> https://www.kapuskasing.ca/council-administration/employment-opportunities
2026-03-23T08:08:12.873Z [WARN] URL repaired: http://www.stirling-rawdon.com/business-development/careers -> https://www.stirling-rawdon.com/business-development/careers
2026-03-23T08:09:12.296Z [WARN] URL unreachable after repair attempts: http://www.twp.beckwith.on.ca/careerrevbusiness.com
2026-03-23T08:11:10.761Z [WARN] URL unreachable after repair attempts: https://adjtos.ca/municipal-government/employment-opportunities
2026-03-23T08:12:59.240Z [WARN] URL unreachable after repair attempts: https://admastonbromley.com/employment-opportunities-tenders
2026-03-23T08:15:03.428Z [WARN] URL unreachable after repair attempts: https://alberton.ca/employment
2026-03-23T08:16:47.959Z [WARN] URL unreachable after repair attempts: https://alderville.ca/employment-opportunities
2026-03-23T08:18:34.992Z [WARN] URL unreachable after repair attempts: https://apitipi.ca/employment
2026-03-23T08:18:44.143Z [WARN] URL unreachable after repair attempts: https://athenstownship.ca/announcement/brockville-and-district-hospital-foundation-volunteer-recruitment
2026-03-23T08:20:25.634Z [WARN] URL unreachable after repair attempts: https://atikamekshenganishnawbek.ca/employment-tenders
2026-03-23T08:22:14.894Z [WARN] URL unreachable after repair attempts: https://augusta.ca/employment-opportunities
2026-03-23T08:22:17.924Z [WARN] URL unreachable after repair attempts: https://aylmer.ca/town-hall/request-for-proposal
2026-03-23T08:24:08.987Z [WARN] URL unreachable after repair attempts: https://batchewana.ca/careers
2026-03-23T08:25:59.551Z [WARN] URL unreachable after repair attempts: https://blrtownship.ca/article/employment
2026-03-23T08:27:41.247Z [WARN] URL unreachable after repair attempts: https://brockville.com/careers
2026-03-23T08:29:25.724Z [WARN] URL unreachable after repair attempts: https://brookealvinston.com/residents/employment-opportunities-2
2026-03-23T08:31:07.284Z [WARN] URL unreachable after repair attempts: https://brucemines.ca/government/employment-opportunities
2026-03-23T08:32:54.872Z [WARN] URL unreachable after repair attempts: https://carling.ca/municipal-information/employment-in-carling
2026-03-23T08:34:39.040Z [WARN] URL unreachable after repair attempts: https://carlowmayo.ca/council/tenders-rfqs-rfps-employment
2026-03-23T08:36:22.211Z [WARN] URL unreachable after repair attempts: https://casey.ca/2025/12/03/job-opportunity-road-superintendent
2026-03-23T08:38:02.472Z [WARN] URL unreachable after repair attempts: https://chapleau.ca/business/resources/employment-volunteer-opportunities
2026-03-23T08:39:54.525Z [WARN] URL unreachable after repair attempts: https://chapleaucree.ca/employment-opportunities
2026-03-23T08:42:18.080Z [WARN] URL unreachable after repair attempts: https://chapple.on.ca/employment
2026-03-23T08:43:35.726Z [WARN] URL unreachable after repair attempts: https://chatsworth.ca/government/employment-opportunities
2026-03-23T08:45:18.107Z [WARN] URL unreachable after repair attempts: https://cobalt.ca/residents/municipal-services/employment-opportunities
2026-03-23T08:46:59.507Z [WARN] URL unreachable after repair attempts: https://cochraneontario.com/living/employment-opportunities
2026-03-23T08:47:05.634Z [WARN] URL unreachable after repair attempts: https://constancelake.ca/work-for-us
2026-03-23T08:50:35.566Z [WARN] URL unreachable after repair attempts: https://cottfn.com/departments/employment-and-training
2026-03-23T08:52:20.926Z [WARN] URL unreachable after repair attempts: https://dokis.ca/employment-services
2026-03-23T08:52:33.262Z [WARN] URL unreachable after repair attempts: https://dubreuilville.ca/en/business/tenders-request-for-proposals-employment-opportunities
2026-03-23T08:54:38.663Z [WARN] URL unreachable after repair attempts: https://eaglelakefn.ca/employment
2026-03-23T08:56:20.124Z [WARN] URL unreachable after repair attempts: https://ear-falls.com/business/employment
2026-03-23T08:58:01.595Z [WARN] URL unreachable after repair attempts: https://echobay.ca/firefighter-recruitment
2026-03-23T09:00:54.576Z [WARN] URL unreachable after repair attempts: https://emo.ca/tenders-careers
2026-03-23T09:02:38.042Z [WARN] URL unreachable after repair attempts: https://faraday.ca/council/tenders-employment
2026-03-23T09:04:26.465Z [WARN] URL unreachable after repair attempts: https://fwfn.com/employment
2026-03-23T09:06:08.380Z [WARN] URL unreachable after repair attempts: https://guelph.ca/employment-careers/careers-jobs
2026-03-23T09:07:51.517Z [WARN] URL unreachable after repair attempts: https://hudson.ca/2025/12/03/job-opportunity-equipment-operator-full-time-position
2026-03-23T09:11:11.977Z [WARN] URL unreachable after repair attempts: https://huronshores.ca/business/employment
2026-03-23T09:13:10.242Z [WARN] URL unreachable after repair attempts: https://jocelyn.ca/employment-opportunities
2026-03-23T09:14:58.293Z [WARN] URL unreachable after repair attempts: https://johnsontownship.ca/2026/01/job-opportunity-with-nivo
2026-03-23T09:16:40.886Z [WARN] URL unreachable after repair attempts: https://kettlepoint.org/four-winds-community-employment-services
2026-03-23T09:18:24.228Z [WARN] URL unreachable after repair attempts: https://lacseulfn.org/careers
2026-03-23T09:20:09.097Z [WARN] URL unreachable after repair attempts: https://lennox-addington.on.ca/careers
2026-03-23T09:21:52.643Z [WARN] URL unreachable after repair attempts: https://limerick.ca/businesses-government/job-opportunities
2026-03-23T09:23:36.133Z [WARN] URL unreachable after repair attempts: https://madoc.ca/council/employment
2026-03-23T09:23:38.453Z [WARN] URL repaired: https://mapleton.ca/services/employment -> https://www.mapleton.ca/administration-and-town-hall/employment
2026-03-23T09:25:31.999Z [WARN] URL unreachable after repair attempts: https://markstay-warren.ca/opportunities/employment-opportunities
2026-03-23T09:27:29.796Z [WARN] URL unreachable after repair attempts: https://mchigeeng.ca/employment
2026-03-23T09:29:15.259Z [WARN] URL unreachable after repair attempts: https://melancthontownship.ca/municipal-services/employment-opportunity
2026-03-23T09:34:18.546Z [WARN] URL unreachable after repair attempts: https://michipicoten.com/aboriginal-job-opportunities
2026-03-23T09:36:06.509Z [WARN] URL unreachable after repair attempts: https://mishkeegogamang.ca/services/education
2026-03-23T09:44:34.953Z [WARN] URL unreachable after repair attempts: https://mitaanjigamiing.ca/jobs
2026-03-23T09:46:18.321Z [WARN] URL unreachable after repair attempts: https://mncfn.ca/departments/employment-training-2
2026-03-23T09:46:20.867Z [WARN] URL repaired: https://myavanti.ca/WorkAtWelland -> https://welland.myavanti.ca/careers
2026-03-23T09:48:16.100Z [WARN] URL unreachable after repair attempts: https://naicatcheweninfirstnation.ca/employment
2026-03-23T09:50:03.209Z [WARN] URL unreachable after repair attempts: https://nairncentre.ca/municipal-services/job-opportunities
2026-03-23T09:51:44.801Z [WARN] URL unreachable after repair attempts: https://neskantaga.com/employment
2026-03-23T09:53:26.681Z [WARN] URL unreachable after repair attempts: https://nfn.ca/jobs
2026-03-23T09:54:31.872Z [WARN] URL unreachable after repair attempts: https://nigigoonsiminikaaning.ca/category/employment
2026-03-23T09:56:41.909Z [WARN] URL unreachable after repair attempts: https://nipissingtownship.com/municipal-departments/meet-the-employees
2026-03-23T09:58:26.184Z [WARN] URL unreachable after repair attempts: https://northumberland.ca/county-government/careers
2026-03-23T10:00:10.483Z [WARN] URL unreachable after repair attempts: https://oneida.on.ca/employment/job-listings
2026-03-23T10:01:57.374Z [WARN] URL unreachable after repair attempts: https://petawawa.ca/town-hall/employment-opportunities
2026-03-23T10:03:44.856Z [WARN] URL unreachable after repair attempts: https://plummertownship.ca/township-office/employment-opportunities
2026-03-23T10:05:40.812Z [WARN] URL unreachable after repair attempts: https://ppfn.ca/event/now-hiring-census-jobs
2026-03-23T10:07:22.796Z [WARN] URL unreachable after repair attempts: https://puslinch.ca/doing-business/careers
2026-03-23T10:09:04.984Z [WARN] URL unreachable after repair attempts: https://rainyriverfirstnations.com/careers
2026-03-23T10:11:00.764Z [WARN] URL unreachable after repair attempts: https://redrocktownship.com/community/employment-opportunities
2026-03-23T10:16:07.399Z [WARN] URL unreachable after repair attempts: https://saugeenfirstnation.com/employment-opportunities
2026-03-23T10:17:49.082Z [WARN] URL unreachable after repair attempts: https://saultstemarie.ca/live/fire-services/firefighter-recruitment
2026-03-23T10:19:34.671Z [WARN] URL unreachable after repair attempts: https://serpentriverfn.com/employment-opportunites/job_postings
2026-03-23T10:21:56.882Z [WARN] URL unreachable after repair attempts: https://shawanagafirstnation.ca/employment
2026-03-23T10:24:43.940Z [WARN] URL unreachable after repair attempts: https://sheguiandahfn.ca/employment
2026-03-23T10:26:28.418Z [WARN] URL unreachable after repair attempts: https://shoallake40.ca/economic-development
2026-03-23T10:28:13.253Z [WARN] URL unreachable after repair attempts: https://smoothrockfalls.ca/living/employment
2026-03-23T10:29:54.732Z [WARN] URL unreachable after repair attempts: https://stjosephtownship.com/jobs
2026-03-23T10:31:39.527Z [WARN] URL unreachable after repair attempts: https://taykwatagamou.com/about/careers
2026-03-23T10:33:22.000Z [WARN] URL unreachable after repair attempts: https://temagamifirstnation.ca/employment
2026-03-23T10:36:11.806Z [WARN] URL unreachable after repair attempts: https://thessalon.ca/council-and-government/employment-opportunities
2026-03-23T10:37:58.217Z [WARN] URL unreachable after repair attempts: https://town.petrolia.on.ca/town-hall/employment
2026-03-23T10:39:52.691Z [WARN] URL unreachable after repair attempts: https://townshipofhilliard.ca/municipal-government/rfqs-and-rfps
2026-03-23T10:41:37.232Z [WARN] URL unreachable after repair attempts: https://townshipofperry.ca/employment-opportunities
2026-03-23T10:43:18.948Z [WARN] URL unreachable after repair attempts: https://townshipofthenorthshore.ca/governing/employment
2026-03-23T10:45:07.474Z [WARN] URL unreachable after repair attempts: https://tudorandcashel.com/council/tenders-rfqs-rfps-employment
2026-03-23T10:46:49.764Z [WARN] URL unreachable after repair attempts: https://tyendinagatownship.com/recreation-complex-sponsorship-advertising-opportunities
2026-03-23T10:52:06.143Z [WARN] URL unreachable after repair attempts: https://valharty.ca/municipality/careers
2026-03-23T10:53:53.112Z [WARN] URL unreachable after repair attempts: https://wabaseemoong.ca/news/job-opportunities
2026-03-23T10:55:35.465Z [WARN] URL unreachable after repair attempts: https://wasauksing.ca/employment-opportunities
2026-03-23T10:57:19.022Z [WARN] URL unreachable after repair attempts: https://wollaston.ca/township-hall/employment-opportunities
2026-03-23T10:59:14.265Z [WARN] URL unreachable after repair attempts: https://www.aamjiwnaang.ca/employment-opportunities-4
2026-03-23T11:01:19.140Z [WARN] URL unreachable after repair attempts: https://www.akrc.on.ca/category/employment
2026-03-23T11:01:40.211Z [WARN] URL unreachable after repair attempts: https://www.alfred-plantagenet.com/en/government-administration/job-postings-volunteering
2026-03-23T11:01:42.331Z [WARN] URL repaired: https://www.algonquinsofpikwakanagan.com/programs-services/human-resources/job-opportunities -> https://www.algonquinsofpikwakanagan.com/programs-services/human-resources/career-opportunities
2026-03-23T11:01:49.653Z [WARN] URL repaired: https://www.animakeewazhing37.com/windigo-island-2 -> https://www.expiredwixdomain.com/?redirectedFor=www.animakeewazhing37.com
2026-03-23T11:02:58.011Z [WARN] URL unreachable after repair attempts: https://www.dnetownship.ca/township-services/employment
2026-03-23T11:04:40.978Z [WARN] URL unreachable after repair attempts: https://www.dufferincounty.ca/dufferin-county-procurement
2026-03-23T11:06:40.827Z [WARN] URL unreachable after repair attempts: https://www.elgincounty.ca/living-here/careers
2026-03-23T11:06:47.936Z [WARN] URL unreachable after repair attempts: https://www.enniskillen.ca/public-works-operator-job-posting
2026-03-23T11:06:52.804Z [WARN] URL repaired: https://www.essex.ca/en/town-hall/employment.aspx?_mid_=4017 -> https://www.essex.ca/town-hall/employment
2026-03-23T11:07:11.775Z [WARN] URL unreachable after repair attempts: https://www.fauquierstrickland.com/avis/employment-opportunity-administrative-clerk-1
2026-03-23T11:08:08.750Z [WARN] URL repaired: https://www.frontenaccounty.ca/government/careers -> https://www.frontenaccounty.ca/
2026-03-23T11:10:02.051Z [WARN] URL unreachable after repair attempts: https://www.ginoogamingfn.ca/jobs
2026-03-23T11:10:08.433Z [WARN] URL unreachable after repair attempts: https://www.gordonbarrieisland.ca/jobs
2026-03-23T11:11:59.517Z [WARN] URL unreachable after repair attempts: https://www.greatersudbury.ca/live/long-term-care-pioneer-manor/careers-at-pioneer-manor
2026-03-23T11:15:33.378Z [WARN] URL unreachable after repair attempts: https://www.hearst.ca/en/residents/foyer-des-pionniers/employment-opportunities
2026-03-23T11:17:19.101Z [WARN] URL unreachable after repair attempts: https://www.hiawathafirstnation.com/services-departments/employment
2026-03-23T11:19:17.214Z [WARN] URL unreachable after repair attempts: https://www.hiltontownship.ca/job-postings
2026-03-23T11:21:15.002Z [WARN] URL unreachable after repair attempts: https://www.huroncounty.ca/jobs
2026-03-23T11:21:20.709Z [WARN] URL unreachable after repair attempts: https://www.ignace.ca/residents/community/volunteer-opportunities
2026-03-23T11:23:15.553Z [WARN] URL unreachable after repair attempts: https://www.lakeofthewoods.ca/2026/01/08/4053
2026-03-23T11:23:31.484Z [WARN] URL unreachable after repair attempts: https://www.lambtononline.ca/en/resident-services/employment-services.aspx
2026-03-23T11:25:22.761Z [WARN] URL unreachable after repair attempts: https://www.larderlake.ca/municipal-services/careers
2026-03-23T11:27:10.498Z [WARN] URL unreachable after repair attempts: https://www.latchford.ca/employment-opportunity
2026-03-23T11:29:08.588Z [WARN] URL unreachable after repair attempts: https://www.manitouwadge.ca/residents/job-bank
2026-03-23T11:29:20.006Z [WARN] URL unreachable after repair attempts: https://www.merrickville-wolford.ca/residents/news-public-notices/public-notices/summer-employment-recruitment-blockhouse-museum-supervisor
2026-03-23T11:31:09.766Z [WARN] URL unreachable after repair attempts: https://www.mississauga.ca/our-organization/jobs-and-volunteer
2026-03-23T11:31:14.291Z [WARN] URL unreachable after repair attempts: https://www.montaguetownship.ca/government/media-centre/employment-opportunities
2026-03-23T11:31:17.744Z [WARN] URL unreachable after repair attempts: https://www.municipalityofkillarney.ca/municipal-services/job-opportunities
2026-03-23T11:31:35.412Z [WARN] URL unreachable after repair attempts: https://www.muskoka.on.ca/en/careers-and-volunteering/careers-and-volunteering-directory.aspx
2026-03-23T11:35:08.651Z [WARN] URL unreachable after repair attempts: https://www.nawash.ca/employment
2026-03-23T11:35:16.919Z [WARN] URL unreachable after repair attempts: https://www.nipigon.net/invest-grow/business-development/employment-opportunities
2026-03-23T11:37:15.454Z [WARN] URL unreachable after repair attempts: https://www.oakville.ca/town-hall/careers
2026-03-23T11:39:03.043Z [WARN] URL unreachable after repair attempts: https://www.oconnortownship.ca/careers
2026-03-23T11:39:37.679Z [WARN] URL unreachable after repair attempts: https://www.rideaulakes.ca/town-hall/services/employment-opportunities
2026-03-23T11:41:28.296Z [WARN] URL unreachable after repair attempts: https://www.sables-spanish.ca/employment-opportunities
2026-03-23T11:41:48.419Z [WARN] URL unreachable after repair attempts: https://www.sdgcounties.ca/work-with-us
2026-03-23T11:43:35.203Z [WARN] URL unreachable after repair attempts: https://www.shibogama.on.ca/jobs
2026-03-23T11:45:36.183Z [WARN] URL unreachable after repair attempts: https://www.shuniah.org/documents/employment
2026-03-23T11:47:19.957Z [WARN] URL unreachable after repair attempts: https://www.sixnations.ca/careers
2026-03-23T11:49:04.820Z [WARN] URL unreachable after repair attempts: https://www.southalgonquin.ca/article/employment
2026-03-23T11:49:23.103Z [WARN] URL unreachable after repair attempts: https://www.southdundas.com/business-development/local-employment-agencies
2026-03-23T11:51:14.074Z [WARN] URL unreachable after repair attempts: https://www.stclairtownship.ca/residents/general-information/employment-opportunities
2026-03-23T11:53:32.659Z [WARN] URL unreachable after repair attempts: https://www.terracebay.ca/living-here/community/employment-opportunities
2026-03-23T11:55:20.129Z [WARN] URL unreachable after repair attempts: https://www.thecounty.ca/residents/employment
2026-03-23T11:57:06.855Z [WARN] URL unreachable after repair attempts: https://www.toronto.ca/community-people/employment-social-support
2026-03-23T11:57:24.926Z [WARN] URL unreachable after repair attempts: https://www.trentlakes.ca/careers
2026-03-23T11:57:32.069Z [WARN] URL unreachable after repair attempts: https://www.uxbridge.ca/en/your-local-government/careers.aspx
2026-03-23T11:59:26.959Z [WARN] URL unreachable after repair attempts: https://www.wabuntribalcouncil.ca/careers
2026-03-23T11:59:45.432Z [WARN] URL repaired: https://www.westperth.com/en/municipal-office/careers-and-volunteers.aspx -> https://www.westperth.com/government-administration/careers-and-volunteering
2026-03-23T12:01:36.531Z [WARN] URL unreachable after repair attempts: https://www.wiikwemkoong.ca/employment
2026-03-23T12:01:44.244Z [WARN] URL unreachable after repair attempts: javascript:void(0);
2026-03-23T12:01:44.703Z [WARN] Email send failed: Error: Invalid login: 535 5.7.8 Authentication failed
2026-03-23T12:01:48.906Z [INFO] Google Sheets sync complete: updated=2131 inserted=77
2026-03-23T12:01:48.911Z [INFO] total_orgs_in_csv=582
2026-03-23T12:01:48.911Z [INFO] eligible_orgs_count=481
2026-03-23T12:01:48.911Z [INFO] unique_jobs_url_groups_count=471
2026-03-23T12:01:48.911Z [INFO] jobs_url_group_max_size=4
2026-03-23T12:01:48.911Z [INFO] groups_scraped_count=336
2026-03-23T12:01:48.911Z [INFO] groups_skipped_unreachable_count=135
2026-03-23T12:01:48.912Z [INFO] orgs_skipped_low_confidence_count=101
2026-03-23T12:01:48.912Z [INFO] url_repair_attempted_count=471
2026-03-23T12:01:48.912Z [INFO] url_repair_success_count=11
2026-03-23T12:01:48.912Z [INFO] extra_attribution_associations_count=14
2026-03-23T12:01:48.912Z [INFO] new_postings_count=79
2026-03-23T12:01:48.912Z [INFO] email_sent=false
2026-03-23T12:01:48.935Z === Weekly run finished 2026-03-23T12:01:48.935Z ===
