2026-04-20T07:42:16.905Z === Weekly run started 2026-04-20T07:42:16.905Z ===
2026-04-20T07:42:16.962Z [INFO] run_id=11
2026-04-20T07:42:16.962Z [INFO] eligible_orgs=480
2026-04-20T07:42:16.962Z [INFO] unique_jobs_url_groups=469
2026-04-20T07:43:40.841Z [WARN] URL unreachable after repair attempts: http://nalgonawil.com/opportunities-tenders
2026-04-20T07:43:49.864Z [WARN] URL unreachable after repair attempts: http://www.avjobs.com/blog/page/Married-Men-Who-Have-Affairs.aspx
2026-04-20T07:46:07.913Z [WARN] URL unreachable after repair attempts: http://www.bnafn.ca/employment-opportunities
2026-04-20T07:46:09.024Z [WARN] URL repaired: http://www.kapuskasing.ca/council-administration/employment-opportunities -> https://www.kapuskasing.ca/council-administration/employment-opportunities
2026-04-20T07:46:15.058Z [WARN] URL repaired: http://www.stirling-rawdon.com/business-development/careers -> https://www.stirling-rawdon.com/business-development/careers
2026-04-20T07:46:17.154Z [WARN] URL repaired: http://www.twpbrm.ca/your-township-government/employment-opportunities -> https://www.twpbrm.ca/your-township-government/employment-opportunities
2026-04-20T07:48:34.136Z [WARN] URL unreachable after repair attempts: https://adjtos.ca/municipal-government/employment-opportunities
2026-04-20T07:50:24.063Z [WARN] URL unreachable after repair attempts: https://admastonbromley.com/employment-opportunities-tenders
2026-04-20T07:52:46.447Z [WARN] URL unreachable after repair attempts: https://alberton.ca/employment
2026-04-20T07:54:44.142Z [WARN] URL unreachable after repair attempts: https://alderville.ca/employment-opportunities
2026-04-20T07:56:46.163Z [WARN] URL unreachable after repair attempts: https://apitipi.ca/employment
2026-04-20T07:58:27.854Z [WARN] URL unreachable after repair attempts: https://athenstownship.ca/announcement/opportunity-to-comment-on-the-proposal-to-expand-charleston-lake-provincial-park
2026-04-20T08:00:09.085Z [WARN] URL unreachable after repair attempts: https://atikamekshenganishnawbek.ca/employment-tenders
2026-04-20T08:01:52.105Z [WARN] URL unreachable after repair attempts: https://augusta.ca/employment-opportunities
2026-04-20T08:01:55.132Z [WARN] URL unreachable after repair attempts: https://aylmer.ca/town-hall/request-for-proposal
2026-04-20T08:03:46.929Z [WARN] URL unreachable after repair attempts: https://batchewana.ca/careers
2026-04-20T08:05:28.860Z [WARN] URL unreachable after repair attempts: https://blrtownship.ca/article/employment
2026-04-20T08:07:10.381Z [WARN] URL unreachable after repair attempts: https://brockville.com/careers
2026-04-20T08:09:09.730Z [WARN] URL unreachable after repair attempts: https://brookealvinston.com/residents/employment-opportunities-2
2026-04-20T08:10:51.290Z [WARN] URL unreachable after repair attempts: https://brucemines.ca/government/employment-opportunities
2026-04-20T08:11:05.007Z [WARN] URL unreachable after repair attempts: https://calendar.twpec.ca/default/detail/2026-04-08-1000-Better-Jobs-Ontario
2026-04-20T08:12:53.079Z [WARN] URL unreachable after repair attempts: https://carling.ca/municipal-information/employment-in-carling
2026-04-20T08:14:37.142Z [WARN] URL unreachable after repair attempts: https://carlowmayo.ca/council/tenders-rfqs-rfps-employment
2026-04-20T08:16:20.491Z [WARN] URL unreachable after repair attempts: https://casey.ca/2025/12/03/job-opportunity-road-superintendent
2026-04-20T08:18:00.999Z [WARN] URL unreachable after repair attempts: https://chapleau.ca/business/resources/employment-volunteer-opportunities
2026-04-20T08:19:53.647Z [WARN] URL unreachable after repair attempts: https://chapleaucree.ca/employment-opportunities
2026-04-20T08:22:01.484Z [WARN] URL unreachable after repair attempts: https://chapple.on.ca/employment
2026-04-20T08:23:19.340Z [WARN] URL unreachable after repair attempts: https://chatsworth.ca/government/employment-opportunities
2026-04-20T08:25:01.694Z [WARN] URL unreachable after repair attempts: https://cobalt.ca/residents/municipal-services/employment-opportunities
2026-04-20T08:26:43.714Z [WARN] URL unreachable after repair attempts: https://cochraneontario.com/living/employment-opportunities
2026-04-20T08:28:30.446Z [WARN] URL unreachable after repair attempts: https://constancelake.ca/work-for-us
2026-04-20T08:32:37.065Z [WARN] URL unreachable after repair attempts: https://cottfn.com/departments/employment-and-training
2026-04-20T08:34:23.184Z [WARN] URL unreachable after repair attempts: https://dokis.ca/employment-services
2026-04-20T08:36:16.802Z [WARN] URL unreachable after repair attempts: https://dubreuilville.ca/township/employment-opportunities
2026-04-20T08:38:20.298Z [WARN] URL unreachable after repair attempts: https://eaglelakefn.ca/employment
2026-04-20T08:40:04.005Z [WARN] URL unreachable after repair attempts: https://ear-falls.com/business/employment
2026-04-20T08:41:46.473Z [WARN] URL unreachable after repair attempts: https://echobay.ca/firefighter-recruitment
2026-04-20T08:44:33.531Z [WARN] URL unreachable after repair attempts: https://emo.ca/tenders-careers
2026-04-20T08:46:17.265Z [WARN] URL unreachable after repair attempts: https://faraday.ca/council/tenders-employment
2026-04-20T08:48:06.579Z [WARN] URL unreachable after repair attempts: https://fwfn.com/employment
2026-04-20T08:49:48.640Z [WARN] URL unreachable after repair attempts: https://guelph.ca/employment-careers/careers-jobs
2026-04-20T08:51:31.852Z [WARN] URL unreachable after repair attempts: https://hudson.ca/2025/12/03/job-opportunity-equipment-operator-full-time-position
2026-04-20T08:54:34.645Z [WARN] URL unreachable after repair attempts: https://huronshores.ca/business/employment
2026-04-20T08:56:22.090Z [WARN] URL unreachable after repair attempts: https://jocelyn.ca/employment-opportunities
2026-04-20T08:58:04.877Z [WARN] URL unreachable after repair attempts: https://johnsontownship.ca/2026/03/census-jobs
2026-04-20T08:59:47.405Z [WARN] URL unreachable after repair attempts: https://kettlepoint.org/four-winds-community-employment-services
2026-04-20T08:59:48.715Z [WARN] URL repaired: https://lacseulfn.org/careers -> https://www.lacseulfn.org/vacant-jobs
2026-04-20T09:01:34.329Z [WARN] URL unreachable after repair attempts: https://lennox-addington.on.ca/careers
2026-04-20T09:03:17.661Z [WARN] URL unreachable after repair attempts: https://limerick.ca/businesses-government/job-opportunities
2026-04-20T09:05:01.319Z [WARN] URL unreachable after repair attempts: https://madoc.ca/council/employment
2026-04-20T09:06:49.981Z [WARN] URL unreachable after repair attempts: https://markstay-warren.ca/opportunities/employment-opportunities
2026-04-20T09:09:01.528Z [WARN] URL unreachable after repair attempts: https://mchigeeng.ca/employment
2026-04-20T09:11:55.652Z [WARN] URL unreachable after repair attempts: https://melancthontownship.ca/municipal-services/employment-opportunity
2026-04-20T09:16:01.700Z [WARN] URL unreachable after repair attempts: https://michipicoten.com/aboriginal-job-opportunities
2026-04-20T09:17:50.018Z [WARN] URL unreachable after repair attempts: https://mishkeegogamang.ca/services/education
2026-04-20T09:19:51.060Z [WARN] URL unreachable after repair attempts: https://mitaanjigamiing.ca/jobs
2026-04-20T09:21:34.081Z [WARN] URL unreachable after repair attempts: https://mncfn.ca/departments/employment-training-2
2026-04-20T09:21:36.827Z [WARN] URL repaired: https://myavanti.ca/WorkAtWelland -> https://welland.myavanti.ca/careers
2026-04-20T09:23:27.060Z [WARN] URL unreachable after repair attempts: https://naicatcheweninfirstnation.ca/employment
2026-04-20T09:25:10.798Z [WARN] URL unreachable after repair attempts: https://nairncentre.ca/municipal-services/job-opportunities
2026-04-20T09:26:51.180Z [WARN] URL unreachable after repair attempts: https://neskantaga.com/employment
2026-04-20T09:28:33.003Z [WARN] URL unreachable after repair attempts: https://nfn.ca/jobs
2026-04-20T09:29:39.243Z [WARN] URL unreachable after repair attempts: https://nigigoonsiminikaaning.ca/category/employment
2026-04-20T09:31:44.787Z [WARN] URL unreachable after repair attempts: https://nipissingtownship.com/municipal-departments/meet-the-employees
2026-04-20T09:33:28.979Z [WARN] URL unreachable after repair attempts: https://northumberland.ca/county-government/careers
2026-04-20T09:35:13.730Z [WARN] URL unreachable after repair attempts: https://oneida.on.ca/employment/job-listings
2026-04-20T09:37:41.638Z [WARN] URL unreachable after repair attempts: https://petawawa.ca/town-hall/employment-opportunities
2026-04-20T09:39:28.854Z [WARN] URL unreachable after repair attempts: https://plummertownship.ca/township-office/employment-opportunities
2026-04-20T09:41:12.844Z [WARN] URL unreachable after repair attempts: https://ppfn.ca/event/now-hiring-census-jobs
2026-04-20T09:42:54.702Z [WARN] URL unreachable after repair attempts: https://puslinch.ca/doing-business/careers
2026-04-20T09:44:37.351Z [WARN] URL unreachable after repair attempts: https://rainyriverfirstnations.com/careers
2026-04-20T09:46:32.942Z [WARN] URL unreachable after repair attempts: https://redrocktownship.com/community/employment-opportunities
2026-04-20T09:51:00.493Z [WARN] URL unreachable after repair attempts: https://saugeenfirstnation.com/employment-opportunities
2026-04-20T09:52:42.292Z [WARN] URL unreachable after repair attempts: https://saultstemarie.ca/live/fire-services/firefighter-recruitment
2026-04-20T09:54:28.976Z [WARN] URL unreachable after repair attempts: https://serpentriverfn.com/employment-opportunites/job_postings
2026-04-20T09:56:50.533Z [WARN] URL unreachable after repair attempts: https://shawanagafirstnation.ca/employment
2026-04-20T09:59:37.339Z [WARN] URL unreachable after repair attempts: https://sheguiandahfn.ca/employment
2026-04-20T10:01:22.806Z [WARN] URL unreachable after repair attempts: https://shoallake40.ca/economic-development
2026-04-20T10:03:05.610Z [WARN] URL unreachable after repair attempts: https://smoothrockfalls.ca/living/employment
2026-04-20T10:04:47.896Z [WARN] URL unreachable after repair attempts: https://stjosephtownship.com/jobs
2026-04-20T10:06:36.604Z [WARN] URL unreachable after repair attempts: https://taykwatagamou.com/about/careers
2026-04-20T10:08:18.554Z [WARN] URL unreachable after repair attempts: https://temagamifirstnation.ca/employment
2026-04-20T10:10:11.535Z [WARN] URL unreachable after repair attempts: https://thessalon.ca/council-and-government/employment-opportunities
2026-04-20T10:11:58.146Z [WARN] URL unreachable after repair attempts: https://town.petrolia.on.ca/town-hall/employment
2026-04-20T10:13:59.739Z [WARN] URL unreachable after repair attempts: https://townshipofhilliard.ca/municipal-government/rfqs-and-rfps
2026-04-20T10:15:45.242Z [WARN] URL unreachable after repair attempts: https://townshipofperry.ca/employment-opportunities
2026-04-20T10:17:26.924Z [WARN] URL unreachable after repair attempts: https://townshipofthenorthshore.ca/governing/employment
2026-04-20T10:19:15.920Z [WARN] URL unreachable after repair attempts: https://tudorandcashel.com/council/tenders-rfqs-rfps-employment
2026-04-20T10:20:58.479Z [WARN] URL unreachable after repair attempts: https://tyendinagatownship.com/recreation-complex-sponsorship-advertising-opportunities
2026-04-20T10:22:43.017Z [WARN] URL unreachable after repair attempts: https://wabaseemoong.ca/news/job-opportunities
2026-04-20T10:24:24.783Z [WARN] URL unreachable after repair attempts: https://wasauksing.ca/employment-opportunities
2026-04-20T10:26:08.973Z [WARN] URL unreachable after repair attempts: https://wollaston.ca/township-hall/employment-opportunities
2026-04-20T10:28:02.683Z [WARN] URL unreachable after repair attempts: https://www.aamjiwnaang.ca/employment-opportunities-4
2026-04-20T10:30:10.697Z [WARN] URL unreachable after repair attempts: https://www.akrc.on.ca/category/employment
2026-04-20T10:32:07.333Z [WARN] URL unreachable after repair attempts: https://www.charltonanddack.com/job-opportunities
2026-04-20T10:32:34.076Z [WARN] URL unreachable after repair attempts: https://www.dnetownship.ca/township-services/employment
2026-04-20T10:32:35.201Z [WARN] URL repaired: https://www.dourodummer.ca/news/posts/employment-opportunities-summer-student-positions-2026 -> https://www.dourodummer.ca/news/posts/employment-opportunities-summer-student-positions-2026-closed
2026-04-20T10:34:17.624Z [WARN] URL unreachable after repair attempts: https://www.dufferincounty.ca/dufferin-county-procurement
2026-04-20T10:36:08.442Z [WARN] URL unreachable after repair attempts: https://www.elgincounty.ca/living-here/careers
2026-04-20T10:36:33.867Z [WARN] URL unreachable after repair attempts: https://www.fauquierstrickland.com/avis/employment-opportunity-landfill-attendant
2026-04-20T10:38:17.088Z [WARN] URL unreachable after repair attempts: https://www.frontenaccounty.ca/government/careers
2026-04-20T10:40:11.237Z [WARN] URL unreachable after repair attempts: https://www.ginoogamingfn.ca/jobs
2026-04-20T10:42:03.535Z [WARN] URL unreachable after repair attempts: https://www.greatersudbury.ca/city-hall/jobs-at-the-city
2026-04-20T10:45:12.892Z [WARN] URL unreachable after repair attempts: https://www.hearst.ca/en/residents/foyer-des-pionniers/employment-opportunities
2026-04-20T10:47:37.854Z [WARN] URL unreachable after repair attempts: https://www.hiawathafirstnation.com/services-departments/employment
2026-04-20T10:49:25.391Z [WARN] URL unreachable after repair attempts: https://www.hiltontownship.ca/job-postings
2026-04-20T10:51:17.748Z [WARN] URL unreachable after repair attempts: https://www.huroncounty.ca/jobs
2026-04-20T10:51:23.711Z [WARN] URL unreachable after repair attempts: https://www.ignace.ca/residents/community/volunteer-opportunities
2026-04-20T10:51:43.510Z [WARN] URL unreachable after repair attempts: https://www.jobs.ca/jobs?q=jobs%20at%20city%20of%20quinte%20west
2026-04-20T10:53:40.191Z [WARN] URL unreachable after repair attempts: https://www.lakeofthewoods.ca/2026/01/08/4053
2026-04-20T10:53:56.066Z [WARN] URL unreachable after repair attempts: https://www.lambtononline.ca/en/resident-services/employment-services.aspx
2026-04-20T10:55:49.247Z [WARN] URL unreachable after repair attempts: https://www.larderlake.ca/municipal-services/careers
2026-04-20T10:57:38.642Z [WARN] URL unreachable after repair attempts: https://www.latchford.ca/employment-opportunity
2026-04-20T10:57:52.484Z [WARN] URL repaired: https://www.malahide.ca/en/index.aspx -> https://www.malahide.ca/
2026-04-20T10:59:34.923Z [WARN] URL unreachable after repair attempts: https://www.manitouwadge.ca/residents/job-bank
2026-04-20T10:59:39.981Z [WARN] URL repaired: https://www.markham.ca/about-city-markham/employment/working-the-city -> https://www.markham.ca/about-the-city-of-markham/employment/working-the-city
2026-04-20T10:59:48.729Z [WARN] URL unreachable after repair attempts: https://www.merrickville-wolford.ca/governance/career-opportunities
2026-04-20T11:01:37.687Z [WARN] URL unreachable after repair attempts: https://www.mississauga.ca/our-organization/jobs-and-volunteer
2026-04-20T11:01:42.139Z [WARN] URL unreachable after repair attempts: https://www.montaguetownship.ca/government/media-centre/employment-opportunities
2026-04-20T11:03:59.293Z [WARN] URL unreachable after repair attempts: https://www.moosonee.ca/careers
2026-04-20T11:04:02.650Z [WARN] URL unreachable after repair attempts: https://www.municipalityofkillarney.ca/municipal-services/job-opportunities
2026-04-20T11:04:20.374Z [WARN] URL unreachable after repair attempts: https://www.muskoka.on.ca/en/careers-and-volunteering/careers-and-volunteering-directory.aspx
2026-04-20T11:07:21.806Z [WARN] URL unreachable after repair attempts: https://www.nawash.ca/employment
2026-04-20T11:07:29.612Z [WARN] URL unreachable after repair attempts: https://www.nipigon.net/invest-grow/business-development/employment-opportunities
2026-04-20T11:09:28.170Z [WARN] URL unreachable after repair attempts: https://www.oakville.ca/town-hall/careers
2026-04-20T11:11:15.937Z [WARN] URL unreachable after repair attempts: https://www.oconnortownship.ca/careers
2026-04-20T11:11:49.407Z [WARN] URL unreachable after repair attempts: https://www.rideaulakes.ca/town-hall/services/employment-opportunities
2026-04-20T11:14:00.954Z [WARN] URL unreachable after repair attempts: https://www.sables-spanish.ca/employment-opportunities
2026-04-20T11:14:10.352Z [WARN] URL unreachable after repair attempts: https://www.seguin.ca/en/explore-play/employmentopportunities.aspx
2026-04-20T11:15:56.940Z [WARN] URL unreachable after repair attempts: https://www.shibogama.on.ca/jobs
2026-04-20T11:17:40.980Z [WARN] URL unreachable after repair attempts: https://www.shuniah.org/documents/employment
2026-04-20T11:19:24.839Z [WARN] URL unreachable after repair attempts: https://www.sixnations.ca/careers
2026-04-20T11:21:07.443Z [WARN] URL unreachable after repair attempts: https://www.southalgonquin.ca/article/employment
2026-04-20T11:21:30.695Z [WARN] URL unreachable after repair attempts: https://www.tayvalleytwp.ca/en/municipal-government/Career-Opportunities.aspx
2026-04-20T11:23:29.118Z [WARN] URL unreachable after repair attempts: https://www.terracebay.ca/living-here/community/employment-opportunities
2026-04-20T11:25:16.413Z [WARN] URL unreachable after repair attempts: https://www.thecounty.ca/residents/employment
2026-04-20T11:27:03.880Z [WARN] URL unreachable after repair attempts: https://www.toronto.ca/community-people/employment-social-support
2026-04-20T11:29:06.796Z [WARN] URL unreachable after repair attempts: https://www.townofspanish.com/town-hall/employment-and-volunteer-opportunites
2026-04-20T11:29:19.100Z [WARN] URL unreachable after repair attempts: https://www.vaughan.ca/about-city-vaughan/employment-opportunities
2026-04-20T11:29:51.810Z [WARN] URL unreachable after repair attempts: https://www.wabuntribalcouncil.ca/careers
2026-04-20T11:31:59.664Z [WARN] URL unreachable after repair attempts: https://www.wiikwemkoong.ca/employment
2026-04-20T11:32:07.428Z [WARN] URL unreachable after repair attempts: javascript:void(0);
2026-04-20T11:32:07.702Z [WARN] Email send failed: Error: Invalid login: 535 5.7.8 Authentication failed
2026-04-20T11:32:11.824Z [INFO] Google Sheets sync complete: updated=2068 inserted=88
2026-04-20T11:32:11.828Z [INFO] total_orgs_in_csv=583
2026-04-20T11:32:11.828Z [INFO] eligible_orgs_count=480
2026-04-20T11:32:11.828Z [INFO] unique_jobs_url_groups_count=469
2026-04-20T11:32:11.829Z [INFO] jobs_url_group_max_size=4
2026-04-20T11:32:11.829Z [INFO] groups_scraped_count=335
2026-04-20T11:32:11.829Z [INFO] groups_skipped_unreachable_count=134
2026-04-20T11:32:11.829Z [INFO] orgs_skipped_low_confidence_count=103
2026-04-20T11:32:11.829Z [INFO] url_repair_attempted_count=469
2026-04-20T11:32:11.829Z [INFO] url_repair_success_count=8
2026-04-20T11:32:11.829Z [INFO] extra_attribution_associations_count=10
2026-04-20T11:32:11.829Z [INFO] new_postings_count=88
2026-04-20T11:32:11.829Z [INFO] email_sent=false
2026-04-20T11:32:11.852Z === Weekly run finished 2026-04-20T11:32:11.852Z ===
