2026-07-13T08:07:22.114Z === Weekly run started 2026-07-13T08:07:22.114Z ===
2026-07-13T08:07:22.173Z [INFO] run_id=18
2026-07-13T08:07:22.174Z [INFO] eligible_orgs=458
2026-07-13T08:07:22.174Z [INFO] unique_jobs_url_groups=447
2026-07-13T08:08:49.072Z [WARN] URL unreachable after repair attempts: http://nalgonawil.com/opportunities-tenders
2026-07-13T08:08:51.276Z [WARN] URL repaired: http://www.bayham.on.ca/municipal-office/career-opportunities -> https://www.bayham.on.ca/municipal-office/career-opportunities
2026-07-13T08:10:50.428Z [WARN] URL unreachable after repair attempts: http://www.bnafn.ca/employment-opportunities
2026-07-13T08:10:51.527Z [WARN] URL repaired: http://www.hbmtwp.ca/township-services/careers-and-volunteering -> https://www.hbmtwp.ca/township-services/careers-and-volunteering
2026-07-13T08:10:53.695Z [WARN] URL repaired: http://www.kapuskasing.ca/council-administration/employment-opportunities -> https://www.kapuskasing.ca/council-administration/employment-opportunities
2026-07-13T08:10:59.154Z [WARN] URL repaired: http://www.stirling-rawdon.com/business-development/careers -> https://www.stirling-rawdon.com/business-development/careers
2026-07-13T08:11:01.266Z [WARN] URL repaired: http://www.twpbrm.ca/your-township-government/employment-opportunities -> https://www.twpbrm.ca/your-township-government/employment-opportunities
2026-07-13T08:12:54.236Z [WARN] URL unreachable after repair attempts: https://alderville.ca/employment-opportunities
2026-07-13T08:14:36.852Z [WARN] URL unreachable after repair attempts: https://atikamekshenganishnawbek.ca/employment-tenders
2026-07-13T08:16:20.742Z [WARN] URL unreachable after repair attempts: https://augusta.ca/employment
2026-07-13T08:18:04.266Z [WARN] URL unreachable after repair attempts: https://brockville.com/careers
2026-07-13T08:19:47.865Z [WARN] URL unreachable after repair attempts: https://brookealvinston.com/residents/employment-opportunities-2
2026-07-13T08:21:29.563Z [WARN] URL unreachable after repair attempts: https://brucemines.ca/government/employment-opportunities
2026-07-13T08:23:18.218Z [WARN] URL unreachable after repair attempts: https://casey.ca/2025/12/03/job-opportunity-road-superintendent
2026-07-13T08:24:58.728Z [WARN] URL unreachable after repair attempts: https://chapleau.ca/business/resources/employment-volunteer-opportunities
2026-07-13T08:26:50.361Z [WARN] URL unreachable after repair attempts: https://chapleaucree.ca/employment-opportunities
2026-07-13T08:28:09.282Z [WARN] URL unreachable after repair attempts: https://chatsworth.ca/government/employment-opportunities
2026-07-13T08:29:50.584Z [WARN] URL unreachable after repair attempts: https://cobalt.ca/residents/municipal-services/employment-opportunities
2026-07-13T08:31:32.238Z [WARN] URL unreachable after repair attempts: https://cochraneontario.com/living/employment-opportunities
2026-07-13T08:31:38.970Z [WARN] URL unreachable after repair attempts: https://constancelake.ca/work-for-us
2026-07-13T08:34:51.348Z [WARN] URL unreachable after repair attempts: https://cottfn.com/departments/employment-and-training
2026-07-13T08:36:37.817Z [WARN] URL unreachable after repair attempts: https://dokis.ca/employment-services
2026-07-13T08:38:38.268Z [WARN] URL unreachable after repair attempts: https://eaglelakefn.ca/employment
2026-07-13T08:40:39.657Z [WARN] URL unreachable after repair attempts: https://fwfn.com/employment
2026-07-13T08:41:47.386Z [WARN] URL unreachable after repair attempts: https://guelph.ca/living/volunteer-opportunities
2026-07-13T08:44:41.632Z [WARN] URL unreachable after repair attempts: https://huronshores.ca/business/employment
2026-07-13T08:46:27.193Z [WARN] URL unreachable after repair attempts: https://kettlepoint.org/four-winds-community-employment-services
2026-07-13T08:46:30.334Z [WARN] URL unreachable after repair attempts: https://lennox-addington.on.ca/careers
2026-07-13T08:48:24.209Z [WARN] URL unreachable after repair attempts: https://melancthontownship.ca/municipal-services/employment-opportunity
2026-07-13T08:50:12.590Z [WARN] URL unreachable after repair attempts: https://mishkeegogamang.ca/services/education
2026-07-13T08:50:14.628Z [WARN] URL unreachable after repair attempts: https://mitaanjigamiing.ca/jobs
2026-07-13T08:51:57.859Z [WARN] URL unreachable after repair attempts: https://mncfn.ca/departments/employment-training-2
2026-07-13T08:52:01.067Z [WARN] URL repaired: https://myavanti.ca/WorkAtWelland -> https://welland.myavanti.ca/careers
2026-07-13T08:53:46.939Z [WARN] URL unreachable after repair attempts: https://nairncentre.ca/municipal-services/job-opportunities
2026-07-13T08:55:28.420Z [WARN] URL unreachable after repair attempts: https://neskantaga.com/employment
2026-07-13T08:58:52.598Z [WARN] URL unreachable after repair attempts: https://nipissingtownship.com/draft-council-vacancy-procedure-by-law
2026-07-13T09:00:37.393Z [WARN] URL unreachable after repair attempts: https://northumberland.ca/county-government/careers
2026-07-13T09:02:27.863Z [WARN] URL unreachable after repair attempts: https://petawawa.ca/town-hall/employment-opportunities
2026-07-13T09:04:17.001Z [WARN] URL unreachable after repair attempts: https://plummertownship.ca/township-office/employment-opportunities
2026-07-13T09:05:33.901Z [WARN] URL unreachable after repair attempts: https://puslinch.ca/doing-business/careers
2026-07-13T09:07:16.446Z [WARN] URL unreachable after repair attempts: https://rainyriverfirstnations.com/careers
2026-07-13T09:09:22.489Z [WARN] URL unreachable after repair attempts: https://redrocktownship.com/community/employment-opportunities
2026-07-13T09:11:05.405Z [WARN] URL unreachable after repair attempts: https://saultstemarie.ca/live/fire-services/firefighter-recruitment
2026-07-13T09:13:40.053Z [WARN] URL unreachable after repair attempts: https://sheguiandahfn.ca/employment
2026-07-13T09:15:23.401Z [WARN] URL unreachable after repair attempts: https://smoothrockfalls.ca/living/employment
2026-07-13T09:16:19.724Z [WARN] URL unreachable after repair attempts: https://southriver.ca/en/recreational-visitors/volunteer-opportunities
2026-07-13T09:18:00.277Z [WARN] URL unreachable after repair attempts: https://stjosephtownship.com/jobs
2026-07-13T09:19:07.322Z [WARN] URL unreachable after repair attempts: https://temagamifirstnation.ca/employment
2026-07-13T09:20:53.837Z [WARN] URL unreachable after repair attempts: https://town.petrolia.on.ca/town-hall/employment
2026-07-13T09:22:38.919Z [WARN] URL unreachable after repair attempts: https://townshipofthenorthshore.ca/governing/employment
2026-07-13T09:24:27.389Z [WARN] URL unreachable after repair attempts: https://wabaseemoong.ca/news/job-opportunities
2026-07-13T09:26:09.597Z [WARN] URL unreachable after repair attempts: https://wasauksing.ca/employment-opportunities
2026-07-13T09:28:02.635Z [WARN] URL unreachable after repair attempts: https://www.aamjiwnaang.ca/employment-opportunities-4
2026-07-13T09:30:28.326Z [WARN] URL unreachable after repair attempts: https://www.centralfrontenac.com/township-office/employment-and-volunteering
2026-07-13T09:31:05.693Z [WARN] URL unreachable after repair attempts: https://www.dnetownship.ca/township-services/employment
2026-07-13T09:32:06.410Z [WARN] URL unreachable after repair attempts: https://www.dufferincounty.ca/dufferin-county-procurement
2026-07-13T09:34:02.646Z [WARN] URL unreachable after repair attempts: https://www.elgincounty.ca/living-here/careers
2026-07-13T09:34:32.104Z [WARN] URL unreachable after repair attempts: https://www.fauquierstrickland.com/avis/summer-student-employment-opportunity
2026-07-13T09:34:35.633Z [WARN] URL unreachable after repair attempts: https://www.frenchriver.ca/p/employment-opportunities-
2026-07-13T09:36:16.470Z [WARN] URL unreachable after repair attempts: https://www.frontenaccounty.ca/government/careers
2026-07-13T09:37:59.565Z [WARN] URL unreachable after repair attempts: https://www.gardenriver.org/site/category/employment
2026-07-13T09:40:10.412Z [WARN] URL unreachable after repair attempts: https://www.greatersudbury.ca/city-hall/jobs-at-the-city
2026-07-13T09:40:17.892Z [WARN] URL repaired: https://www.haltonhills.ca/en/your-government/careers.aspx -> https://www.haltonhills.ca/town-hall/get-involved/careers
2026-07-13T09:43:06.897Z [WARN] URL unreachable after repair attempts: https://www.hiawathafirstnation.com/services-departments/employment
2026-07-13T09:45:10.524Z [WARN] URL unreachable after repair attempts: https://www.huroncounty.ca/jobs
2026-07-13T09:45:18.371Z [WARN] URL unreachable after repair attempts: https://www.ignace.ca/residents/community/volunteer-opportunities
2026-07-13T09:47:15.736Z [WARN] URL unreachable after repair attempts: https://www.lakeofthewoods.ca/2026/06/09/intern-clerk-treasurer
2026-07-13T09:47:38.444Z [WARN] URL unreachable after repair attempts: https://www.lambtononline.ca/en/resident-services/employment-services.aspx
2026-07-13T09:49:33.055Z [WARN] URL unreachable after repair attempts: https://www.latchford.ca/employment-opportunity
2026-07-13T09:49:40.887Z [WARN] URL repaired: https://www.lincoln.ca/careers-volunteering-0 -> http://www.lincoln.ca/careers-volunteering-0
2026-07-13T09:51:33.088Z [WARN] URL unreachable after repair attempts: https://www.magfn.com/careers
2026-07-13T09:53:45.280Z [WARN] URL unreachable after repair attempts: https://www.mississauga.ca/our-organization/jobs-and-volunteer
2026-07-13T09:53:50.121Z [WARN] URL unreachable after repair attempts: https://www.montaguetownship.ca/government/media-centre/employment-opportunities
2026-07-13T09:54:11.263Z [WARN] URL unreachable after repair attempts: https://www.muskoka.on.ca/en/careers-and-volunteering/careers-and-volunteering-directory.aspx
2026-07-13T09:54:22.546Z [WARN] URL unreachable after repair attempts: https://www.nipigon.net/invest-grow/business-development/employment-opportunities
2026-07-13T09:56:08.598Z [WARN] URL unreachable after repair attempts: https://www.northfrontenac.com/township-services/careers-and-volunteering
2026-07-13T09:58:22.354Z [WARN] URL unreachable after repair attempts: https://www.northgrenville.ca/careers
2026-07-13T10:00:14.236Z [WARN] URL unreachable after repair attempts: https://www.oakville.ca/town-hall/careers
2026-07-13T10:02:26.912Z [WARN] URL unreachable after repair attempts: https://www.oconnortownship.ca/careers
2026-07-13T10:03:16.168Z [WARN] URL unreachable after repair attempts: https://www.rideaulakes.ca/town-hall/services/employment-opportunities
2026-07-13T10:05:01.853Z [WARN] URL unreachable after repair attempts: https://www.sables-spanish.ca/employment-opportunities
2026-07-13T10:06:53.654Z [WARN] URL unreachable after repair attempts: https://www.shibogama.on.ca/jobs
2026-07-13T10:08:23.388Z [WARN] URL unreachable after repair attempts: https://www.sixnations.ca/careers
2026-07-13T10:10:42.918Z [WARN] URL unreachable after repair attempts: https://www.toronto.ca/community-people/employment-social-support
2026-07-13T10:12:44.276Z [WARN] URL unreachable after repair attempts: https://www.wiikwemkoong.ca/employment-opportunities-for-college-university-students
2026-07-13T10:12:50.255Z [WARN] Email send failed: Error: Invalid login: 535 5.7.8 Authentication failed
2026-07-13T10:12:52.933Z [INFO] Google Sheets sync complete: updated=1633 inserted=82
2026-07-13T10:12:52.939Z [INFO] total_orgs_in_csv=583
2026-07-13T10:12:52.939Z [INFO] eligible_orgs_count=458
2026-07-13T10:12:52.940Z [INFO] unique_jobs_url_groups_count=447
2026-07-13T10:12:52.940Z [INFO] jobs_url_group_max_size=4
2026-07-13T10:12:52.940Z [INFO] groups_scraped_count=370
2026-07-13T10:12:52.940Z [INFO] groups_skipped_unreachable_count=77
2026-07-13T10:12:52.940Z [INFO] orgs_skipped_low_confidence_count=125
2026-07-13T10:12:52.940Z [INFO] url_repair_attempted_count=447
2026-07-13T10:12:52.940Z [INFO] url_repair_success_count=8
2026-07-13T10:12:52.940Z [INFO] extra_attribution_associations_count=9
2026-07-13T10:12:52.941Z [INFO] new_postings_count=82
2026-07-13T10:12:52.941Z [INFO] email_sent=false
2026-07-13T10:12:52.963Z === Weekly run finished 2026-07-13T10:12:52.963Z ===
