2026-03-16T08:10:23.102Z === Weekly run started 2026-03-16T08:10:23.102Z ===
2026-03-16T08:10:23.158Z [INFO] run_id=6
2026-03-16T08:10:23.158Z [INFO] eligible_orgs=481
2026-03-16T08:10:23.158Z [INFO] unique_jobs_url_groups=471
2026-03-16T08:11:51.989Z [WARN] URL unreachable after repair attempts: http://nalgonawil.com/opportunities-tenders
2026-03-16T08:11:55.634Z [WARN] URL repaired: http://www.bayham.on.ca/municipal-office/career-opportunities -> https://www.bayham.on.ca/municipal-office/career-opportunities
2026-03-16T08:13:57.213Z [WARN] URL unreachable after repair attempts: http://www.bnafn.ca/employment-opportunities
2026-03-16T08:13:58.373Z [WARN] URL repaired: http://www.hbmtwp.ca/township-services/careers-and-volunteering -> https://www.hbmtwp.ca/township-services/careers-and-volunteering
2026-03-16T08:14:00.471Z [WARN] URL repaired: http://www.kapuskasing.ca/council-administration/employment-opportunities -> https://www.kapuskasing.ca/council-administration/employment-opportunities
2026-03-16T08:14:06.223Z [WARN] URL repaired: http://www.stirling-rawdon.com/business-development/careers -> https://www.stirling-rawdon.com/business-development/careers
2026-03-16T08:15:05.862Z [WARN] URL unreachable after repair attempts: http://www.twp.beckwith.on.ca/careerrevbusiness.com
2026-03-16T08:17:24.102Z [WARN] URL unreachable after repair attempts: https://adjtos.ca/municipal-government/employment-opportunities
2026-03-16T08:19:13.018Z [WARN] URL unreachable after repair attempts: https://admastonbromley.com/employment-opportunities-tenders
2026-03-16T08:21:30.773Z [WARN] URL unreachable after repair attempts: https://alberton.ca/employment
2026-03-16T08:23:15.007Z [WARN] URL unreachable after repair attempts: https://alderville.ca/employment-opportunities
2026-03-16T08:25:01.634Z [WARN] URL unreachable after repair attempts: https://apitipi.ca/employment
2026-03-16T08:25:11.141Z [WARN] URL unreachable after repair attempts: https://athenstownship.ca/announcement/brockville-and-district-hospital-foundation-volunteer-recruitment
2026-03-16T08:26:52.535Z [WARN] URL unreachable after repair attempts: https://atikamekshenganishnawbek.ca/employment-tenders
2026-03-16T08:28:35.496Z [WARN] URL unreachable after repair attempts: https://augusta.ca/employment-opportunities
2026-03-16T08:28:38.526Z [WARN] URL unreachable after repair attempts: https://aylmer.ca/town-hall/request-for-proposal
2026-03-16T08:30:30.267Z [WARN] URL unreachable after repair attempts: https://batchewana.ca/careers
2026-03-16T08:32:11.977Z [WARN] URL unreachable after repair attempts: https://blrtownship.ca/article/employment
2026-03-16T08:33:53.580Z [WARN] URL unreachable after repair attempts: https://brockville.com/careers
2026-03-16T08:35:37.987Z [WARN] URL unreachable after repair attempts: https://brookealvinston.com/residents/employment-opportunities-2
2026-03-16T08:37:19.458Z [WARN] URL unreachable after repair attempts: https://brucemines.ca/government/employment-opportunities
2026-03-16T08:39:07.160Z [WARN] URL unreachable after repair attempts: https://carling.ca/municipal-information/employment-in-carling
2026-03-16T08:40:51.738Z [WARN] URL unreachable after repair attempts: https://carlowmayo.ca/council/tenders-rfqs-rfps-employment
2026-03-16T08:42:35.036Z [WARN] URL unreachable after repair attempts: https://casey.ca/2025/12/03/job-opportunity-road-superintendent
2026-03-16T08:44:15.392Z [WARN] URL unreachable after repair attempts: https://chapleau.ca/business/resources/employment-volunteer-opportunities
2026-03-16T08:46:07.794Z [WARN] URL unreachable after repair attempts: https://chapleaucree.ca/employment-opportunities
2026-03-16T08:48:06.170Z [WARN] URL unreachable after repair attempts: https://chapple.on.ca/employment
2026-03-16T08:49:23.848Z [WARN] URL unreachable after repair attempts: https://chatsworth.ca/government/employment-opportunities
2026-03-16T08:51:06.120Z [WARN] URL unreachable after repair attempts: https://cobalt.ca/residents/municipal-services/employment-opportunities
2026-03-16T08:52:47.656Z [WARN] URL unreachable after repair attempts: https://cochraneontario.com/living/employment-opportunities
2026-03-16T08:54:34.540Z [WARN] URL unreachable after repair attempts: https://constancelake.ca/work-for-us
2026-03-16T09:01:14.542Z [WARN] URL unreachable after repair attempts: https://cottfn.com/departments/employment-and-training
2026-03-16T09:02:59.937Z [WARN] URL unreachable after repair attempts: https://dokis.ca/employment-services
2026-03-16T09:03:10.256Z [WARN] URL unreachable after repair attempts: https://dubreuilville.ca/en/business/tenders-request-for-proposals-employment-opportunities
2026-03-16T09:05:15.909Z [WARN] URL unreachable after repair attempts: https://eaglelakefn.ca/employment
2026-03-16T09:06:57.722Z [WARN] URL unreachable after repair attempts: https://ear-falls.com/business/employment
2026-03-16T09:08:39.318Z [WARN] URL unreachable after repair attempts: https://echobay.ca/firefighter-recruitment
2026-03-16T09:11:20.410Z [WARN] URL unreachable after repair attempts: https://emo.ca/tenders-careers
2026-03-16T09:13:03.797Z [WARN] URL unreachable after repair attempts: https://faraday.ca/council/tenders-employment
2026-03-16T09:14:53.011Z [WARN] URL unreachable after repair attempts: https://fwfn.com/employment
2026-03-16T09:16:34.880Z [WARN] URL unreachable after repair attempts: https://guelph.ca/employment-careers/careers-jobs
2026-03-16T09:18:18.498Z [WARN] URL unreachable after repair attempts: https://hudson.ca/2025/12/03/job-opportunity-equipment-operator-full-time-position
2026-03-16T09:22:30.049Z [WARN] URL unreachable after repair attempts: https://huronshores.ca/business/employment
2026-03-16T09:24:16.015Z [WARN] URL unreachable after repair attempts: https://jocelyn.ca/employment-opportunities
2026-03-16T09:25:59.786Z [WARN] URL unreachable after repair attempts: https://johnsontownship.ca/2026/01/job-opportunity-with-nivo
2026-03-16T09:27:42.054Z [WARN] URL unreachable after repair attempts: https://kettlepoint.org/four-winds-community-employment-services
2026-03-16T09:29:24.708Z [WARN] URL unreachable after repair attempts: https://lacseulfn.org/careers
2026-03-16T09:31:09.371Z [WARN] URL unreachable after repair attempts: https://lennox-addington.on.ca/careers
2026-03-16T09:32:52.571Z [WARN] URL unreachable after repair attempts: https://limerick.ca/businesses-government/job-opportunities
2026-03-16T09:34:36.429Z [WARN] URL unreachable after repair attempts: https://madoc.ca/council/employment
2026-03-16T09:34:38.736Z [WARN] URL repaired: https://mapleton.ca/services/employment -> https://www.mapleton.ca/administration-and-town-hall/employment
2026-03-16T09:36:26.134Z [WARN] URL unreachable after repair attempts: https://markstay-warren.ca/opportunities/employment-opportunities
2026-03-16T09:38:25.688Z [WARN] URL unreachable after repair attempts: https://mchigeeng.ca/employment
2026-03-16T09:40:10.715Z [WARN] URL unreachable after repair attempts: https://melancthontownship.ca/municipal-services/employment-opportunity
2026-03-16T09:44:34.555Z [WARN] URL unreachable after repair attempts: https://michipicoten.com/aboriginal-job-opportunities
2026-03-16T09:46:23.650Z [WARN] URL unreachable after repair attempts: https://mishkeegogamang.ca/services/education
2026-03-16T09:48:16.058Z [WARN] URL unreachable after repair attempts: https://mitaanjigamiing.ca/jobs
2026-03-16T09:49:59.374Z [WARN] URL unreachable after repair attempts: https://mncfn.ca/departments/employment-training-2
2026-03-16T09:50:02.487Z [WARN] URL repaired: https://myavanti.ca/WorkAtWelland -> https://welland.myavanti.ca/careers
2026-03-16T09:52:05.191Z [WARN] URL unreachable after repair attempts: https://naicatcheweninfirstnation.ca/employment
2026-03-16T09:53:51.699Z [WARN] URL unreachable after repair attempts: https://nairncentre.ca/municipal-services/job-opportunities
2026-03-16T09:55:33.387Z [WARN] URL unreachable after repair attempts: https://neskantaga.com/employment
2026-03-16T09:57:15.201Z [WARN] URL unreachable after repair attempts: https://nfn.ca/jobs
2026-03-16T09:58:34.980Z [WARN] URL unreachable after repair attempts: https://nigigoonsiminikaaning.ca/category/employment
2026-03-16T10:00:52.102Z [WARN] URL unreachable after repair attempts: https://nipissingtownship.com/municipal-departments/meet-the-employees
2026-03-16T10:02:36.272Z [WARN] URL unreachable after repair attempts: https://northumberland.ca/county-government/careers
2026-03-16T10:04:20.531Z [WARN] URL unreachable after repair attempts: https://oneida.on.ca/employment/job-listings
2026-03-16T10:06:12.052Z [WARN] URL unreachable after repair attempts: https://petawawa.ca/town-hall/employment-opportunities
2026-03-16T10:07:59.948Z [WARN] URL unreachable after repair attempts: https://plummertownship.ca/township-office/employment-opportunities
2026-03-16T10:09:45.631Z [WARN] URL unreachable after repair attempts: https://ppfn.ca/event/now-hiring-census-jobs
2026-03-16T10:11:27.278Z [WARN] URL unreachable after repair attempts: https://puslinch.ca/doing-business/careers
2026-03-16T10:13:09.181Z [WARN] URL unreachable after repair attempts: https://rainyriverfirstnations.com/careers
2026-03-16T10:15:03.993Z [WARN] URL unreachable after repair attempts: https://redrocktownship.com/community/employment-opportunities
2026-03-16T10:18:49.522Z [WARN] URL unreachable after repair attempts: https://saugeenfirstnation.com/employment-opportunities
2026-03-16T10:20:31.356Z [WARN] URL unreachable after repair attempts: https://saultstemarie.ca/live/fire-services/firefighter-recruitment
2026-03-16T10:22:36.055Z [WARN] URL unreachable after repair attempts: https://serpentriverfn.com/employment-opportunites/job_postings
2026-03-16T10:25:36.117Z [WARN] URL unreachable after repair attempts: https://shawanagafirstnation.ca/employment
2026-03-16T10:29:43.351Z [WARN] URL unreachable after repair attempts: https://sheguiandahfn.ca/employment
2026-03-16T10:31:28.037Z [WARN] URL unreachable after repair attempts: https://shoallake40.ca/economic-development
2026-03-16T10:33:10.652Z [WARN] URL unreachable after repair attempts: https://smoothrockfalls.ca/living/employment
2026-03-16T10:34:52.196Z [WARN] URL unreachable after repair attempts: https://stjosephtownship.com/jobs
2026-03-16T10:36:37.348Z [WARN] URL unreachable after repair attempts: https://taykwatagamou.com/about/careers
2026-03-16T10:38:19.190Z [WARN] URL unreachable after repair attempts: https://temagamifirstnation.ca/employment
2026-03-16T10:40:25.063Z [WARN] URL unreachable after repair attempts: https://thessalon.ca/council-and-government/employment-opportunities
2026-03-16T10:42:07.523Z [WARN] URL unreachable after repair attempts: https://town.petrolia.on.ca/town-hall/employment
2026-03-16T10:43:59.717Z [WARN] URL unreachable after repair attempts: https://townshipofhilliard.ca/municipal-government/rfqs-and-rfps
2026-03-16T10:45:43.938Z [WARN] URL unreachable after repair attempts: https://townshipofperry.ca/employment-opportunities
2026-03-16T10:47:25.838Z [WARN] URL unreachable after repair attempts: https://townshipofthenorthshore.ca/governing/employment
2026-03-16T10:49:18.495Z [WARN] URL unreachable after repair attempts: https://tudorandcashel.com/council/tenders-rfqs-rfps-employment
2026-03-16T10:51:00.551Z [WARN] URL unreachable after repair attempts: https://tyendinagatownship.com/recreation-complex-sponsorship-advertising-opportunities
2026-03-16T10:55:18.337Z [WARN] URL unreachable after repair attempts: https://valharty.ca/municipality/careers
2026-03-16T10:57:02.205Z [WARN] URL unreachable after repair attempts: https://wabaseemoong.ca/news/job-opportunities
2026-03-16T10:58:46.328Z [WARN] URL unreachable after repair attempts: https://wasauksing.ca/employment-opportunities
2026-03-16T11:00:30.197Z [WARN] URL unreachable after repair attempts: https://wollaston.ca/township-hall/employment-opportunities
2026-03-16T11:02:24.465Z [WARN] URL unreachable after repair attempts: https://www.aamjiwnaang.ca/employment-opportunities-4
2026-03-16T11:04:30.691Z [WARN] URL unreachable after repair attempts: https://www.akrc.on.ca/category/employment
2026-03-16T11:04:35.074Z [WARN] URL repaired: https://www.algonquinsofpikwakanagan.com/programs-services/human-resources/job-opportunities -> https://www.algonquinsofpikwakanagan.com/programs-services/human-resources/career-opportunities
2026-03-16T11:05:47.632Z [WARN] URL unreachable after repair attempts: https://www.dnetownship.ca/township-services/employment
2026-03-16T11:07:30.746Z [WARN] URL unreachable after repair attempts: https://www.dufferincounty.ca/dufferin-county-procurement
2026-03-16T11:09:36.300Z [WARN] URL unreachable after repair attempts: https://www.elgincounty.ca/living-here/careers
2026-03-16T11:09:43.725Z [WARN] URL unreachable after repair attempts: https://www.enniskillen.ca/public-works-operator-job-posting
2026-03-16T11:10:06.620Z [WARN] URL unreachable after repair attempts: https://www.fauquierstrickland.com/avis/employment-opportunity-administrative-clerk-1
2026-03-16T11:11:03.468Z [WARN] URL repaired: https://www.frontenaccounty.ca/government/careers -> https://www.frontenaccounty.ca/
2026-03-16T11:13:01.322Z [WARN] URL unreachable after repair attempts: https://www.ginoogamingfn.ca/jobs
2026-03-16T11:13:07.665Z [WARN] URL unreachable after repair attempts: https://www.gordonbarrieisland.ca/jobs
2026-03-16T11:14:58.678Z [WARN] URL unreachable after repair attempts: https://www.greatersudbury.ca/live/long-term-care-pioneer-manor/careers-at-pioneer-manor
2026-03-16T11:17:40.242Z [WARN] URL unreachable after repair attempts: https://www.hearst.ca/en/residents/foyer-des-pionniers/employment-opportunities
2026-03-16T11:19:56.762Z [WARN] URL unreachable after repair attempts: https://www.hiawathafirstnation.com/services-departments/employment
2026-03-16T11:21:51.878Z [WARN] URL unreachable after repair attempts: https://www.hiltontownship.ca/job-postings
2026-03-16T11:23:51.359Z [WARN] URL unreachable after repair attempts: https://www.huroncounty.ca/jobs
2026-03-16T11:23:57.126Z [WARN] URL unreachable after repair attempts: https://www.ignace.ca/residents/community/volunteer-opportunities
2026-03-16T11:25:52.250Z [WARN] URL unreachable after repair attempts: https://www.lakeofthewoods.ca/2026/01/08/4053
2026-03-16T11:26:08.288Z [WARN] URL unreachable after repair attempts: https://www.lambtononline.ca/en/resident-services/employment-services.aspx
2026-03-16T11:27:59.730Z [WARN] URL unreachable after repair attempts: https://www.larderlake.ca/municipal-services/careers
2026-03-16T11:29:49.889Z [WARN] URL unreachable after repair attempts: https://www.latchford.ca/employment-opportunity
2026-03-16T11:31:48.714Z [WARN] URL unreachable after repair attempts: https://www.manitouwadge.ca/residents/job-bank
2026-03-16T11:34:57.509Z [WARN] URL unreachable after repair attempts: https://www.matachewanfirstnation.com/job-posting-alamos-tech
2026-03-16T11:35:05.507Z [WARN] URL unreachable after repair attempts: https://www.merrickville-wolford.ca/residents/news-public-notices/public-notices/summer-employment-recruitment-blockhouse-museum-supervisor
2026-03-16T11:36:54.443Z [WARN] URL unreachable after repair attempts: https://www.mississauga.ca/our-organization/jobs-and-volunteer
2026-03-16T11:36:59.010Z [WARN] URL unreachable after repair attempts: https://www.montaguetownship.ca/government/media-centre/employment-opportunities
2026-03-16T11:37:02.368Z [WARN] URL unreachable after repair attempts: https://www.municipalityofkillarney.ca/municipal-services/job-opportunities
2026-03-16T11:37:20.210Z [WARN] URL unreachable after repair attempts: https://www.muskoka.on.ca/en/careers-and-volunteering/careers-and-volunteering-directory.aspx
2026-03-16T11:40:51.821Z [WARN] URL unreachable after repair attempts: https://www.nawash.ca/employment
2026-03-16T11:40:59.615Z [WARN] URL unreachable after repair attempts: https://www.nipigon.net/invest-grow/business-development/employment-opportunities
2026-03-16T11:42:58.125Z [WARN] URL unreachable after repair attempts: https://www.oakville.ca/town-hall/careers
2026-03-16T11:44:45.504Z [WARN] URL unreachable after repair attempts: https://www.oconnortownship.ca/careers
2026-03-16T11:45:20.148Z [WARN] URL unreachable after repair attempts: https://www.rideaulakes.ca/town-hall/services/employment-opportunities
2026-03-16T11:47:11.204Z [WARN] URL unreachable after repair attempts: https://www.sables-spanish.ca/employment-opportunities
2026-03-16T11:49:02.567Z [WARN] URL unreachable after repair attempts: https://www.shibogama.on.ca/jobs
2026-03-16T11:50:47.550Z [WARN] URL unreachable after repair attempts: https://www.shuniah.org/documents/employment
2026-03-16T11:52:31.183Z [WARN] URL unreachable after repair attempts: https://www.sixnations.ca/careers
2026-03-16T11:54:14.518Z [WARN] URL unreachable after repair attempts: https://www.southalgonquin.ca/article/employment
2026-03-16T11:56:08.076Z [WARN] URL unreachable after repair attempts: https://www.stclairtownship.ca/residents/general-information/employment-opportunities
2026-03-16T11:59:39.850Z [WARN] URL unreachable after repair attempts: https://www.terracebay.ca/living-here/community/employment-opportunities
2026-03-16T12:01:27.313Z [WARN] URL unreachable after repair attempts: https://www.thecounty.ca/residents/employment
2026-03-16T12:03:15.312Z [WARN] URL unreachable after repair attempts: https://www.toronto.ca/community-people/employment-social-support
2026-03-16T12:05:22.884Z [WARN] URL unreachable after repair attempts: https://www.wabuntribalcouncil.ca/careers
2026-03-16T12:07:32.191Z [WARN] URL unreachable after repair attempts: https://www.wiikwemkoong.ca/employment
2026-03-16T12:07:39.798Z [WARN] URL unreachable after repair attempts: javascript:void(0);
2026-03-16T12:07:40.138Z [WARN] Email send failed: Error: Invalid login: 535 5.7.8 Authentication failed
2026-03-16T12:07:42.343Z [INFO] Google Sheets sync complete: updated=2142 inserted=112
2026-03-16T12:07:42.348Z [INFO] total_orgs_in_csv=582
2026-03-16T12:07:42.348Z [INFO] eligible_orgs_count=481
2026-03-16T12:07:42.349Z [INFO] unique_jobs_url_groups_count=471
2026-03-16T12:07:42.349Z [INFO] jobs_url_group_max_size=4
2026-03-16T12:07:42.349Z [INFO] groups_scraped_count=340
2026-03-16T12:07:42.349Z [INFO] groups_skipped_unreachable_count=131
2026-03-16T12:07:42.349Z [INFO] orgs_skipped_low_confidence_count=101
2026-03-16T12:07:42.349Z [INFO] url_repair_attempted_count=471
2026-03-16T12:07:42.350Z [INFO] url_repair_success_count=8
2026-03-16T12:07:42.350Z [INFO] extra_attribution_associations_count=14
2026-03-16T12:07:42.350Z [INFO] new_postings_count=113
2026-03-16T12:07:42.350Z [INFO] email_sent=false
2026-03-16T12:07:42.400Z === Weekly run finished 2026-03-16T12:07:42.400Z ===
